2024-12-16 07:11:55,646 INFO     Namespace(directory='CHILDES/pretraining_sixtyfourth_1/', add_eos=False, batch_size=10, shuffle=False, architecture='LSTM', n_embd=32, n_positions=256, n_head=12, n_layer=2, dropout=0.1, pretrained_name='weights/meta_lm_hidden64_wes_LITTLENEST_0', pretrained_vocab_size=15, n_epochs=25, eval_every=100, weight_decay=0.01, learning_rate=0.01, lr_scheduler_type='cosine', warmup_proportion=0.06, patience=None, lr_decay_patience=None, model_name='bestparams_adapt_hidden64_wes_LITTLENEST_final_0', model_index=None, weight_dir='weights/', log_dir='logs/', eval=False, eval_generate=False, eval_zorro=False, eval_recursion=False, eval_priming=False, eval_scamp_plausible=False, eval_scamp_implausible=False, eval_blimp=False, eval_test=False, eval_suffix=None)
2024-12-16 07:12:05,978 INFO     Vocab size: 17406
2024-12-16 07:12:07,617 INFO     Model size: 0.0M parameters
2024-12-16 07:12:08,142 INFO     Loading model checkpoint from weights/meta_lm_hidden64_wes_LITTLENEST_0
2024-12-16 07:12:13,258 INFO     Validation loss: 15.032569244015496
2024-12-16 07:12:13,258 INFO     Validation perplexity: 3377239.5885742554
2024-12-16 07:12:13,258 INFO     Saving model checkpoint to weights/
2024-12-16 07:12:13,262 INFO     Training step 0 out of 3075; Epoch 0; Learning rate: 0.0
2024-12-16 07:12:19,379 INFO     Validation loss: 8.78859264773679
2024-12-16 07:12:19,380 INFO     Validation perplexity: 6558.994860652007
2024-12-16 07:12:19,380 INFO     Saving model checkpoint to weights/
2024-12-16 07:12:19,385 INFO     Training step 100 out of 3075; Epoch 0; Learning rate: 0.005405405405405406
2024-12-16 07:12:25,427 INFO     Validation loss: 7.206340440896096
2024-12-16 07:12:25,427 INFO     Validation perplexity: 1347.950326338598
2024-12-16 07:12:25,427 INFO     Saving model checkpoint to weights/
2024-12-16 07:12:25,432 INFO     Training step 200 out of 3075; Epoch 1; Learning rate: 0.009999335313337923
2024-12-16 07:12:31,511 INFO     Validation loss: 7.105340532003397
2024-12-16 07:12:31,511 INFO     Validation perplexity: 1218.4569376770573
2024-12-16 07:12:31,511 INFO     Saving model checkpoint to weights/
2024-12-16 07:12:31,516 INFO     Training step 300 out of 3075; Epoch 2; Learning rate: 0.009960981184243902
2024-12-16 07:12:37,648 INFO     Validation loss: 7.021959014546289
2024-12-16 07:12:37,648 INFO     Validation perplexity: 1120.9804852123614
2024-12-16 07:12:37,648 INFO     Saving model checkpoint to weights/
2024-12-16 07:12:37,653 INFO     Training step 400 out of 3075; Epoch 3; Learning rate: 0.00986406127548582
2024-12-16 07:12:43,709 INFO     Validation loss: 6.900387797399807
2024-12-16 07:12:43,709 INFO     Validation perplexity: 992.6595917817986
2024-12-16 07:12:43,709 INFO     Saving model checkpoint to weights/
2024-12-16 07:12:43,715 INFO     Training step 500 out of 3075; Epoch 4; Learning rate: 0.009709719753874758
2024-12-16 07:12:49,775 INFO     Validation loss: 6.828612504968112
2024-12-16 07:12:49,775 INFO     Validation perplexity: 923.9080049735151
2024-12-16 07:12:49,775 INFO     Saving model checkpoint to weights/
2024-12-16 07:12:49,780 INFO     Training step 600 out of 3075; Epoch 4; Learning rate: 0.009499778664528802
2024-12-16 07:12:55,875 INFO     Validation loss: 6.783888693863052
2024-12-16 07:12:55,875 INFO     Validation perplexity: 883.4977047612474
2024-12-16 07:12:55,875 INFO     Saving model checkpoint to weights/
2024-12-16 07:12:55,880 INFO     Training step 700 out of 3075; Epoch 5; Learning rate: 0.009236716421117433
2024-12-16 07:13:01,924 INFO     Validation loss: 6.678767561488704
2024-12-16 07:13:01,925 INFO     Validation perplexity: 795.3383021930216
2024-12-16 07:13:01,925 INFO     Saving model checkpoint to weights/
2024-12-16 07:13:01,930 INFO     Training step 800 out of 3075; Epoch 6; Learning rate: 0.008923638547490351
2024-12-16 07:13:07,981 INFO     Validation loss: 6.678424616016108
2024-12-16 07:13:07,982 INFO     Validation perplexity: 795.0655912882602
2024-12-16 07:13:07,982 INFO     Saving model checkpoint to weights/
2024-12-16 07:13:07,987 INFO     Training step 900 out of 3075; Epoch 7; Learning rate: 0.008564241016094045
2024-12-16 07:13:14,039 INFO     Validation loss: 6.599387020689615
2024-12-16 07:13:14,039 INFO     Validation perplexity: 734.644729175259
2024-12-16 07:13:14,039 INFO     Saving model checkpoint to weights/
2024-12-16 07:13:14,044 INFO     Training step 1000 out of 3075; Epoch 8; Learning rate: 0.008162766615976463
2024-12-16 07:13:20,116 INFO     Validation loss: 6.596660703248963
2024-12-16 07:13:20,116 INFO     Validation perplexity: 732.6445821941171
2024-12-16 07:13:20,116 INFO     Saving model checkpoint to weights/
2024-12-16 07:13:20,121 INFO     Training step 1100 out of 3075; Epoch 8; Learning rate: 0.007723954865467706
2024-12-16 07:13:26,197 INFO     Validation loss: 6.5770119646351155
2024-12-16 07:13:26,197 INFO     Validation perplexity: 718.3895456657629
2024-12-16 07:13:26,197 INFO     Saving model checkpoint to weights/
2024-12-16 07:13:26,202 INFO     Training step 1200 out of 3075; Epoch 9; Learning rate: 0.007252986060831738
2024-12-16 07:13:32,204 INFO     Validation loss: 6.556962412039481
2024-12-16 07:13:32,204 INFO     Validation perplexity: 704.1295872658163
2024-12-16 07:13:32,204 INFO     Saving model checkpoint to weights/
2024-12-16 07:13:32,209 INFO     Training step 1300 out of 3075; Epoch 10; Learning rate: 0.006755420121410429
2024-12-16 07:13:38,322 INFO     Validation loss: 6.5770101427234735
2024-12-16 07:13:38,322 INFO     Validation perplexity: 718.3882368246784
2024-12-16 07:13:38,322 INFO     Training step 1400 out of 3075; Epoch 11; Learning rate: 0.006237130953210327
2024-12-16 07:13:44,354 INFO     Validation loss: 6.5231800796451065
2024-12-16 07:13:44,354 INFO     Validation perplexity: 680.7397534902249
2024-12-16 07:13:44,354 INFO     Saving model checkpoint to weights/
2024-12-16 07:13:44,359 INFO     Training step 1500 out of 3075; Epoch 12; Learning rate: 0.005704237105788417
2024-12-16 07:13:50,446 INFO     Validation loss: 6.537968138675128
2024-12-16 07:13:50,447 INFO     Validation perplexity: 690.8813757843494
2024-12-16 07:13:50,447 INFO     Training step 1600 out of 3075; Epoch 13; Learning rate: 0.005163029541051906
2024-12-16 07:13:56,444 INFO     Validation loss: 6.531395803566455
2024-12-16 07:13:56,444 INFO     Validation perplexity: 686.3555607401677
2024-12-16 07:13:56,444 INFO     Training step 1700 out of 3075; Epoch 13; Learning rate: 0.004619897366681658
2024-12-16 07:14:02,512 INFO     Validation loss: 6.534078154272803
2024-12-16 07:14:02,512 INFO     Validation perplexity: 688.1990784384816
2024-12-16 07:14:02,513 INFO     Training step 1800 out of 3075; Epoch 14; Learning rate: 0.004081252410917148
2024-12-16 07:14:08,555 INFO     Validation loss: 6.528359704579841
2024-12-16 07:14:08,555 INFO     Validation perplexity: 684.2748774961851
2024-12-16 07:14:08,555 INFO     Training step 1900 out of 3075; Epoch 15; Learning rate: 0.003553453529118813
2024-12-16 07:14:14,628 INFO     Validation loss: 6.536905865435981
2024-12-16 07:14:14,628 INFO     Validation perplexity: 690.1478606531522
2024-12-16 07:14:14,628 INFO     Training step 2000 out of 3075; Epoch 16; Learning rate: 0.003042731535690166
2024-12-16 07:14:20,633 INFO     Validation loss: 6.543059714580734
2024-12-16 07:14:20,633 INFO     Validation perplexity: 694.408021223629
2024-12-16 07:14:20,633 INFO     Training step 2100 out of 3075; Epoch 17; Learning rate: 0.002555115647559445
2024-12-16 07:14:26,693 INFO     Validation loss: 6.525417248543245
2024-12-16 07:14:26,693 INFO     Validation perplexity: 682.2643880911245
2024-12-16 07:14:26,693 INFO     Training step 2200 out of 3075; Epoch 17; Learning rate: 0.002096362307576237
2024-12-16 07:14:32,739 INFO     Validation loss: 6.517374672113324
2024-12-16 07:14:32,739 INFO     Validation perplexity: 676.7992310347
2024-12-16 07:14:32,739 INFO     Saving model checkpoint to weights/
2024-12-16 07:14:32,744 INFO     Training step 2300 out of 3075; Epoch 18; Learning rate: 0.0016718872280828778
2024-12-16 07:14:38,806 INFO     Validation loss: 6.5052392390962135
2024-12-16 07:14:38,807 INFO     Validation perplexity: 668.6356140011734
2024-12-16 07:14:38,807 INFO     Saving model checkpoint to weights/
2024-12-16 07:14:38,812 INFO     Training step 2400 out of 3075; Epoch 19; Learning rate: 0.0012867014569054385
2024-12-16 07:14:44,875 INFO     Validation loss: 6.539414277952997
2024-12-16 07:14:44,875 INFO     Validation perplexity: 691.8812092531975
2024-12-16 07:14:44,875 INFO     Training step 2500 out of 3075; Epoch 20; Learning rate: 0.0009453522205232612
2024-12-16 07:14:50,929 INFO     Validation loss: 6.52824748374357
2024-12-16 07:14:50,929 INFO     Validation perplexity: 684.1980919057456
2024-12-16 07:14:50,929 INFO     Training step 2600 out of 3075; Epoch 21; Learning rate: 0.0006518692427800765
2024-12-16 07:14:56,995 INFO     Validation loss: 6.512761110873268
2024-12-16 07:14:56,995 INFO     Validation perplexity: 673.68396808897
2024-12-16 07:14:56,995 INFO     Training step 2700 out of 3075; Epoch 21; Learning rate: 0.00040971717285944955
2024-12-16 07:15:03,065 INFO     Validation loss: 6.5168353133453305
2024-12-16 07:15:03,065 INFO     Validation perplexity: 676.4342918606885
2024-12-16 07:15:03,065 INFO     Training step 2800 out of 3075; Epoch 22; Learning rate: 0.000221754684125674
2024-12-16 07:15:09,098 INFO     Validation loss: 6.52087317032099
2024-12-16 07:15:09,098 INFO     Validation perplexity: 679.1711586043352
2024-12-16 07:15:09,098 INFO     Training step 2900 out of 3075; Epoch 23; Learning rate: 9.020072667984158e-05
2024-12-16 07:15:15,120 INFO     Validation loss: 6.520944745756459
2024-12-16 07:15:15,120 INFO     Validation perplexity: 679.2197723155235
2024-12-16 07:15:15,120 INFO     Training step 3000 out of 3075; Epoch 24; Learning rate: 1.660833202914158e-05
2024-12-16 07:15:15,895 INFO     Loading model checkpoint from weights/bestparams_adapt_hidden64_wes_LITTLENEST_final_0
2024-12-16 07:15:20,878 INFO     Validation loss: 6.5052392390962135
2024-12-16 07:15:20,878 INFO     Validation perplexity: 668.6356140011734
2024-12-16 07:15:31,595 INFO     Validation (strided) loss: 6.504567995539475
2024-12-16 07:15:31,595 INFO     Validation (strided) perplexity: 668.1869472526472
