2024-12-16 05:12:40,351 INFO     Namespace(directory='CHILDES/pretraining_thirtysecond_0/', add_eos=False, batch_size=10, shuffle=False, architecture='LSTM', n_embd=32, n_positions=256, n_head=12, n_layer=2, dropout=0.4, pretrained_name='weights/meta_lm_hidden64_wes_1', pretrained_vocab_size=15, n_epochs=64, eval_every=100, weight_decay=0.01, learning_rate=0.01, lr_scheduler_type='cosine', warmup_proportion=0.06, patience=None, lr_decay_patience=None, model_name='bestparams_adapt_hidden64_wes_baseline_1_1', model_index=None, weight_dir='weights/', log_dir='logs/', eval=False, eval_generate=False, eval_zorro=False, eval_recursion=False, eval_priming=False, eval_scamp_plausible=False, eval_scamp_implausible=False, eval_blimp=False, eval_test=False, eval_suffix=None)
2024-12-16 05:12:50,886 INFO     Vocab size: 24736
2024-12-16 05:12:52,528 INFO     Model size: 0.0M parameters
2024-12-16 05:12:53,513 INFO     Loading model checkpoint from weights/meta_lm_hidden64_wes_1
2024-12-16 05:12:59,082 INFO     Validation loss: 15.028347735092074
2024-12-16 05:12:59,082 INFO     Validation perplexity: 3363012.592338768
2024-12-16 05:12:59,082 INFO     Saving model checkpoint to weights/
2024-12-16 05:12:59,088 INFO     Training step 0 out of 15808; Epoch 0; Learning rate: 0.0
2024-12-16 05:13:05,825 INFO     Validation loss: 10.496100709933646
2024-12-16 05:13:05,825 INFO     Validation perplexity: 36174.173715785415
2024-12-16 05:13:05,825 INFO     Saving model checkpoint to weights/
2024-12-16 05:13:05,832 INFO     Training step 100 out of 15808; Epoch 0; Learning rate: 0.0010537407797681772
2024-12-16 05:13:12,475 INFO     Validation loss: 9.61193336987171
2024-12-16 05:13:12,475 INFO     Validation perplexity: 14942.030651093413
2024-12-16 05:13:12,475 INFO     Saving model checkpoint to weights/
2024-12-16 05:13:12,482 INFO     Training step 200 out of 15808; Epoch 0; Learning rate: 0.0021074815595363543
2024-12-16 05:13:19,178 INFO     Validation loss: 8.559285163986067
2024-12-16 05:13:19,178 INFO     Validation perplexity: 5214.952004235339
2024-12-16 05:13:19,178 INFO     Saving model checkpoint to weights/
2024-12-16 05:13:19,185 INFO     Training step 300 out of 15808; Epoch 1; Learning rate: 0.0031612223393045315
2024-12-16 05:13:25,778 INFO     Validation loss: 7.435562849682929
2024-12-16 05:13:25,779 INFO     Validation perplexity: 1695.211599833617
2024-12-16 05:13:25,779 INFO     Saving model checkpoint to weights/
2024-12-16 05:13:25,785 INFO     Training step 400 out of 15808; Epoch 1; Learning rate: 0.004214963119072709
2024-12-16 05:13:32,464 INFO     Validation loss: 7.213906260854071
2024-12-16 05:13:32,464 INFO     Validation perplexity: 1358.187352737328
2024-12-16 05:13:32,464 INFO     Saving model checkpoint to weights/
2024-12-16 05:13:32,470 INFO     Training step 500 out of 15808; Epoch 2; Learning rate: 0.005268703898840885
2024-12-16 05:13:39,118 INFO     Validation loss: 7.181476337674276
2024-12-16 05:13:39,119 INFO     Validation perplexity: 1314.847985664196
2024-12-16 05:13:39,119 INFO     Saving model checkpoint to weights/
2024-12-16 05:13:39,125 INFO     Training step 600 out of 15808; Epoch 2; Learning rate: 0.006322444678609063
2024-12-16 05:13:45,802 INFO     Validation loss: 7.131769641724654
2024-12-16 05:13:45,803 INFO     Validation perplexity: 1251.0889883683262
2024-12-16 05:13:45,803 INFO     Saving model checkpoint to weights/
2024-12-16 05:13:45,809 INFO     Training step 700 out of 15808; Epoch 2; Learning rate: 0.007376185458377239
2024-12-16 05:13:52,501 INFO     Validation loss: 7.12095821281608
2024-12-16 05:13:52,501 INFO     Validation perplexity: 1237.6357839357381
2024-12-16 05:13:52,501 INFO     Saving model checkpoint to weights/
2024-12-16 05:13:52,508 INFO     Training step 800 out of 15808; Epoch 3; Learning rate: 0.008429926238145417
2024-12-16 05:13:59,201 INFO     Validation loss: 7.061264677762359
2024-12-16 05:13:59,201 INFO     Validation perplexity: 1165.9187452846586
2024-12-16 05:13:59,202 INFO     Saving model checkpoint to weights/
2024-12-16 05:13:59,208 INFO     Training step 900 out of 15808; Epoch 3; Learning rate: 0.009483667017913594
2024-12-16 05:14:05,890 INFO     Validation loss: 7.030459045652363
2024-12-16 05:14:05,890 INFO     Validation perplexity: 1130.5494649049042
2024-12-16 05:14:05,890 INFO     Saving model checkpoint to weights/
2024-12-16 05:14:05,897 INFO     Training step 1000 out of 15808; Epoch 4; Learning rate: 0.009999709332327564
2024-12-16 05:14:12,525 INFO     Validation loss: 6.955996459889528
2024-12-16 05:14:12,525 INFO     Validation perplexity: 1049.423725771783
2024-12-16 05:14:12,525 INFO     Saving model checkpoint to weights/
2024-12-16 05:14:12,532 INFO     Training step 1100 out of 15808; Epoch 4; Learning rate: 0.009997452128061905
2024-12-16 05:14:19,162 INFO     Validation loss: 6.89082413407078
2024-12-16 05:14:19,162 INFO     Validation perplexity: 983.2113814110706
2024-12-16 05:14:19,163 INFO     Saving model checkpoint to weights/
2024-12-16 05:14:19,169 INFO     Training step 1200 out of 15808; Epoch 4; Learning rate: 0.009992961078749137
2024-12-16 05:14:25,810 INFO     Validation loss: 6.837236656988765
2024-12-16 05:14:25,810 INFO     Validation perplexity: 931.9103853351966
2024-12-16 05:14:25,810 INFO     Saving model checkpoint to weights/
2024-12-16 05:14:25,817 INFO     Training step 1300 out of 15808; Epoch 5; Learning rate: 0.009986238191873872
2024-12-16 05:14:32,426 INFO     Validation loss: 6.773995899044911
2024-12-16 05:14:32,426 INFO     Validation perplexity: 874.8005338401251
2024-12-16 05:14:32,426 INFO     Saving model checkpoint to weights/
2024-12-16 05:14:32,433 INFO     Training step 1400 out of 15808; Epoch 5; Learning rate: 0.009977286472544953
2024-12-16 05:14:39,077 INFO     Validation loss: 6.764875881738366
2024-12-16 05:14:39,077 INFO     Validation perplexity: 866.8586081289034
2024-12-16 05:14:39,077 INFO     Saving model checkpoint to weights/
2024-12-16 05:14:39,084 INFO     Training step 1500 out of 15808; Epoch 6; Learning rate: 0.009966109922152156
2024-12-16 05:14:45,743 INFO     Validation loss: 6.703189287484123
2024-12-16 05:14:45,743 INFO     Validation perplexity: 815.0009570088189
2024-12-16 05:14:45,743 INFO     Saving model checkpoint to weights/
2024-12-16 05:14:45,750 INFO     Training step 1600 out of 15808; Epoch 6; Learning rate: 0.009952713536577607
2024-12-16 05:14:52,401 INFO     Validation loss: 6.676769257909963
2024-12-16 05:14:52,401 INFO     Validation perplexity: 793.7505617395038
2024-12-16 05:14:52,401 INFO     Saving model checkpoint to weights/
2024-12-16 05:14:52,408 INFO     Training step 1700 out of 15808; Epoch 6; Learning rate: 0.009937103303962618
2024-12-16 05:14:58,999 INFO     Validation loss: 6.661772054200429
2024-12-16 05:14:59,000 INFO     Validation perplexity: 781.9353419515079
2024-12-16 05:14:59,000 INFO     Saving model checkpoint to weights/
2024-12-16 05:14:59,006 INFO     Training step 1800 out of 15808; Epoch 7; Learning rate: 0.009919286202031027
2024-12-16 05:15:05,705 INFO     Validation loss: 6.620657612093124
2024-12-16 05:15:05,705 INFO     Validation perplexity: 750.4384322707268
2024-12-16 05:15:05,705 INFO     Saving model checkpoint to weights/
2024-12-16 05:15:05,712 INFO     Training step 1900 out of 15808; Epoch 7; Learning rate: 0.009899270194970153
2024-12-16 05:15:12,339 INFO     Validation loss: 6.626759735818257
2024-12-16 05:15:12,339 INFO     Validation perplexity: 755.0317005252638
2024-12-16 05:15:12,340 INFO     Training step 2000 out of 15808; Epoch 8; Learning rate: 0.009877064229870856
2024-12-16 05:15:18,964 INFO     Validation loss: 6.572358035731148
2024-12-16 05:15:18,964 INFO     Validation perplexity: 715.0539795590703
2024-12-16 05:15:18,964 INFO     Saving model checkpoint to weights/
2024-12-16 05:15:18,971 INFO     Training step 2100 out of 15808; Epoch 8; Learning rate: 0.0098526782327282
2024-12-16 05:15:25,613 INFO     Validation loss: 6.553032481858866
2024-12-16 05:15:25,613 INFO     Validation perplexity: 701.3678374461916
2024-12-16 05:15:25,613 INFO     Saving model checkpoint to weights/
2024-12-16 05:15:25,620 INFO     Training step 2200 out of 15808; Epoch 8; Learning rate: 0.00982612310400457
2024-12-16 05:15:32,284 INFO     Validation loss: 6.5750297137587514
2024-12-16 05:15:32,285 INFO     Validation perplexity: 716.9669278178606
2024-12-16 05:15:32,285 INFO     Training step 2300 out of 15808; Epoch 9; Learning rate: 0.009797410713757192
2024-12-16 05:15:38,932 INFO     Validation loss: 6.518554102942743
2024-12-16 05:15:38,932 INFO     Validation perplexity: 677.5979398314112
2024-12-16 05:15:38,932 INFO     Saving model checkpoint to weights/
2024-12-16 05:15:38,939 INFO     Training step 2400 out of 15808; Epoch 9; Learning rate: 0.009766553896332273
2024-12-16 05:15:45,556 INFO     Validation loss: 6.538727037818814
2024-12-16 05:15:45,556 INFO     Validation perplexity: 691.4058840680912
2024-12-16 05:15:45,556 INFO     Training step 2500 out of 15808; Epoch 10; Learning rate: 0.009733566444628076
2024-12-16 05:15:52,270 INFO     Validation loss: 6.510721969506201
2024-12-16 05:15:52,270 INFO     Validation perplexity: 672.3116309115896
2024-12-16 05:15:52,270 INFO     Saving model checkpoint to weights/
2024-12-16 05:15:52,277 INFO     Training step 2600 out of 15808; Epoch 10; Learning rate: 0.009698463103929543
2024-12-16 05:15:58,945 INFO     Validation loss: 6.495884619732694
2024-12-16 05:15:58,946 INFO     Validation perplexity: 662.409947111359
2024-12-16 05:15:58,946 INFO     Saving model checkpoint to weights/
2024-12-16 05:15:58,952 INFO     Training step 2700 out of 15808; Epoch 10; Learning rate: 0.009661259565317193
2024-12-16 05:16:05,601 INFO     Validation loss: 6.526040737485101
2024-12-16 05:16:05,601 INFO     Validation perplexity: 682.6899050312902
2024-12-16 05:16:05,601 INFO     Training step 2800 out of 15808; Epoch 11; Learning rate: 0.009621972458653275
2024-12-16 05:16:12,313 INFO     Validation loss: 6.48098035475994
2024-12-16 05:16:12,313 INFO     Validation perplexity: 652.6104224972564
2024-12-16 05:16:12,313 INFO     Saving model checkpoint to weights/
2024-12-16 05:16:12,320 INFO     Training step 2900 out of 15808; Epoch 11; Learning rate: 0.009580619345148257
2024-12-16 05:16:18,996 INFO     Validation loss: 6.498440164842458
2024-12-16 05:16:18,997 INFO     Validation perplexity: 664.1049304931371
2024-12-16 05:16:18,997 INFO     Training step 3000 out of 15808; Epoch 12; Learning rate: 0.009537218709511033
2024-12-16 05:16:25,668 INFO     Validation loss: 6.467759727468793
2024-12-16 05:16:25,669 INFO     Validation perplexity: 644.0392860769388
2024-12-16 05:16:25,669 INFO     Saving model checkpoint to weights/
2024-12-16 05:16:25,676 INFO     Training step 3100 out of 15808; Epoch 12; Learning rate: 0.00949178995168631
2024-12-16 05:16:32,296 INFO     Validation loss: 6.467318385429678
2024-12-16 05:16:32,296 INFO     Validation perplexity: 643.7551071798114
2024-12-16 05:16:32,296 INFO     Saving model checkpoint to weights/
2024-12-16 05:16:32,303 INFO     Training step 3200 out of 15808; Epoch 12; Learning rate: 0.009444353378182892
2024-12-16 05:16:38,976 INFO     Validation loss: 6.486690108276999
2024-12-16 05:16:38,976 INFO     Validation perplexity: 656.3473253973034
2024-12-16 05:16:38,976 INFO     Training step 3300 out of 15808; Epoch 13; Learning rate: 0.009394930192996752
2024-12-16 05:16:45,611 INFO     Validation loss: 6.468697636477376
2024-12-16 05:16:45,611 INFO     Validation perplexity: 644.6436196858987
2024-12-16 05:16:45,611 INFO     Training step 3400 out of 15808; Epoch 13; Learning rate: 0.009343542488132897
2024-12-16 05:16:52,264 INFO     Validation loss: 6.485846923065326
2024-12-16 05:16:52,264 INFO     Validation perplexity: 655.7941362920183
2024-12-16 05:16:52,264 INFO     Training step 3500 out of 15808; Epoch 14; Learning rate: 0.009290213233730318
2024-12-16 05:16:58,876 INFO     Validation loss: 6.455860568972235
2024-12-16 05:16:58,876 INFO     Validation perplexity: 636.4211749767454
2024-12-16 05:16:58,876 INFO     Saving model checkpoint to weights/
2024-12-16 05:16:58,883 INFO     Training step 3600 out of 15808; Epoch 14; Learning rate: 0.009234966267794418
2024-12-16 05:17:05,574 INFO     Validation loss: 6.473552761997702
2024-12-16 05:17:05,574 INFO     Validation perplexity: 647.7810555347488
2024-12-16 05:17:05,574 INFO     Training step 3700 out of 15808; Epoch 14; Learning rate: 0.00917782628554149
2024-12-16 05:17:12,242 INFO     Validation loss: 6.45752915335015
2024-12-16 05:17:12,242 INFO     Validation perplexity: 637.4839838536435
2024-12-16 05:17:12,242 INFO     Training step 3800 out of 15808; Epoch 15; Learning rate: 0.009118818828360038
2024-12-16 05:17:18,866 INFO     Validation loss: 6.464313926767486
2024-12-16 05:17:18,867 INFO     Validation perplexity: 641.8238741793059
2024-12-16 05:17:18,867 INFO     Training step 3900 out of 15808; Epoch 15; Learning rate: 0.009057970272393868
2024-12-16 05:17:25,542 INFO     Validation loss: 6.478333937131552
2024-12-16 05:17:25,542 INFO     Validation perplexity: 650.8856260431985
2024-12-16 05:17:25,542 INFO     Training step 4000 out of 15808; Epoch 16; Learning rate: 0.00899530781675202
2024-12-16 05:17:32,175 INFO     Validation loss: 6.4491786376755815
2024-12-16 05:17:32,175 INFO     Validation perplexity: 632.1828283498376
2024-12-16 05:17:32,175 INFO     Saving model checkpoint to weights/
2024-12-16 05:17:32,182 INFO     Training step 4100 out of 15808; Epoch 16; Learning rate: 0.008930859471350864
2024-12-16 05:17:38,815 INFO     Validation loss: 6.472220184279876
2024-12-16 05:17:38,815 INFO     Validation perplexity: 646.9184118316562
2024-12-16 05:17:38,815 INFO     Training step 4200 out of 15808; Epoch 17; Learning rate: 0.008864654044393759
