2024-12-16 06:00:54,381 INFO     Namespace(directory='CHILDES/pretraining_sixtyfourth_0/', add_eos=False, batch_size=10, shuffle=False, architecture='LSTM', n_embd=32, n_positions=256, n_head=12, n_layer=2, dropout=0.1, pretrained_name=None, pretrained_vocab_size=None, n_epochs=8192, eval_every=100, weight_decay=0.01, learning_rate=0.01, lr_scheduler_type='cosine', warmup_proportion=0.06, patience=None, lr_decay_patience=None, model_name='bestparams_adapt_hidden32_pretraining_sixtyfourth_nopre_0', model_index=0, weight_dir='weights/', log_dir='logs/', eval=False, eval_generate=False, eval_zorro=False, eval_recursion=False, eval_priming=False, eval_scamp_plausible=False, eval_scamp_implausible=False, eval_blimp=False, eval_test=False, eval_suffix=None)
2024-12-16 06:01:06,235 INFO     Vocab size: 35339
2024-12-16 06:01:07,918 INFO     Model size: 1.2M parameters
2024-12-16 06:01:12,773 INFO     Validation loss: 10.473781715387641
2024-12-16 06:01:12,773 INFO     Validation perplexity: 35375.745728499496
2024-12-16 06:01:12,773 INFO     Saving model checkpoint to weights/
2024-12-16 06:01:12,781 INFO     Training step 0 out of 630784; Epoch 0; Learning rate: 0.0
2024-12-16 06:01:18,596 INFO     Validation loss: 10.470822608913332
2024-12-16 06:01:18,596 INFO     Validation perplexity: 35271.21985814237
2024-12-16 06:01:18,596 INFO     Saving model checkpoint to weights/
2024-12-16 06:01:18,605 INFO     Training step 100 out of 630784; Epoch 1; Learning rate: 2.6421475375184953e-05
2024-12-16 06:01:24,287 INFO     Validation loss: 10.460409003713302
2024-12-16 06:01:24,287 INFO     Validation perplexity: 34905.8251398265
2024-12-16 06:01:24,287 INFO     Saving model checkpoint to weights/
2024-12-16 06:01:24,296 INFO     Training step 200 out of 630784; Epoch 2; Learning rate: 5.2842950750369905e-05
2024-12-16 06:01:30,081 INFO     Validation loss: 10.39376262881569
2024-12-16 06:01:30,081 INFO     Validation perplexity: 32655.30586380197
2024-12-16 06:01:30,081 INFO     Saving model checkpoint to weights/
2024-12-16 06:01:30,091 INFO     Training step 300 out of 630784; Epoch 3; Learning rate: 7.926442612555485e-05
2024-12-16 06:01:35,864 INFO     Validation loss: 9.864528366396117
2024-12-16 06:01:35,865 INFO     Validation perplexity: 19235.799254123864
2024-12-16 06:01:35,865 INFO     Saving model checkpoint to weights/
2024-12-16 06:01:35,873 INFO     Training step 400 out of 630784; Epoch 5; Learning rate: 0.00010568590150073981
2024-12-16 06:01:41,751 INFO     Validation loss: 9.425179580320073
2024-12-16 06:01:41,752 INFO     Validation perplexity: 12396.6255354511
2024-12-16 06:01:41,752 INFO     Saving model checkpoint to weights/
2024-12-16 06:01:41,760 INFO     Training step 500 out of 630784; Epoch 6; Learning rate: 0.00013210737687592474
2024-12-16 06:01:47,486 INFO     Validation loss: 9.095285137185307
2024-12-16 06:01:47,487 INFO     Validation perplexity: 8913.169108439806
2024-12-16 06:01:47,487 INFO     Saving model checkpoint to weights/
2024-12-16 06:01:47,495 INFO     Training step 600 out of 630784; Epoch 7; Learning rate: 0.0001585288522511097
2024-12-16 06:01:53,331 INFO     Validation loss: 8.817958386470321
2024-12-16 06:01:53,331 INFO     Validation perplexity: 6754.460540735484
2024-12-16 06:01:53,331 INFO     Saving model checkpoint to weights/
2024-12-16 06:01:53,339 INFO     Training step 700 out of 630784; Epoch 9; Learning rate: 0.00018495032762629466
2024-12-16 06:01:59,081 INFO     Validation loss: 8.593768167914613
2024-12-16 06:01:59,082 INFO     Validation perplexity: 5397.915653328294
2024-12-16 06:01:59,082 INFO     Saving model checkpoint to weights/
2024-12-16 06:01:59,090 INFO     Training step 800 out of 630784; Epoch 10; Learning rate: 0.00021137180300147962
2024-12-16 06:02:04,953 INFO     Validation loss: 8.434185411843426
2024-12-16 06:02:04,953 INFO     Validation perplexity: 4601.719936546068
2024-12-16 06:02:04,953 INFO     Saving model checkpoint to weights/
2024-12-16 06:02:04,962 INFO     Training step 900 out of 630784; Epoch 11; Learning rate: 0.00023779327837666458
2024-12-16 06:02:10,636 INFO     Validation loss: 8.347688037393755
2024-12-16 06:02:10,637 INFO     Validation perplexity: 4220.412020247321
2024-12-16 06:02:10,637 INFO     Saving model checkpoint to weights/
2024-12-16 06:02:10,645 INFO     Training step 1000 out of 630784; Epoch 12; Learning rate: 0.0002642147537518495
2024-12-16 06:02:16,531 INFO     Validation loss: 8.323071070863664
2024-12-16 06:02:16,531 INFO     Validation perplexity: 4117.78662425854
2024-12-16 06:02:16,531 INFO     Saving model checkpoint to weights/
2024-12-16 06:02:16,540 INFO     Training step 1100 out of 630784; Epoch 14; Learning rate: 0.00029063622912703444
2024-12-16 06:02:22,259 INFO     Validation loss: 8.331600288724111
2024-12-16 06:02:22,259 INFO     Validation perplexity: 4153.058329682336
2024-12-16 06:02:22,259 INFO     Training step 1200 out of 630784; Epoch 15; Learning rate: 0.0003170577045022194
2024-12-16 06:02:28,013 INFO     Validation loss: 8.351861409993218
2024-12-16 06:02:28,013 INFO     Validation perplexity: 4238.062176853259
2024-12-16 06:02:28,014 INFO     Training step 1300 out of 630784; Epoch 16; Learning rate: 0.00034347917987740436
2024-12-16 06:02:33,801 INFO     Validation loss: 8.375636505746483
2024-12-16 06:02:33,801 INFO     Validation perplexity: 4340.029853452496
2024-12-16 06:02:33,801 INFO     Training step 1400 out of 630784; Epoch 18; Learning rate: 0.0003699006552525893
2024-12-16 06:02:39,640 INFO     Validation loss: 8.399472152693951
2024-12-16 06:02:39,640 INFO     Validation perplexity: 4444.719994915319
2024-12-16 06:02:39,640 INFO     Training step 1500 out of 630784; Epoch 19; Learning rate: 0.0003963221306277743
2024-12-16 06:02:45,426 INFO     Validation loss: 8.423811250382066
2024-12-16 06:02:45,426 INFO     Validation perplexity: 4554.227722809118
2024-12-16 06:02:45,426 INFO     Training step 1600 out of 630784; Epoch 20; Learning rate: 0.00042274360600295924
2024-12-16 06:02:51,212 INFO     Validation loss: 8.448428495722617
2024-12-16 06:02:51,212 INFO     Validation perplexity: 4667.731608527899
2024-12-16 06:02:51,213 INFO     Training step 1700 out of 630784; Epoch 22; Learning rate: 0.00044916508137814415
2024-12-16 06:02:56,976 INFO     Validation loss: 8.472226765520192
2024-12-16 06:02:56,976 INFO     Validation perplexity: 4780.147895653757
2024-12-16 06:02:56,976 INFO     Training step 1800 out of 630784; Epoch 23; Learning rate: 0.00047558655675332916
2024-12-16 06:03:02,823 INFO     Validation loss: 8.495079353974633
2024-12-16 06:03:02,823 INFO     Validation perplexity: 4890.644405119133
2024-12-16 06:03:02,823 INFO     Training step 1900 out of 630784; Epoch 24; Learning rate: 0.000502008032128514
2024-12-16 06:03:08,542 INFO     Validation loss: 8.518198068675899
2024-12-16 06:03:08,542 INFO     Validation perplexity: 5005.026911589872
2024-12-16 06:03:08,542 INFO     Training step 2000 out of 630784; Epoch 25; Learning rate: 0.000528429507503699
2024-12-16 06:03:14,401 INFO     Validation loss: 8.54046069836506
2024-12-16 06:03:14,401 INFO     Validation perplexity: 5117.7015353638435
2024-12-16 06:03:14,401 INFO     Training step 2100 out of 630784; Epoch 27; Learning rate: 0.000554850982878884
2024-12-16 06:03:20,139 INFO     Validation loss: 8.5612845913638
2024-12-16 06:03:20,139 INFO     Validation perplexity: 5225.389352929411
2024-12-16 06:03:20,139 INFO     Training step 2200 out of 630784; Epoch 28; Learning rate: 0.0005812724582540689
2024-12-16 06:03:25,910 INFO     Validation loss: 8.58282541309738
2024-12-16 06:03:25,911 INFO     Validation perplexity: 5339.169593877944
2024-12-16 06:03:25,911 INFO     Training step 2300 out of 630784; Epoch 29; Learning rate: 0.000607693933629254
2024-12-16 06:03:31,682 INFO     Validation loss: 8.60436394670473
2024-12-16 06:03:31,682 INFO     Validation perplexity: 5455.4148600014105
2024-12-16 06:03:31,682 INFO     Training step 2400 out of 630784; Epoch 31; Learning rate: 0.0006341154090044388
2024-12-16 06:03:37,524 INFO     Validation loss: 8.623272078797708
2024-12-16 06:03:37,524 INFO     Validation perplexity: 5559.547943413383
2024-12-16 06:03:37,524 INFO     Training step 2500 out of 630784; Epoch 32; Learning rate: 0.0006605368843796238
2024-12-16 06:03:43,281 INFO     Validation loss: 8.642308742384031
2024-12-16 06:03:43,281 INFO     Validation perplexity: 5666.396985162189
2024-12-16 06:03:43,281 INFO     Training step 2600 out of 630784; Epoch 33; Learning rate: 0.0006869583597548087
2024-12-16 06:03:49,121 INFO     Validation loss: 8.662298206970874
2024-12-16 06:03:49,121 INFO     Validation perplexity: 5780.804893897273
2024-12-16 06:03:49,121 INFO     Training step 2700 out of 630784; Epoch 35; Learning rate: 0.0007133798351299938
2024-12-16 06:03:54,884 INFO     Validation loss: 8.680115840948542
2024-12-16 06:03:54,884 INFO     Validation perplexity: 5884.728244355474
2024-12-16 06:03:54,884 INFO     Training step 2800 out of 630784; Epoch 36; Learning rate: 0.0007398013105051786
2024-12-16 06:04:00,759 INFO     Validation loss: 8.697903032860458
2024-12-16 06:04:00,759 INFO     Validation perplexity: 5990.337496595751
2024-12-16 06:04:00,759 INFO     Training step 2900 out of 630784; Epoch 37; Learning rate: 0.0007662227858803636
2024-12-16 06:04:06,469 INFO     Validation loss: 8.716074169227262
2024-12-16 06:04:06,469 INFO     Validation perplexity: 6100.183729068604
2024-12-16 06:04:06,469 INFO     Training step 3000 out of 630784; Epoch 38; Learning rate: 0.0007926442612555486
2024-12-16 06:04:12,232 INFO     Validation loss: 8.733347974068872
2024-12-16 06:04:12,232 INFO     Validation perplexity: 6206.472474934059
2024-12-16 06:04:12,232 INFO     Training step 3100 out of 630784; Epoch 40; Learning rate: 0.0008190657366307334
2024-12-16 06:04:18,021 INFO     Validation loss: 8.749424879685044
2024-12-16 06:04:18,022 INFO     Validation perplexity: 6307.0597466289155
2024-12-16 06:04:18,022 INFO     Training step 3200 out of 630784; Epoch 41; Learning rate: 0.0008454872120059185
2024-12-16 06:04:23,784 INFO     Validation loss: 8.766445981699537
2024-12-16 06:04:23,784 INFO     Validation perplexity: 6415.331693903452
2024-12-16 06:04:23,784 INFO     Training step 3300 out of 630784; Epoch 42; Learning rate: 0.0008719086873811034
2024-12-16 06:04:29,582 INFO     Validation loss: 8.784340614956811
2024-12-16 06:04:29,582 INFO     Validation perplexity: 6531.165008153141
2024-12-16 06:04:29,582 INFO     Training step 3400 out of 630784; Epoch 44; Learning rate: 0.0008983301627562883
2024-12-16 06:04:35,310 INFO     Validation loss: 8.799064757534003
2024-12-16 06:04:35,310 INFO     Validation perplexity: 6628.04228006433
2024-12-16 06:04:35,311 INFO     Training step 3500 out of 630784; Epoch 45; Learning rate: 0.0009247516381314733
2024-12-16 06:04:41,166 INFO     Validation loss: 8.813475599326315
2024-12-16 06:04:41,167 INFO     Validation perplexity: 6724.249497289212
2024-12-16 06:04:41,167 INFO     Training step 3600 out of 630784; Epoch 46; Learning rate: 0.0009511731135066583
2024-12-16 06:04:46,927 INFO     Validation loss: 8.830710633784516
2024-12-16 06:04:46,927 INFO     Validation perplexity: 6841.146638567483
2024-12-16 06:04:46,927 INFO     Training step 3700 out of 630784; Epoch 48; Learning rate: 0.000977594588881843
2024-12-16 06:04:52,679 INFO     Validation loss: 8.844122524952763
2024-12-16 06:04:52,679 INFO     Validation perplexity: 6933.5174014347795
2024-12-16 06:04:52,679 INFO     Training step 3800 out of 630784; Epoch 49; Learning rate: 0.001004016064257028
2024-12-16 06:04:58,550 INFO     Validation loss: 8.85874993877427
2024-12-16 06:04:58,550 INFO     Validation perplexity: 7035.6822115795985
2024-12-16 06:04:58,550 INFO     Training step 3900 out of 630784; Epoch 50; Learning rate: 0.0010304375396322132
2024-12-16 06:05:04,393 INFO     Validation loss: 8.87435074054004
2024-12-16 06:05:04,393 INFO     Validation perplexity: 7146.305154697773
2024-12-16 06:05:04,394 INFO     Training step 4000 out of 630784; Epoch 51; Learning rate: 0.001056859015007398
2024-12-16 06:05:10,566 INFO     Validation loss: 8.887770143610624
2024-12-16 06:05:10,566 INFO     Validation perplexity: 7242.850646644882
2024-12-16 06:05:10,566 INFO     Training step 4100 out of 630784; Epoch 53; Learning rate: 0.001083280490382583
2024-12-16 06:05:17,069 INFO     Validation loss: 8.900861143178053
2024-12-16 06:05:17,070 INFO     Validation perplexity: 7338.290137508346
2024-12-16 06:05:17,070 INFO     Training step 4200 out of 630784; Epoch 54; Learning rate: 0.001109701965757768
2024-12-16 06:05:23,028 INFO     Validation loss: 8.91508865410065
2024-12-16 06:05:23,028 INFO     Validation perplexity: 7443.441991419302
2024-12-16 06:05:23,028 INFO     Training step 4300 out of 630784; Epoch 55; Learning rate: 0.0011361234411329528
2024-12-16 06:05:28,966 INFO     Validation loss: 8.930308266941488
2024-12-16 06:05:28,966 INFO     Validation perplexity: 7557.5947738198565
2024-12-16 06:05:28,966 INFO     Training step 4400 out of 630784; Epoch 57; Learning rate: 0.0011625449165081378
2024-12-16 06:05:34,908 INFO     Validation loss: 8.943008800487341
2024-12-16 06:05:34,908 INFO     Validation perplexity: 7654.192381893664
2024-12-16 06:05:34,908 INFO     Training step 4500 out of 630784; Epoch 58; Learning rate: 0.0011889663918833227
2024-12-16 06:05:40,892 INFO     Validation loss: 8.953758284879326
2024-12-16 06:05:40,892 INFO     Validation perplexity: 7736.914818651127
2024-12-16 06:05:40,893 INFO     Training step 4600 out of 630784; Epoch 59; Learning rate: 0.001215387867258508
2024-12-16 06:05:46,884 INFO     Validation loss: 8.969669190703245
2024-12-16 06:05:46,884 INFO     Validation perplexity: 7861.000683195518
2024-12-16 06:05:46,884 INFO     Training step 4700 out of 630784; Epoch 61; Learning rate: 0.0012418093426336927
2024-12-16 06:05:52,763 INFO     Validation loss: 8.979978921612217
2024-12-16 06:05:52,763 INFO     Validation perplexity: 7942.46469938737
2024-12-16 06:05:52,763 INFO     Training step 4800 out of 630784; Epoch 62; Learning rate: 0.0012682308180088776
2024-12-16 06:05:58,732 INFO     Validation loss: 8.992576827895748
2024-12-16 06:05:58,732 INFO     Validation perplexity: 8043.156043689772
2024-12-16 06:05:58,732 INFO     Training step 4900 out of 630784; Epoch 63; Learning rate: 0.0012946522933840626
2024-12-16 06:06:04,732 INFO     Validation loss: 9.00652705550558
2024-12-16 06:06:04,733 INFO     Validation perplexity: 8156.146187914551
2024-12-16 06:06:04,733 INFO     Training step 5000 out of 630784; Epoch 64; Learning rate: 0.0013210737687592475
2024-12-16 06:06:10,739 INFO     Validation loss: 9.017067856131208
2024-12-16 06:06:10,739 INFO     Validation perplexity: 8242.57320349508
2024-12-16 06:06:10,739 INFO     Training step 5100 out of 630784; Epoch 66; Learning rate: 0.0013474952441344323
2024-12-16 06:06:16,822 INFO     Validation loss: 9.027222984652969
2024-12-16 06:06:16,822 INFO     Validation perplexity: 8326.704050498893
2024-12-16 06:06:16,823 INFO     Training step 5200 out of 630784; Epoch 67; Learning rate: 0.0013739167195096175
2024-12-16 06:06:22,784 INFO     Validation loss: 9.038561798502771
2024-12-16 06:06:22,784 INFO     Validation perplexity: 8421.656303347938
2024-12-16 06:06:22,784 INFO     Training step 5300 out of 630784; Epoch 68; Learning rate: 0.0014003381948848024
2024-12-16 06:06:28,746 INFO     Validation loss: 9.05136739891117
2024-12-16 06:06:28,746 INFO     Validation perplexity: 8530.194131578102
2024-12-16 06:06:28,746 INFO     Training step 5400 out of 630784; Epoch 70; Learning rate: 0.0014267596702599876
2024-12-16 06:06:34,702 INFO     Validation loss: 9.060607630609606
2024-12-16 06:06:34,702 INFO     Validation perplexity: 8609.380388043232
2024-12-16 06:06:34,702 INFO     Training step 5500 out of 630784; Epoch 71; Learning rate: 0.0014531811456351723
2024-12-16 06:06:40,684 INFO     Validation loss: 9.06599138835151
2024-12-16 06:06:40,684 INFO     Validation perplexity: 8655.856201362423
2024-12-16 06:06:40,684 INFO     Training step 5600 out of 630784; Epoch 72; Learning rate: 0.0014796026210103573
2024-12-16 06:06:46,667 INFO     Validation loss: 9.078168718001052
2024-12-16 06:06:46,667 INFO     Validation perplexity: 8761.905805739912
2024-12-16 06:06:46,667 INFO     Training step 5700 out of 630784; Epoch 74; Learning rate: 0.0015060240963855422
2024-12-16 06:06:52,576 INFO     Validation loss: 9.079905857505349
2024-12-16 06:06:52,576 INFO     Validation perplexity: 8777.139686304974
2024-12-16 06:06:52,576 INFO     Training step 5800 out of 630784; Epoch 75; Learning rate: 0.0015324455717607272
2024-12-16 06:06:58,504 INFO     Validation loss: 9.082581364031514
2024-12-16 06:06:58,504 INFO     Validation perplexity: 8800.654423706237
2024-12-16 06:06:58,504 INFO     Training step 5900 out of 630784; Epoch 76; Learning rate: 0.001558867047135912
2024-12-16 06:07:04,661 INFO     Validation loss: 9.08564455492205
2024-12-16 06:07:04,661 INFO     Validation perplexity: 8827.653839237944
2024-12-16 06:07:04,661 INFO     Training step 6000 out of 630784; Epoch 77; Learning rate: 0.0015852885225110971
2024-12-16 06:07:10,823 INFO     Validation loss: 9.072123890120155
2024-12-16 06:07:10,823 INFO     Validation perplexity: 8709.101350945091
2024-12-16 06:07:10,823 INFO     Training step 6100 out of 630784; Epoch 79; Learning rate: 0.001611709997886282
2024-12-16 06:07:17,098 INFO     Validation loss: 9.047142711366142
2024-12-16 06:07:17,099 INFO     Validation perplexity: 8494.232742975531
2024-12-16 06:07:17,099 INFO     Training step 6200 out of 630784; Epoch 80; Learning rate: 0.0016381314732614668
2024-12-16 06:07:23,191 INFO     Validation loss: 9.028485081705902
2024-12-16 06:07:23,191 INFO     Validation perplexity: 8337.219793690054
2024-12-16 06:07:23,191 INFO     Training step 6300 out of 630784; Epoch 81; Learning rate: 0.001664552948636652
2024-12-16 06:07:29,322 INFO     Validation loss: 9.007533788344459
2024-12-16 06:07:29,323 INFO     Validation perplexity: 8164.361382679937
2024-12-16 06:07:29,323 INFO     Training step 6400 out of 630784; Epoch 83; Learning rate: 0.001690974424011837
2024-12-16 06:07:35,273 INFO     Validation loss: 8.975930454051399
2024-12-16 06:07:35,273 INFO     Validation perplexity: 7910.3748898050835
2024-12-16 06:07:35,274 INFO     Training step 6500 out of 630784; Epoch 84; Learning rate: 0.0017173958993870217
2024-12-16 06:07:41,323 INFO     Validation loss: 8.954592411843137
2024-12-16 06:07:41,324 INFO     Validation perplexity: 7743.371080214663
2024-12-16 06:07:41,324 INFO     Training step 6600 out of 630784; Epoch 85; Learning rate: 0.0017438173747622069
2024-12-16 06:07:47,646 INFO     Validation loss: 8.960008804316699
2024-12-16 06:07:47,647 INFO     Validation perplexity: 7785.426007233814
2024-12-16 06:07:47,647 INFO     Training step 6700 out of 630784; Epoch 87; Learning rate: 0.0017702388501373916
2024-12-16 06:07:53,661 INFO     Validation loss: 8.917097034661202
2024-12-16 06:07:53,661 INFO     Validation perplexity: 7458.406277579193
2024-12-16 06:07:53,661 INFO     Training step 6800 out of 630784; Epoch 88; Learning rate: 0.0017966603255125766
2024-12-16 06:07:59,676 INFO     Validation loss: 8.908547569479376
2024-12-16 06:07:59,677 INFO     Validation perplexity: 7394.912697618782
2024-12-16 06:07:59,677 INFO     Training step 6900 out of 630784; Epoch 89; Learning rate: 0.0018230818008877618
2024-12-16 06:08:05,799 INFO     Validation loss: 8.908265009431705
2024-12-16 06:08:05,799 INFO     Validation perplexity: 7392.823485912201
2024-12-16 06:08:05,799 INFO     Training step 7000 out of 630784; Epoch 90; Learning rate: 0.0018495032762629465
2024-12-16 06:08:11,914 INFO     Validation loss: 8.892008980540167
2024-12-16 06:08:11,914 INFO     Validation perplexity: 7273.617070300531
2024-12-16 06:08:11,914 INFO     Training step 7100 out of 630784; Epoch 92; Learning rate: 0.0018759247516381315
2024-12-16 06:08:18,022 INFO     Validation loss: 8.86110424295795
2024-12-16 06:08:18,022 INFO     Validation perplexity: 7052.265861463596
2024-12-16 06:08:18,022 INFO     Training step 7200 out of 630784; Epoch 93; Learning rate: 0.0019023462270133166
2024-12-16 06:08:23,994 INFO     Validation loss: 8.798645386741635
2024-12-16 06:08:23,994 INFO     Validation perplexity: 6625.263255483089
2024-12-16 06:08:23,994 INFO     Training step 7300 out of 630784; Epoch 94; Learning rate: 0.0019287677023885014
2024-12-16 06:08:30,010 INFO     Validation loss: 8.731109686197039
2024-12-16 06:08:30,010 INFO     Validation perplexity: 6192.596138277861
2024-12-16 06:08:30,010 INFO     Training step 7400 out of 630784; Epoch 96; Learning rate: 0.001955189177763686
2024-12-16 06:08:35,889 INFO     Validation loss: 8.653164831466821
2024-12-16 06:08:35,889 INFO     Validation perplexity: 5728.247012875181
2024-12-16 06:08:35,889 INFO     Training step 7500 out of 630784; Epoch 97; Learning rate: 0.0019816106531388715
2024-12-16 06:08:41,838 INFO     Validation loss: 8.675699547835764
2024-12-16 06:08:41,838 INFO     Validation perplexity: 5858.796861978417
2024-12-16 06:08:41,838 INFO     Training step 7600 out of 630784; Epoch 98; Learning rate: 0.002008032128514056
2024-12-16 06:08:47,711 INFO     Validation loss: 8.760345694965798
2024-12-16 06:08:47,711 INFO     Validation perplexity: 6376.315457188361
2024-12-16 06:08:47,711 INFO     Training step 7700 out of 630784; Epoch 100; Learning rate: 0.002034453603889241
2024-12-16 06:08:53,551 INFO     Validation loss: 8.74689576400328
2024-12-16 06:08:53,552 INFO     Validation perplexity: 6291.12861724433
2024-12-16 06:08:53,552 INFO     Training step 7800 out of 630784; Epoch 101; Learning rate: 0.0020608750792644264
2024-12-16 06:08:59,345 INFO     Validation loss: 8.764772939149506
2024-12-16 06:08:59,345 INFO     Validation perplexity: 6404.607544487601
2024-12-16 06:08:59,345 INFO     Training step 7900 out of 630784; Epoch 102; Learning rate: 0.002087296554639611
2024-12-16 06:09:05,159 INFO     Validation loss: 8.800729763231068
2024-12-16 06:09:05,159 INFO     Validation perplexity: 6639.08720059723
2024-12-16 06:09:05,159 INFO     Training step 8000 out of 630784; Epoch 103; Learning rate: 0.002113718030014796
2024-12-16 06:09:11,011 INFO     Validation loss: 8.832802626244735
2024-12-16 06:09:11,011 INFO     Validation perplexity: 6855.4732461071435
2024-12-16 06:09:11,011 INFO     Training step 8100 out of 630784; Epoch 105; Learning rate: 0.0021401395053899813
2024-12-16 06:09:16,864 INFO     Validation loss: 8.813303774938454
2024-12-16 06:09:16,864 INFO     Validation perplexity: 6723.094206491925
2024-12-16 06:09:16,864 INFO     Training step 8200 out of 630784; Epoch 106; Learning rate: 0.002166560980765166
2024-12-16 06:09:22,706 INFO     Validation loss: 8.88937900579599
2024-12-16 06:09:22,706 INFO     Validation perplexity: 7254.512774026837
2024-12-16 06:09:22,706 INFO     Training step 8300 out of 630784; Epoch 107; Learning rate: 0.0021929824561403508
2024-12-16 06:09:28,530 INFO     Validation loss: 8.89644435595173
2024-12-16 06:09:28,530 INFO     Validation perplexity: 7305.949943817517
2024-12-16 06:09:28,530 INFO     Training step 8400 out of 630784; Epoch 109; Learning rate: 0.002219403931515536
2024-12-16 06:09:34,335 INFO     Validation loss: 8.904778140730624
2024-12-16 06:09:34,335 INFO     Validation perplexity: 7367.090570806959
2024-12-16 06:09:34,335 INFO     Training step 8500 out of 630784; Epoch 110; Learning rate: 0.0022458254068907207
2024-12-16 06:09:40,222 INFO     Validation loss: 8.90330247968486
2024-12-16 06:09:40,222 INFO     Validation perplexity: 7356.227259484989
2024-12-16 06:09:40,222 INFO     Training step 8600 out of 630784; Epoch 111; Learning rate: 0.0022722468822659056
2024-12-16 06:09:45,979 INFO     Validation loss: 8.926458080228082
2024-12-16 06:09:45,979 INFO     Validation perplexity: 7528.552567671159
2024-12-16 06:09:45,979 INFO     Training step 8700 out of 630784; Epoch 112; Learning rate: 0.0022986683576410906
2024-12-16 06:09:51,881 INFO     Validation loss: 8.899294694168843
2024-12-16 06:09:51,881 INFO     Validation perplexity: 7326.804078704534
2024-12-16 06:09:51,881 INFO     Training step 8800 out of 630784; Epoch 114; Learning rate: 0.0023250898330162756
2024-12-16 06:09:57,669 INFO     Validation loss: 8.914666397637694
2024-12-16 06:09:57,669 INFO     Validation perplexity: 7440.299613423186
2024-12-16 06:09:57,669 INFO     Training step 8900 out of 630784; Epoch 115; Learning rate: 0.0023515113083914605
2024-12-16 06:10:03,520 INFO     Validation loss: 8.923962578802751
2024-12-16 06:10:03,520 INFO     Validation perplexity: 7509.788476653617
2024-12-16 06:10:03,520 INFO     Training step 9000 out of 630784; Epoch 116; Learning rate: 0.0023779327837666455
2024-12-16 06:10:09,337 INFO     Validation loss: 8.910713877756919
2024-12-16 06:10:09,337 INFO     Validation perplexity: 7410.949722505553
2024-12-16 06:10:09,337 INFO     Training step 9100 out of 630784; Epoch 118; Learning rate: 0.0024043542591418304
2024-12-16 06:10:15,232 INFO     Validation loss: 8.909079409294645
2024-12-16 06:10:15,232 INFO     Validation perplexity: 7398.84665264604
2024-12-16 06:10:15,232 INFO     Training step 9200 out of 630784; Epoch 119; Learning rate: 0.002430775734517016
2024-12-16 06:10:21,024 INFO     Validation loss: 8.93989610586423
2024-12-16 06:10:21,024 INFO     Validation perplexity: 7630.404260208181
2024-12-16 06:10:21,024 INFO     Training step 9300 out of 630784; Epoch 120; Learning rate: 0.0024571972098922003
2024-12-16 06:10:26,954 INFO     Validation loss: 8.983482212093206
2024-12-16 06:10:26,954 INFO     Validation perplexity: 7970.3382564400945
2024-12-16 06:10:26,954 INFO     Training step 9400 out of 630784; Epoch 122; Learning rate: 0.0024836186852673853
2024-12-16 06:10:32,719 INFO     Validation loss: 8.959819515305176
2024-12-16 06:10:32,719 INFO     Validation perplexity: 7783.95245110901
2024-12-16 06:10:32,720 INFO     Training step 9500 out of 630784; Epoch 123; Learning rate: 0.0025100401606425703
2024-12-16 06:10:38,590 INFO     Validation loss: 8.996491078300412
2024-12-16 06:10:38,590 INFO     Validation perplexity: 8074.700666990296
2024-12-16 06:10:38,590 INFO     Training step 9600 out of 630784; Epoch 124; Learning rate: 0.0025364616360177552
2024-12-16 06:10:44,310 INFO     Validation loss: 9.015074960578021
2024-12-16 06:10:44,311 INFO     Validation perplexity: 8226.162973379613
2024-12-16 06:10:44,311 INFO     Training step 9700 out of 630784; Epoch 125; Learning rate: 0.00256288311139294
2024-12-16 06:10:50,179 INFO     Validation loss: 9.016344084162643
2024-12-16 06:10:50,180 INFO     Validation perplexity: 8236.609618459723
2024-12-16 06:10:50,180 INFO     Training step 9800 out of 630784; Epoch 127; Learning rate: 0.002589304586768125
2024-12-16 06:10:55,952 INFO     Validation loss: 9.033528392854972
2024-12-16 06:10:55,952 INFO     Validation perplexity: 8379.37319423773
2024-12-16 06:10:55,952 INFO     Training step 9900 out of 630784; Epoch 128; Learning rate: 0.0026157260621433097
2024-12-16 06:11:01,805 INFO     Validation loss: 9.076897237232467
2024-12-16 06:11:01,805 INFO     Validation perplexity: 8750.772290536925
2024-12-16 06:11:01,805 INFO     Training step 10000 out of 630784; Epoch 129; Learning rate: 0.002642147537518495
2024-12-16 06:11:07,734 INFO     Validation loss: 9.096745197486467
2024-12-16 06:11:07,734 INFO     Validation perplexity: 8926.192377878351
2024-12-16 06:11:07,734 INFO     Training step 10100 out of 630784; Epoch 131; Learning rate: 0.00266856901289368
2024-12-16 06:11:13,758 INFO     Validation loss: 9.062448249570325
2024-12-16 06:11:13,759 INFO     Validation perplexity: 8625.24156954323
2024-12-16 06:11:13,759 INFO     Training step 10200 out of 630784; Epoch 132; Learning rate: 0.0026949904882688645
2024-12-16 06:11:19,771 INFO     Validation loss: 9.118054491919303
2024-12-16 06:11:19,771 INFO     Validation perplexity: 9118.444341415005
2024-12-16 06:11:19,771 INFO     Training step 10300 out of 630784; Epoch 133; Learning rate: 0.00272141196364405
2024-12-16 06:11:25,797 INFO     Validation loss: 9.145292767221536
2024-12-16 06:11:25,798 INFO     Validation perplexity: 9370.228555725018
2024-12-16 06:11:25,798 INFO     Training step 10400 out of 630784; Epoch 135; Learning rate: 0.002747833439019235
2024-12-16 06:11:31,690 INFO     Validation loss: 9.147856237584447
2024-12-16 06:11:31,690 INFO     Validation perplexity: 9394.27967291363
2024-12-16 06:11:31,690 INFO     Training step 10500 out of 630784; Epoch 136; Learning rate: 0.0027742549143944194
2024-12-16 06:11:37,741 INFO     Validation loss: 9.174267746193253
2024-12-16 06:11:37,741 INFO     Validation perplexity: 9645.702382705018
2024-12-16 06:11:37,741 INFO     Training step 10600 out of 630784; Epoch 137; Learning rate: 0.002800676389769605
2024-12-16 06:11:43,596 INFO     Validation loss: 9.179498434528698
2024-12-16 06:11:43,597 INFO     Validation perplexity: 9696.288229709233
2024-12-16 06:11:43,597 INFO     Training step 10700 out of 630784; Epoch 138; Learning rate: 0.0028270978651447898
2024-12-16 06:11:49,580 INFO     Validation loss: 9.214008549003204
2024-12-16 06:11:49,580 INFO     Validation perplexity: 10036.749130221275
2024-12-16 06:11:49,580 INFO     Training step 10800 out of 630784; Epoch 140; Learning rate: 0.002853519340519975
2024-12-16 06:11:55,520 INFO     Validation loss: 9.215269755626895
2024-12-16 06:11:55,520 INFO     Validation perplexity: 10049.415530499633
2024-12-16 06:11:55,521 INFO     Training step 10900 out of 630784; Epoch 141; Learning rate: 0.0028799408158951597
2024-12-16 06:12:01,501 INFO     Validation loss: 9.26012548724773
2024-12-16 06:12:01,501 INFO     Validation perplexity: 10510.452185416674
2024-12-16 06:12:01,501 INFO     Training step 11000 out of 630784; Epoch 142; Learning rate: 0.0029063622912703447
2024-12-16 06:12:07,465 INFO     Validation loss: 9.290380103748975
2024-12-16 06:12:07,465 INFO     Validation perplexity: 10833.30109445657
2024-12-16 06:12:07,465 INFO     Training step 11100 out of 630784; Epoch 144; Learning rate: 0.0029327837666455296
2024-12-16 06:12:13,385 INFO     Validation loss: 9.276593605602534
2024-12-16 06:12:13,386 INFO     Validation perplexity: 10684.972623454687
2024-12-16 06:12:13,386 INFO     Training step 11200 out of 630784; Epoch 145; Learning rate: 0.0029592052420207146
2024-12-16 06:12:19,369 INFO     Validation loss: 9.29467759366406
2024-12-16 06:12:19,369 INFO     Validation perplexity: 10879.957277088779
2024-12-16 06:12:19,369 INFO     Training step 11300 out of 630784; Epoch 146; Learning rate: 0.0029856267173958995
2024-12-16 06:12:25,314 INFO     Validation loss: 9.278201890547992
2024-12-16 06:12:25,314 INFO     Validation perplexity: 10702.170930249511
2024-12-16 06:12:25,314 INFO     Training step 11400 out of 630784; Epoch 148; Learning rate: 0.0030120481927710845
2024-12-16 06:12:31,191 INFO     Validation loss: 9.307964847833821
2024-12-16 06:12:31,191 INFO     Validation perplexity: 11025.486737138526
2024-12-16 06:12:31,192 INFO     Training step 11500 out of 630784; Epoch 149; Learning rate: 0.0030384696681462695
2024-12-16 06:12:37,174 INFO     Validation loss: 9.330700422513706
2024-12-16 06:12:37,175 INFO     Validation perplexity: 11279.02880517925
2024-12-16 06:12:37,175 INFO     Training step 11600 out of 630784; Epoch 150; Learning rate: 0.0030648911435214544
2024-12-16 06:12:43,035 INFO     Validation loss: 9.32338833475769
2024-12-16 06:12:43,036 INFO     Validation perplexity: 11196.856348981912
2024-12-16 06:12:43,036 INFO     Training step 11700 out of 630784; Epoch 151; Learning rate: 0.0030913126188966394
2024-12-16 06:12:48,977 INFO     Validation loss: 9.335409895487384
2024-12-16 06:12:48,977 INFO     Validation perplexity: 11332.272362646065
2024-12-16 06:12:48,977 INFO     Training step 11800 out of 630784; Epoch 153; Learning rate: 0.003117734094271824
2024-12-16 06:12:54,931 INFO     Validation loss: 9.356309337550494
2024-12-16 06:12:54,931 INFO     Validation perplexity: 11571.602756889532
2024-12-16 06:12:54,931 INFO     Training step 11900 out of 630784; Epoch 154; Learning rate: 0.0031441555696470093
2024-12-16 06:13:00,881 INFO     Validation loss: 9.392896920399513
2024-12-16 06:13:00,881 INFO     Validation perplexity: 12002.820230904863
2024-12-16 06:13:00,881 INFO     Training step 12000 out of 630784; Epoch 155; Learning rate: 0.0031705770450221942
2024-12-16 06:13:06,820 INFO     Validation loss: 9.3694149261283
2024-12-16 06:13:06,820 INFO     Validation perplexity: 11724.253526005241
2024-12-16 06:13:06,821 INFO     Training step 12100 out of 630784; Epoch 157; Learning rate: 0.0031969985203973788
2024-12-16 06:13:12,743 INFO     Validation loss: 9.391938389323196
2024-12-16 06:13:12,743 INFO     Validation perplexity: 11991.320666935264
2024-12-16 06:13:12,743 INFO     Training step 12200 out of 630784; Epoch 158; Learning rate: 0.003223419995772564
2024-12-16 06:13:18,749 INFO     Validation loss: 9.422348632105939
2024-12-16 06:13:18,749 INFO     Validation perplexity: 12361.58095862603
2024-12-16 06:13:18,749 INFO     Training step 12300 out of 630784; Epoch 159; Learning rate: 0.003249841471147749
2024-12-16 06:13:24,695 INFO     Validation loss: 9.406456801810242
2024-12-16 06:13:24,695 INFO     Validation perplexity: 12166.685536059149
2024-12-16 06:13:24,695 INFO     Training step 12400 out of 630784; Epoch 161; Learning rate: 0.0032762629465229337
2024-12-16 06:13:30,613 INFO     Validation loss: 9.418692601867603
2024-12-16 06:13:30,613 INFO     Validation perplexity: 12316.469160146438
2024-12-16 06:13:30,613 INFO     Training step 12500 out of 630784; Epoch 162; Learning rate: 0.003302684421898119
2024-12-16 06:13:36,491 INFO     Validation loss: 9.452990919713011
2024-12-16 06:13:36,492 INFO     Validation perplexity: 12746.231263466983
2024-12-16 06:13:36,492 INFO     Training step 12600 out of 630784; Epoch 163; Learning rate: 0.003329105897273304
2024-12-16 06:13:42,477 INFO     Validation loss: 9.47392141469114
2024-12-16 06:13:42,477 INFO     Validation perplexity: 13015.827744691982
2024-12-16 06:13:42,478 INFO     Training step 12700 out of 630784; Epoch 164; Learning rate: 0.0033555273726484885
2024-12-16 06:13:48,387 INFO     Validation loss: 9.407294256471792
2024-12-16 06:13:48,387 INFO     Validation perplexity: 12176.878851200836
2024-12-16 06:13:48,387 INFO     Training step 12800 out of 630784; Epoch 166; Learning rate: 0.003381948848023674
2024-12-16 06:13:54,374 INFO     Validation loss: 9.47090420620048
2024-12-16 06:13:54,374 INFO     Validation perplexity: 12976.615464267998
2024-12-16 06:13:54,374 INFO     Training step 12900 out of 630784; Epoch 167; Learning rate: 0.003408370323398859
2024-12-16 06:14:00,274 INFO     Validation loss: 9.4899281959999
2024-12-16 06:14:00,275 INFO     Validation perplexity: 13225.845623924712
2024-12-16 06:14:00,275 INFO     Training step 13000 out of 630784; Epoch 168; Learning rate: 0.0034347917987740434
2024-12-16 06:14:06,257 INFO     Validation loss: 9.456576770265004
2024-12-16 06:14:06,258 INFO     Validation perplexity: 12792.019389504221
2024-12-16 06:14:06,258 INFO     Training step 13100 out of 630784; Epoch 170; Learning rate: 0.003461213274149229
2024-12-16 06:14:12,146 INFO     Validation loss: 9.47454866190496
2024-12-16 06:14:12,147 INFO     Validation perplexity: 13023.994447383384
2024-12-16 06:14:12,147 INFO     Training step 13200 out of 630784; Epoch 171; Learning rate: 0.0034876347495244138
2024-12-16 06:14:18,159 INFO     Validation loss: 9.517921394422666
2024-12-16 06:14:18,160 INFO     Validation perplexity: 13601.310051792761
2024-12-16 06:14:18,160 INFO     Training step 13300 out of 630784; Epoch 172; Learning rate: 0.0035140562248995983
2024-12-16 06:14:24,103 INFO     Validation loss: 9.493057541842743
2024-12-16 06:14:24,103 INFO     Validation perplexity: 13267.298695616335
2024-12-16 06:14:24,104 INFO     Training step 13400 out of 630784; Epoch 174; Learning rate: 0.0035404777002747832
2024-12-16 06:14:30,020 INFO     Validation loss: 9.471260474746407
2024-12-16 06:14:30,020 INFO     Validation perplexity: 12981.239447831545
2024-12-16 06:14:30,020 INFO     Training step 13500 out of 630784; Epoch 175; Learning rate: 0.0035668991756499686
2024-12-16 06:14:35,909 INFO     Validation loss: 9.526490167907104
2024-12-16 06:14:35,910 INFO     Validation perplexity: 13718.357356467155
2024-12-16 06:14:35,910 INFO     Training step 13600 out of 630784; Epoch 176; Learning rate: 0.003593320651025153
2024-12-16 06:14:41,915 INFO     Validation loss: 9.492935253482413
2024-12-16 06:14:41,916 INFO     Validation perplexity: 13265.676358611321
2024-12-16 06:14:41,916 INFO     Training step 13700 out of 630784; Epoch 177; Learning rate: 0.003619742126400338
2024-12-16 06:14:47,878 INFO     Validation loss: 9.466884253372601
2024-12-16 06:14:47,879 INFO     Validation perplexity: 12924.554793065776
2024-12-16 06:14:47,879 INFO     Training step 13800 out of 630784; Epoch 179; Learning rate: 0.0036461636017755235
2024-12-16 06:14:53,934 INFO     Validation loss: 9.526945365875537
2024-12-16 06:14:53,935 INFO     Validation perplexity: 13724.603346339161
2024-12-16 06:14:53,935 INFO     Training step 13900 out of 630784; Epoch 180; Learning rate: 0.003672585077150708
2024-12-16 06:14:59,905 INFO     Validation loss: 9.518898900493307
2024-12-16 06:14:59,905 INFO     Validation perplexity: 13614.611915203986
2024-12-16 06:14:59,905 INFO     Training step 14000 out of 630784; Epoch 181; Learning rate: 0.003699006552525893
2024-12-16 06:15:05,941 INFO     Validation loss: 9.470254746662508
2024-12-16 06:15:05,941 INFO     Validation perplexity: 12968.190413744993
2024-12-16 06:15:05,941 INFO     Training step 14100 out of 630784; Epoch 183; Learning rate: 0.0037254280279010784
2024-12-16 06:15:11,871 INFO     Validation loss: 9.532363321323512
2024-12-16 06:15:11,871 INFO     Validation perplexity: 13799.164437756206
2024-12-16 06:15:11,871 INFO     Training step 14200 out of 630784; Epoch 184; Learning rate: 0.003751849503276263
2024-12-16 06:15:17,927 INFO     Validation loss: 9.5428175978734
2024-12-16 06:15:17,928 INFO     Validation perplexity: 13944.181422012094
2024-12-16 06:15:17,928 INFO     Training step 14300 out of 630784; Epoch 185; Learning rate: 0.003778270978651448
2024-12-16 06:15:23,898 INFO     Validation loss: 9.485197575560303
2024-12-16 06:15:23,898 INFO     Validation perplexity: 13163.426924277834
2024-12-16 06:15:23,898 INFO     Training step 14400 out of 630784; Epoch 187; Learning rate: 0.0038046924540266333
2024-12-16 06:15:29,822 INFO     Validation loss: 9.534989531232327
2024-12-16 06:15:29,823 INFO     Validation perplexity: 13835.451568090673
2024-12-16 06:15:29,823 INFO     Training step 14500 out of 630784; Epoch 188; Learning rate: 0.003831113929401818
2024-12-16 06:15:35,747 INFO     Validation loss: 9.56459787173625
2024-12-16 06:15:35,747 INFO     Validation perplexity: 14251.221078376153
2024-12-16 06:15:35,747 INFO     Training step 14600 out of 630784; Epoch 189; Learning rate: 0.0038575354047770028
2024-12-16 06:15:41,704 INFO     Validation loss: 9.528068342128563
2024-12-16 06:15:41,704 INFO     Validation perplexity: 13740.024407101217
2024-12-16 06:15:41,704 INFO     Training step 14700 out of 630784; Epoch 190; Learning rate: 0.003883956880152188
2024-12-16 06:15:47,708 INFO     Validation loss: 9.482741752085614
2024-12-16 06:15:47,708 INFO     Validation perplexity: 13131.13953372296
2024-12-16 06:15:47,708 INFO     Training step 14800 out of 630784; Epoch 192; Learning rate: 0.003910378355527372
2024-12-16 06:15:53,692 INFO     Validation loss: 9.560025860827764
2024-12-16 06:15:53,692 INFO     Validation perplexity: 14186.213062066468
2024-12-16 06:15:53,692 INFO     Training step 14900 out of 630784; Epoch 193; Learning rate: 0.003936799830902558
2024-12-16 06:15:59,671 INFO     Validation loss: 9.56591606220856
2024-12-16 06:15:59,671 INFO     Validation perplexity: 14270.019289309697
2024-12-16 06:15:59,671 INFO     Training step 15000 out of 630784; Epoch 194; Learning rate: 0.003963221306277743
2024-12-16 06:16:05,684 INFO     Validation loss: 9.46785961681314
2024-12-16 06:16:05,684 INFO     Validation perplexity: 12937.167081078609
2024-12-16 06:16:05,685 INFO     Training step 15100 out of 630784; Epoch 196; Learning rate: 0.003989642781652927
2024-12-16 06:16:11,614 INFO     Validation loss: 9.505419747157912
2024-12-16 06:16:11,615 INFO     Validation perplexity: 13432.32973816325
2024-12-16 06:16:11,615 INFO     Training step 15200 out of 630784; Epoch 197; Learning rate: 0.004016064257028112
2024-12-16 06:16:17,483 INFO     Validation loss: 9.596737037790938
2024-12-16 06:16:17,483 INFO     Validation perplexity: 14716.683155625722
2024-12-16 06:16:17,483 INFO     Training step 15300 out of 630784; Epoch 198; Learning rate: 0.004042485732403298
2024-12-16 06:16:23,291 INFO     Validation loss: 9.497738710586889
2024-12-16 06:16:23,291 INFO     Validation perplexity: 13329.550752100864
2024-12-16 06:16:23,291 INFO     Training step 15400 out of 630784; Epoch 200; Learning rate: 0.004068907207778482
2024-12-16 06:16:29,097 INFO     Validation loss: 9.525680937835451
2024-12-16 06:16:29,097 INFO     Validation perplexity: 13707.260539705101
2024-12-16 06:16:29,098 INFO     Training step 15500 out of 630784; Epoch 201; Learning rate: 0.004095328683153667
2024-12-16 06:16:34,864 INFO     Validation loss: 9.631571230098036
2024-12-16 06:16:34,864 INFO     Validation perplexity: 15238.360277284715
2024-12-16 06:16:34,865 INFO     Training step 15600 out of 630784; Epoch 202; Learning rate: 0.004121750158528853
2024-12-16 06:16:40,702 INFO     Validation loss: 9.578583386087042
2024-12-16 06:16:40,703 INFO     Validation perplexity: 14451.931986439611
2024-12-16 06:16:40,703 INFO     Training step 15700 out of 630784; Epoch 203; Learning rate: 0.004148171633904037
2024-12-16 06:16:46,505 INFO     Validation loss: 9.524886078078563
2024-12-16 06:16:46,505 INFO     Validation perplexity: 13696.369518915382
2024-12-16 06:16:46,505 INFO     Training step 15800 out of 630784; Epoch 205; Learning rate: 0.004174593109279222
2024-12-16 06:16:52,416 INFO     Validation loss: 9.584334998961548
2024-12-16 06:16:52,417 INFO     Validation perplexity: 14535.293406014525
2024-12-16 06:16:52,417 INFO     Training step 15900 out of 630784; Epoch 206; Learning rate: 0.004201014584654408
2024-12-16 06:16:58,197 INFO     Validation loss: 9.6775668989667
2024-12-16 06:16:58,198 INFO     Validation perplexity: 15955.628005217406
2024-12-16 06:16:58,198 INFO     Training step 16000 out of 630784; Epoch 207; Learning rate: 0.004227436060029592
2024-12-16 06:17:04,061 INFO     Validation loss: 9.543795703570865
2024-12-16 06:17:04,061 INFO     Validation perplexity: 13957.82697761741
2024-12-16 06:17:04,062 INFO     Training step 16100 out of 630784; Epoch 209; Learning rate: 0.004253857535404777
2024-12-16 06:17:09,848 INFO     Validation loss: 9.560703927365008
2024-12-16 06:17:09,848 INFO     Validation perplexity: 14195.835520398889
2024-12-16 06:17:09,848 INFO     Training step 16200 out of 630784; Epoch 210; Learning rate: 0.0042802790107799625
2024-12-16 06:17:15,732 INFO     Validation loss: 9.663630496558573
2024-12-16 06:17:15,732 INFO     Validation perplexity: 15734.806257082915
2024-12-16 06:17:15,732 INFO     Training step 16300 out of 630784; Epoch 211; Learning rate: 0.004306700486155147
2024-12-16 06:17:21,487 INFO     Validation loss: 9.54973931268716
2024-12-16 06:17:21,487 INFO     Validation perplexity: 14041.03387497159
2024-12-16 06:17:21,488 INFO     Training step 16400 out of 630784; Epoch 212; Learning rate: 0.004333121961530332
2024-12-16 06:17:27,371 INFO     Validation loss: 9.510535554939382
2024-12-16 06:17:27,372 INFO     Validation perplexity: 13501.223027320131
2024-12-16 06:17:27,372 INFO     Training step 16500 out of 630784; Epoch 214; Learning rate: 0.004359543436905517
2024-12-16 06:17:33,141 INFO     Validation loss: 9.622787495775901
2024-12-16 06:17:33,141 INFO     Validation perplexity: 15105.096701841758
2024-12-16 06:17:33,141 INFO     Training step 16600 out of 630784; Epoch 215; Learning rate: 0.0043859649122807015
2024-12-16 06:17:38,977 INFO     Validation loss: 9.658012174511915
2024-12-16 06:17:38,978 INFO     Validation perplexity: 15646.650922607587
2024-12-16 06:17:38,978 INFO     Training step 16700 out of 630784; Epoch 216; Learning rate: 0.0044123863876558865
2024-12-16 06:17:44,802 INFO     Validation loss: 9.602245114194504
2024-12-16 06:17:44,802 INFO     Validation perplexity: 14797.967425331757
2024-12-16 06:17:44,802 INFO     Training step 16800 out of 630784; Epoch 218; Learning rate: 0.004438807863031072
2024-12-16 06:17:50,660 INFO     Validation loss: 9.56336290848192
2024-12-16 06:17:50,660 INFO     Validation perplexity: 14233.632207055362
2024-12-16 06:17:50,661 INFO     Training step 16900 out of 630784; Epoch 219; Learning rate: 0.004465229338406256
2024-12-16 06:17:56,464 INFO     Validation loss: 9.669913535827991
2024-12-16 06:17:56,464 INFO     Validation perplexity: 15833.979892362522
2024-12-16 06:17:56,464 INFO     Training step 17000 out of 630784; Epoch 220; Learning rate: 0.004491650813781441
2024-12-16 06:18:02,334 INFO     Validation loss: 9.60780794792651
2024-12-16 06:18:02,334 INFO     Validation perplexity: 14880.515445274017
2024-12-16 06:18:02,335 INFO     Training step 17100 out of 630784; Epoch 222; Learning rate: 0.004518072289156626
2024-12-16 06:18:08,092 INFO     Validation loss: 9.635113047391659
2024-12-16 06:18:08,092 INFO     Validation perplexity: 15292.42745675657
2024-12-16 06:18:08,092 INFO     Training step 17200 out of 630784; Epoch 223; Learning rate: 0.004544493764531811
2024-12-16 06:18:14,021 INFO     Validation loss: 9.695432448181036
2024-12-16 06:18:14,021 INFO     Validation perplexity: 16243.245636001722
2024-12-16 06:18:14,021 INFO     Training step 17300 out of 630784; Epoch 224; Learning rate: 0.004570915239906996
2024-12-16 06:18:19,728 INFO     Validation loss: 9.617390766191535
2024-12-16 06:18:19,728 INFO     Validation perplexity: 15023.798150062168
2024-12-16 06:18:19,728 INFO     Training step 17400 out of 630784; Epoch 225; Learning rate: 0.004597336715282181
2024-12-16 06:18:25,654 INFO     Validation loss: 9.578663218045104
2024-12-16 06:18:25,654 INFO     Validation perplexity: 14453.085758521209
2024-12-16 06:18:25,654 INFO     Training step 17500 out of 630784; Epoch 227; Learning rate: 0.004623758190657366
2024-12-16 06:18:31,399 INFO     Validation loss: 9.616871557135594
2024-12-16 06:18:31,399 INFO     Validation perplexity: 15015.999682700654
2024-12-16 06:18:31,399 INFO     Training step 17600 out of 630784; Epoch 228; Learning rate: 0.004650179666032551
2024-12-16 06:18:37,294 INFO     Validation loss: 9.714876587037057
2024-12-16 06:18:37,294 INFO     Validation perplexity: 16562.17213710434
2024-12-16 06:18:37,294 INFO     Training step 17700 out of 630784; Epoch 229; Learning rate: 0.004676601141407736
2024-12-16 06:18:43,103 INFO     Validation loss: 9.659788070355626
2024-12-16 06:18:43,104 INFO     Validation perplexity: 15674.462432812385
2024-12-16 06:18:43,104 INFO     Training step 17800 out of 630784; Epoch 231; Learning rate: 0.004703022616782921
2024-12-16 06:18:48,983 INFO     Validation loss: 9.673639369451584
2024-12-16 06:18:48,983 INFO     Validation perplexity: 15893.084706018197
2024-12-16 06:18:48,983 INFO     Training step 17900 out of 630784; Epoch 232; Learning rate: 0.004729444092158106
2024-12-16 06:18:54,779 INFO     Validation loss: 9.716566470502913
2024-12-16 06:18:54,780 INFO     Validation perplexity: 16590.183939632338
2024-12-16 06:18:54,780 INFO     Training step 18000 out of 630784; Epoch 233; Learning rate: 0.004755865567533291
2024-12-16 06:19:00,638 INFO     Validation loss: 9.606550964872918
2024-12-16 06:19:00,638 INFO     Validation perplexity: 14861.822640261385
2024-12-16 06:19:00,638 INFO     Training step 18100 out of 630784; Epoch 235; Learning rate: 0.004782287042908477
2024-12-16 06:19:06,401 INFO     Validation loss: 9.64289726230868
2024-12-16 06:19:06,401 INFO     Validation perplexity: 15411.931517895418
2024-12-16 06:19:06,401 INFO     Training step 18200 out of 630784; Epoch 236; Learning rate: 0.004808708518283661
2024-12-16 06:19:12,281 INFO     Validation loss: 9.744546329061293
2024-12-16 06:19:12,281 INFO     Validation perplexity: 17060.92993209068
2024-12-16 06:19:12,281 INFO     Training step 18300 out of 630784; Epoch 237; Learning rate: 0.004835129993658846
2024-12-16 06:19:18,052 INFO     Validation loss: 9.742587223794871
2024-12-16 06:19:18,052 INFO     Validation perplexity: 17027.538493761953
2024-12-16 06:19:18,052 INFO     Training step 18400 out of 630784; Epoch 238; Learning rate: 0.004861551469034032
2024-12-16 06:19:23,892 INFO     Validation loss: 9.651616251108049
2024-12-16 06:19:23,892 INFO     Validation perplexity: 15546.895495878445
2024-12-16 06:19:23,892 INFO     Training step 18500 out of 630784; Epoch 240; Learning rate: 0.004887972944409216
2024-12-16 06:19:29,738 INFO     Validation loss: 9.704391017263479
2024-12-16 06:19:29,738 INFO     Validation perplexity: 16389.415633582343
2024-12-16 06:19:29,738 INFO     Training step 18600 out of 630784; Epoch 241; Learning rate: 0.004914394419784401
2024-12-16 06:19:35,543 INFO     Validation loss: 9.728483980066345
2024-12-16 06:19:35,544 INFO     Validation perplexity: 16789.08043679447
2024-12-16 06:19:35,544 INFO     Training step 18700 out of 630784; Epoch 242; Learning rate: 0.004940815895159586
2024-12-16 06:19:41,391 INFO     Validation loss: 9.64271211195116
2024-12-16 06:19:41,391 INFO     Validation perplexity: 15409.07825741408
2024-12-16 06:19:41,391 INFO     Training step 18800 out of 630784; Epoch 244; Learning rate: 0.004967237370534771
2024-12-16 06:19:47,160 INFO     Validation loss: 9.697808728823379
2024-12-16 06:19:47,161 INFO     Validation perplexity: 16281.890042969006
2024-12-16 06:19:47,161 INFO     Training step 18900 out of 630784; Epoch 245; Learning rate: 0.004993658845909956
2024-12-16 06:19:53,049 INFO     Validation loss: 9.807761798335136
2024-12-16 06:19:53,050 INFO     Validation perplexity: 18174.263853498396
2024-12-16 06:19:53,050 INFO     Training step 19000 out of 630784; Epoch 246; Learning rate: 0.0050200803212851405
2024-12-16 06:19:58,902 INFO     Validation loss: 9.711716347549771
2024-12-16 06:19:58,902 INFO     Validation perplexity: 16509.914323816018
2024-12-16 06:19:58,903 INFO     Training step 19100 out of 630784; Epoch 248; Learning rate: 0.0050465017966603255
2024-12-16 06:20:04,711 INFO     Validation loss: 9.662675497672204
2024-12-16 06:20:04,712 INFO     Validation perplexity: 15719.786707598194
2024-12-16 06:20:04,712 INFO     Training step 19200 out of 630784; Epoch 249; Learning rate: 0.0050729232720355105
2024-12-16 06:20:10,613 INFO     Validation loss: 9.721448202939893
2024-12-16 06:20:10,614 INFO     Validation perplexity: 16671.370783698614
2024-12-16 06:20:10,614 INFO     Training step 19300 out of 630784; Epoch 250; Learning rate: 0.005099344747410695
2024-12-16 06:20:16,364 INFO     Validation loss: 9.76408535337663
2024-12-16 06:20:16,364 INFO     Validation perplexity: 17397.561877061078
2024-12-16 06:20:16,364 INFO     Training step 19400 out of 630784; Epoch 251; Learning rate: 0.00512576622278588
2024-12-16 06:20:22,209 INFO     Validation loss: 9.66153162351494
2024-12-16 06:20:22,210 INFO     Validation perplexity: 15701.815530167907
2024-12-16 06:20:22,210 INFO     Training step 19500 out of 630784; Epoch 253; Learning rate: 0.005152187698161065
2024-12-16 06:20:28,070 INFO     Validation loss: 9.719949594721703
2024-12-16 06:20:28,070 INFO     Validation perplexity: 16646.405641589514
2024-12-16 06:20:28,070 INFO     Training step 19600 out of 630784; Epoch 254; Learning rate: 0.00517860917353625
2024-12-16 06:20:33,906 INFO     Validation loss: 9.773377934015699
2024-12-16 06:20:33,907 INFO     Validation perplexity: 17559.983613482582
2024-12-16 06:20:33,907 INFO     Training step 19700 out of 630784; Epoch 255; Learning rate: 0.005205030648911435
2024-12-16 06:20:39,727 INFO     Validation loss: 9.686391001722587
2024-12-16 06:20:39,728 INFO     Validation perplexity: 16097.045128266065
2024-12-16 06:20:39,728 INFO     Training step 19800 out of 630784; Epoch 257; Learning rate: 0.005231452124286619
2024-12-16 06:20:45,534 INFO     Validation loss: 9.709011269191336
2024-12-16 06:20:45,534 INFO     Validation perplexity: 16465.314062676316
2024-12-16 06:20:45,534 INFO     Training step 19900 out of 630784; Epoch 258; Learning rate: 0.005257873599661805
2024-12-16 06:20:51,387 INFO     Validation loss: 9.786693065181064
2024-12-16 06:20:51,387 INFO     Validation perplexity: 17795.360659133104
2024-12-16 06:20:51,387 INFO     Training step 20000 out of 630784; Epoch 259; Learning rate: 0.00528429507503699
2024-12-16 06:20:57,315 INFO     Validation loss: 9.752443827997787
2024-12-16 06:20:57,315 INFO     Validation perplexity: 17196.202060749394
2024-12-16 06:20:57,315 INFO     Training step 20100 out of 630784; Epoch 261; Learning rate: 0.005310716550412174
2024-12-16 06:21:03,106 INFO     Validation loss: 9.684837598390063
2024-12-16 06:21:03,106 INFO     Validation perplexity: 16072.059336250672
2024-12-16 06:21:03,107 INFO     Training step 20200 out of 630784; Epoch 262; Learning rate: 0.00533713802578736
2024-12-16 06:21:08,892 INFO     Validation loss: 9.736544588685671
2024-12-16 06:21:08,892 INFO     Validation perplexity: 16924.95753362371
2024-12-16 06:21:08,892 INFO     Training step 20300 out of 630784; Epoch 263; Learning rate: 0.005363559501162545
2024-12-16 06:21:14,745 INFO     Validation loss: 9.766804714187549
2024-12-16 06:21:14,746 INFO     Validation perplexity: 17444.936510201165
2024-12-16 06:21:14,746 INFO     Training step 20400 out of 630784; Epoch 264; Learning rate: 0.005389980976537729
2024-12-16 06:21:20,540 INFO     Validation loss: 9.687258183564053
2024-12-16 06:21:20,541 INFO     Validation perplexity: 16111.010247776429
2024-12-16 06:21:20,541 INFO     Training step 20500 out of 630784; Epoch 266; Learning rate: 0.005416402451912915
2024-12-16 06:21:26,411 INFO     Validation loss: 9.69995690818227
2024-12-16 06:21:26,411 INFO     Validation perplexity: 16316.904057810156
2024-12-16 06:21:26,411 INFO     Training step 20600 out of 630784; Epoch 267; Learning rate: 0.0054428239272881
2024-12-16 06:21:32,273 INFO     Validation loss: 9.793689733943664
2024-12-16 06:21:32,273 INFO     Validation perplexity: 17920.3054922761
2024-12-16 06:21:32,273 INFO     Training step 20700 out of 630784; Epoch 268; Learning rate: 0.005469245402663284
2024-12-16 06:21:38,091 INFO     Validation loss: 9.74266447642866
2024-12-16 06:21:38,091 INFO     Validation perplexity: 17028.853966768755
2024-12-16 06:21:38,091 INFO     Training step 20800 out of 630784; Epoch 270; Learning rate: 0.00549566687803847
2024-12-16 06:21:43,856 INFO     Validation loss: 9.729513870631777
2024-12-16 06:21:43,856 INFO     Validation perplexity: 16806.380259271456
2024-12-16 06:21:43,856 INFO     Training step 20900 out of 630784; Epoch 271; Learning rate: 0.005522088353413655
2024-12-16 06:21:49,700 INFO     Validation loss: 9.780774607392194
2024-12-16 06:21:49,700 INFO     Validation perplexity: 17690.35062349136
2024-12-16 06:21:49,700 INFO     Training step 21000 out of 630784; Epoch 272; Learning rate: 0.005548509828788839
2024-12-16 06:21:55,521 INFO     Validation loss: 9.798291851622787
2024-12-16 06:21:55,521 INFO     Validation perplexity: 18002.96690988927
2024-12-16 06:21:55,521 INFO     Training step 21100 out of 630784; Epoch 274; Learning rate: 0.005574931304164025
2024-12-16 06:22:01,291 INFO     Validation loss: 9.7437440300726
2024-12-16 06:22:01,291 INFO     Validation perplexity: 17047.247454712808
2024-12-16 06:22:01,291 INFO     Training step 21200 out of 630784; Epoch 275; Learning rate: 0.00560135277953921
2024-12-16 06:22:07,051 INFO     Validation loss: 9.810414681305053
2024-12-16 06:22:07,051 INFO     Validation perplexity: 18222.5420584657
2024-12-16 06:22:07,051 INFO     Training step 21300 out of 630784; Epoch 276; Learning rate: 0.005627774254914394
2024-12-16 06:22:12,844 INFO     Validation loss: 9.867318046149341
2024-12-16 06:22:12,844 INFO     Validation perplexity: 19289.535892997308
2024-12-16 06:22:12,844 INFO     Training step 21400 out of 630784; Epoch 277; Learning rate: 0.0056541957302895796
2024-12-16 06:22:18,649 INFO     Validation loss: 9.742645094985981
2024-12-16 06:22:18,650 INFO     Validation perplexity: 17028.523926210062
2024-12-16 06:22:18,650 INFO     Training step 21500 out of 630784; Epoch 279; Learning rate: 0.0056806172056647645
2024-12-16 06:22:24,451 INFO     Validation loss: 9.726021379236165
2024-12-16 06:22:24,451 INFO     Validation perplexity: 16747.7864994836
2024-12-16 06:22:24,451 INFO     Training step 21600 out of 630784; Epoch 280; Learning rate: 0.00570703868103995
2024-12-16 06:22:30,283 INFO     Validation loss: 9.837441429845766
2024-12-16 06:22:30,284 INFO     Validation perplexity: 18721.753768266568
2024-12-16 06:22:30,284 INFO     Training step 21700 out of 630784; Epoch 281; Learning rate: 0.0057334601564151344
2024-12-16 06:22:36,067 INFO     Validation loss: 9.766722916891952
2024-12-16 06:22:36,067 INFO     Validation perplexity: 17443.509619931458
2024-12-16 06:22:36,067 INFO     Training step 21800 out of 630784; Epoch 283; Learning rate: 0.005759881631790319
2024-12-16 06:22:41,848 INFO     Validation loss: 9.708648580431408
2024-12-16 06:22:41,849 INFO     Validation perplexity: 16459.343361155712
2024-12-16 06:22:41,849 INFO     Training step 21900 out of 630784; Epoch 284; Learning rate: 0.005786303107165504
