2024-12-16 07:03:57,549 INFO     Namespace(directory='CHILDES/pretraining_sixtyfourth_1/', add_eos=False, batch_size=10, shuffle=False, architecture='LSTM', n_embd=32, n_positions=256, n_head=12, n_layer=2, dropout=0.1, pretrained_name='weights/meta_lm_hidden64_wes_LOTNEST_0', pretrained_vocab_size=15, n_epochs=25, eval_every=100, weight_decay=0.01, learning_rate=0.01, lr_scheduler_type='cosine', warmup_proportion=0.06, patience=None, lr_decay_patience=None, model_name='bestparams_adapt_hidden64_wes_LOTNEST_final_0', model_index=None, weight_dir='weights/', log_dir='logs/', eval=False, eval_generate=False, eval_zorro=False, eval_recursion=False, eval_priming=False, eval_scamp_plausible=False, eval_scamp_implausible=False, eval_blimp=False, eval_test=False, eval_suffix=None)
2024-12-16 07:04:07,826 INFO     Vocab size: 17406
2024-12-16 07:04:09,484 INFO     Model size: 0.0M parameters
2024-12-16 07:04:10,003 INFO     Loading model checkpoint from weights/meta_lm_hidden64_wes_LOTNEST_0
2024-12-16 07:04:15,127 INFO     Validation loss: 12.887181755531863
2024-12-16 07:04:15,127 INFO     Validation perplexity: 395213.63885450206
2024-12-16 07:04:15,127 INFO     Saving model checkpoint to weights/
2024-12-16 07:04:15,131 INFO     Training step 0 out of 3075; Epoch 0; Learning rate: 0.0
2024-12-16 07:04:21,251 INFO     Validation loss: 8.802488973986991
2024-12-16 07:04:21,251 INFO     Validation perplexity: 6650.777033635208
2024-12-16 07:04:21,252 INFO     Saving model checkpoint to weights/
2024-12-16 07:04:21,257 INFO     Training step 100 out of 3075; Epoch 0; Learning rate: 0.005405405405405406
2024-12-16 07:04:27,452 INFO     Validation loss: 7.167907417429607
2024-12-16 07:04:27,452 INFO     Validation perplexity: 1297.1274146058367
2024-12-16 07:04:27,452 INFO     Saving model checkpoint to weights/
2024-12-16 07:04:27,457 INFO     Training step 200 out of 3075; Epoch 1; Learning rate: 0.009999335313337923
2024-12-16 07:04:33,539 INFO     Validation loss: 7.061938701964377
2024-12-16 07:04:33,539 INFO     Validation perplexity: 1166.7048676395518
2024-12-16 07:04:33,539 INFO     Saving model checkpoint to weights/
2024-12-16 07:04:33,544 INFO     Training step 300 out of 3075; Epoch 2; Learning rate: 0.009960981184243902
2024-12-16 07:04:39,653 INFO     Validation loss: 6.964732116738292
2024-12-16 07:04:39,654 INFO     Validation perplexity: 1058.6312898354481
2024-12-16 07:04:39,654 INFO     Saving model checkpoint to weights/
2024-12-16 07:04:39,659 INFO     Training step 400 out of 3075; Epoch 3; Learning rate: 0.00986406127548582
2024-12-16 07:04:45,725 INFO     Validation loss: 6.834320056255865
2024-12-16 07:04:45,725 INFO     Validation perplexity: 929.1963346473796
2024-12-16 07:04:45,725 INFO     Saving model checkpoint to weights/
2024-12-16 07:04:45,730 INFO     Training step 500 out of 3075; Epoch 4; Learning rate: 0.009709719753874758
2024-12-16 07:04:51,842 INFO     Validation loss: 6.736335841446848
2024-12-16 07:04:51,842 INFO     Validation perplexity: 842.468136595682
2024-12-16 07:04:51,842 INFO     Saving model checkpoint to weights/
2024-12-16 07:04:51,847 INFO     Training step 600 out of 3075; Epoch 4; Learning rate: 0.009499778664528802
2024-12-16 07:04:57,960 INFO     Validation loss: 6.687426511821322
2024-12-16 07:04:57,960 INFO     Validation perplexity: 802.2549995022829
2024-12-16 07:04:57,960 INFO     Saving model checkpoint to weights/
2024-12-16 07:04:57,965 INFO     Training step 700 out of 3075; Epoch 5; Learning rate: 0.009236716421117433
2024-12-16 07:05:04,048 INFO     Validation loss: 6.572257885630011
2024-12-16 07:05:04,048 INFO     Validation perplexity: 714.9823704165899
2024-12-16 07:05:04,048 INFO     Saving model checkpoint to weights/
2024-12-16 07:05:04,053 INFO     Training step 800 out of 3075; Epoch 6; Learning rate: 0.008923638547490351
2024-12-16 07:05:10,135 INFO     Validation loss: 6.58968816616867
2024-12-16 07:05:10,136 INFO     Validation perplexity: 727.5539585829503
2024-12-16 07:05:10,136 INFO     Training step 900 out of 3075; Epoch 7; Learning rate: 0.008564241016094045
2024-12-16 07:05:16,241 INFO     Validation loss: 6.507043149218069
2024-12-16 07:05:16,242 INFO     Validation perplexity: 669.8428611083672
2024-12-16 07:05:16,242 INFO     Saving model checkpoint to weights/
2024-12-16 07:05:16,247 INFO     Training step 1000 out of 3075; Epoch 8; Learning rate: 0.008162766615976463
2024-12-16 07:05:22,353 INFO     Validation loss: 6.497202368296068
2024-12-16 07:05:22,353 INFO     Validation perplexity: 663.2834122448472
2024-12-16 07:05:22,353 INFO     Saving model checkpoint to weights/
2024-12-16 07:05:22,358 INFO     Training step 1100 out of 3075; Epoch 8; Learning rate: 0.007723954865467706
2024-12-16 07:05:28,430 INFO     Validation loss: 6.48269515492304
2024-12-16 07:05:28,430 INFO     Validation perplexity: 653.7304790182837
2024-12-16 07:05:28,430 INFO     Saving model checkpoint to weights/
2024-12-16 07:05:28,435 INFO     Training step 1200 out of 3075; Epoch 9; Learning rate: 0.007252986060831738
2024-12-16 07:05:34,482 INFO     Validation loss: 6.433868157092433
2024-12-16 07:05:34,482 INFO     Validation perplexity: 622.5775239759793
2024-12-16 07:05:34,482 INFO     Saving model checkpoint to weights/
2024-12-16 07:05:34,487 INFO     Training step 1300 out of 3075; Epoch 10; Learning rate: 0.006755420121410429
2024-12-16 07:05:40,543 INFO     Validation loss: 6.489915451928389
2024-12-16 07:05:40,544 INFO     Validation perplexity: 658.4676886883699
2024-12-16 07:05:40,544 INFO     Training step 1400 out of 3075; Epoch 11; Learning rate: 0.006237130953210327
2024-12-16 07:05:46,603 INFO     Validation loss: 6.443055443289689
2024-12-16 07:05:46,603 INFO     Validation perplexity: 628.3236772284208
2024-12-16 07:05:46,603 INFO     Training step 1500 out of 3075; Epoch 12; Learning rate: 0.005704237105788417
2024-12-16 07:05:52,663 INFO     Validation loss: 6.444432477086317
2024-12-16 07:05:52,663 INFO     Validation perplexity: 629.1894961613369
2024-12-16 07:05:52,663 INFO     Training step 1600 out of 3075; Epoch 13; Learning rate: 0.005163029541051906
2024-12-16 07:05:58,660 INFO     Validation loss: 6.425627105953025
2024-12-16 07:05:58,661 INFO     Validation perplexity: 617.46791395957
2024-12-16 07:05:58,661 INFO     Saving model checkpoint to weights/
2024-12-16 07:05:58,666 INFO     Training step 1700 out of 3075; Epoch 13; Learning rate: 0.004619897366681658
2024-12-16 07:06:04,750 INFO     Validation loss: 6.425781179173321
2024-12-16 07:06:04,750 INFO     Validation perplexity: 617.5630565587782
2024-12-16 07:06:04,750 INFO     Training step 1800 out of 3075; Epoch 14; Learning rate: 0.004081252410917148
2024-12-16 07:06:10,774 INFO     Validation loss: 6.442978782627446
2024-12-16 07:06:10,775 INFO     Validation perplexity: 628.2755113654586
2024-12-16 07:06:10,775 INFO     Training step 1900 out of 3075; Epoch 15; Learning rate: 0.003553453529118813
2024-12-16 07:06:16,835 INFO     Validation loss: 6.443522976860165
2024-12-16 07:06:16,835 INFO     Validation perplexity: 628.6175083232483
2024-12-16 07:06:16,835 INFO     Training step 2000 out of 3075; Epoch 16; Learning rate: 0.003042731535690166
2024-12-16 07:06:22,834 INFO     Validation loss: 6.439339702251257
2024-12-16 07:06:22,834 INFO     Validation perplexity: 625.9933213362518
2024-12-16 07:06:22,834 INFO     Training step 2100 out of 3075; Epoch 17; Learning rate: 0.002555115647559445
2024-12-16 07:06:28,928 INFO     Validation loss: 6.424922674411212
2024-12-16 07:06:28,929 INFO     Validation perplexity: 617.0331032500885
2024-12-16 07:06:28,929 INFO     Saving model checkpoint to weights/
2024-12-16 07:06:28,934 INFO     Training step 2200 out of 3075; Epoch 17; Learning rate: 0.002096362307576237
2024-12-16 07:06:34,969 INFO     Validation loss: 6.417057323932789
2024-12-16 07:06:34,969 INFO     Validation perplexity: 612.1989576823154
2024-12-16 07:06:34,969 INFO     Saving model checkpoint to weights/
2024-12-16 07:06:34,974 INFO     Training step 2300 out of 3075; Epoch 18; Learning rate: 0.0016718872280828778
2024-12-16 07:06:41,048 INFO     Validation loss: 6.425070173932036
2024-12-16 07:06:41,048 INFO     Validation perplexity: 617.1241220496
2024-12-16 07:06:41,048 INFO     Training step 2400 out of 3075; Epoch 19; Learning rate: 0.0012867014569054385
2024-12-16 07:06:47,071 INFO     Validation loss: 6.440037372921594
2024-12-16 07:06:47,071 INFO     Validation perplexity: 626.4302109011721
2024-12-16 07:06:47,071 INFO     Training step 2500 out of 3075; Epoch 20; Learning rate: 0.0009453522205232612
2024-12-16 07:06:53,144 INFO     Validation loss: 6.4255035033407015
2024-12-16 07:06:53,144 INFO     Validation perplexity: 617.3915980288997
2024-12-16 07:06:53,144 INFO     Training step 2600 out of 3075; Epoch 21; Learning rate: 0.0006518692427800765
2024-12-16 07:06:59,197 INFO     Validation loss: 6.419168058191504
2024-12-16 07:06:59,197 INFO     Validation perplexity: 613.4925116895711
2024-12-16 07:06:59,197 INFO     Training step 2700 out of 3075; Epoch 21; Learning rate: 0.00040971717285944955
2024-12-16 07:07:05,294 INFO     Validation loss: 6.4242798355223965
2024-12-16 07:07:05,294 INFO     Validation perplexity: 616.636577840265
2024-12-16 07:07:05,294 INFO     Training step 2800 out of 3075; Epoch 22; Learning rate: 0.000221754684125674
2024-12-16 07:07:11,313 INFO     Validation loss: 6.426968659118967
2024-12-16 07:07:11,314 INFO     Validation perplexity: 618.2968358915087
2024-12-16 07:07:11,314 INFO     Training step 2900 out of 3075; Epoch 23; Learning rate: 9.020072667984158e-05
2024-12-16 07:07:17,365 INFO     Validation loss: 6.42688931374424
2024-12-16 07:07:17,366 INFO     Validation perplexity: 618.2477788436233
2024-12-16 07:07:17,366 INFO     Training step 3000 out of 3075; Epoch 24; Learning rate: 1.660833202914158e-05
2024-12-16 07:07:18,158 INFO     Loading model checkpoint from weights/bestparams_adapt_hidden64_wes_LOTNEST_final_0
2024-12-16 07:07:23,161 INFO     Validation loss: 6.417057323932789
2024-12-16 07:07:23,161 INFO     Validation perplexity: 612.1989576823154
2024-12-16 07:07:33,985 INFO     Validation (strided) loss: 6.416411292875537
2024-12-16 07:07:33,986 INFO     Validation (strided) perplexity: 611.8035858674223
