2024-12-16 05:05:07,039 INFO     Namespace(directory='CHILDES/pretraining_thirtysecond_0/', add_eos=False, batch_size=10, shuffle=False, architecture='LSTM', n_embd=32, n_positions=256, n_head=12, n_layer=2, dropout=0.4, pretrained_name='weights/meta_lm_hidden64_wes_LITTLENEST_0', pretrained_vocab_size=15, n_epochs=64, eval_every=100, weight_decay=0.01, learning_rate=0.003, lr_scheduler_type='cosine', warmup_proportion=0.06, patience=None, lr_decay_patience=None, model_name='bestparams_adapt_hidden64_wes_LITTLENEST_0_4', model_index=None, weight_dir='weights/', log_dir='logs/', eval=False, eval_generate=False, eval_zorro=False, eval_recursion=False, eval_priming=False, eval_scamp_plausible=False, eval_scamp_implausible=False, eval_blimp=False, eval_test=False, eval_suffix=None)
2024-12-16 05:05:17,459 INFO     Vocab size: 24736
2024-12-16 05:05:19,125 INFO     Model size: 0.0M parameters
2024-12-16 05:05:20,120 INFO     Loading model checkpoint from weights/meta_lm_hidden64_wes_LITTLENEST_0
2024-12-16 05:05:25,748 INFO     Validation loss: 16.121435054892643
2024-12-16 05:05:25,749 INFO     Validation perplexity: 10033449.859554533
2024-12-16 05:05:25,749 INFO     Saving model checkpoint to weights/
2024-12-16 05:05:25,755 INFO     Training step 0 out of 15808; Epoch 0; Learning rate: 0.0
2024-12-16 05:05:32,474 INFO     Validation loss: 14.126183246460068
2024-12-16 05:05:32,474 INFO     Validation perplexity: 1364342.583072134
2024-12-16 05:05:32,474 INFO     Saving model checkpoint to weights/
2024-12-16 05:05:32,482 INFO     Training step 100 out of 15808; Epoch 0; Learning rate: 0.00031612223393045314
2024-12-16 05:05:39,192 INFO     Validation loss: 10.214330992488334
2024-12-16 05:05:39,192 INFO     Validation perplexity: 27291.511328915956
2024-12-16 05:05:39,192 INFO     Saving model checkpoint to weights/
2024-12-16 05:05:39,199 INFO     Training step 200 out of 15808; Epoch 0; Learning rate: 0.0006322444678609063
2024-12-16 05:05:45,877 INFO     Validation loss: 9.810645085251704
2024-12-16 05:05:45,877 INFO     Validation perplexity: 18226.741087791863
2024-12-16 05:05:45,877 INFO     Saving model checkpoint to weights/
2024-12-16 05:05:45,884 INFO     Training step 300 out of 15808; Epoch 1; Learning rate: 0.0009483667017913595
2024-12-16 05:05:52,502 INFO     Validation loss: 9.498682739680113
2024-12-16 05:05:52,502 INFO     Validation perplexity: 13342.140177267305
2024-12-16 05:05:52,502 INFO     Saving model checkpoint to weights/
2024-12-16 05:05:52,508 INFO     Training step 400 out of 15808; Epoch 1; Learning rate: 0.0012644889357218126
2024-12-16 05:05:59,231 INFO     Validation loss: 8.847107447160509
2024-12-16 05:05:59,231 INFO     Validation perplexity: 6954.244330249848
2024-12-16 05:05:59,231 INFO     Saving model checkpoint to weights/
2024-12-16 05:05:59,237 INFO     Training step 500 out of 15808; Epoch 2; Learning rate: 0.0015806111696522655
2024-12-16 05:06:05,977 INFO     Validation loss: 8.001681901058374
2024-12-16 05:06:05,978 INFO     Validation perplexity: 2985.975882053687
2024-12-16 05:06:05,978 INFO     Saving model checkpoint to weights/
2024-12-16 05:06:05,984 INFO     Training step 600 out of 15808; Epoch 2; Learning rate: 0.001896733403582719
2024-12-16 05:06:12,620 INFO     Validation loss: 7.502211598318377
2024-12-16 05:06:12,620 INFO     Validation perplexity: 1812.0455029997265
2024-12-16 05:06:12,620 INFO     Saving model checkpoint to weights/
2024-12-16 05:06:12,627 INFO     Training step 700 out of 15808; Epoch 2; Learning rate: 0.0022128556375131717
2024-12-16 05:06:19,320 INFO     Validation loss: 7.305512265646344
2024-12-16 05:06:19,321 INFO     Validation perplexity: 1488.482264911734
2024-12-16 05:06:19,321 INFO     Saving model checkpoint to weights/
2024-12-16 05:06:19,327 INFO     Training step 800 out of 15808; Epoch 3; Learning rate: 0.002528977871443625
2024-12-16 05:06:26,036 INFO     Validation loss: 7.250053586575285
2024-12-16 05:06:26,036 INFO     Validation perplexity: 1408.1803057428901
2024-12-16 05:06:26,036 INFO     Saving model checkpoint to weights/
2024-12-16 05:06:26,043 INFO     Training step 900 out of 15808; Epoch 3; Learning rate: 0.002845100105374078
2024-12-16 05:06:32,766 INFO     Validation loss: 7.204467748502821
2024-12-16 05:06:32,766 INFO     Validation perplexity: 1345.4283921564613
2024-12-16 05:06:32,766 INFO     Saving model checkpoint to weights/
2024-12-16 05:06:32,773 INFO     Training step 1000 out of 15808; Epoch 4; Learning rate: 0.0029999127996982694
2024-12-16 05:06:39,486 INFO     Validation loss: 7.188612117235343
2024-12-16 05:06:39,487 INFO     Validation perplexity: 1324.2640064156503
2024-12-16 05:06:39,487 INFO     Saving model checkpoint to weights/
2024-12-16 05:06:39,493 INFO     Training step 1100 out of 15808; Epoch 4; Learning rate: 0.0029992356384185717
2024-12-16 05:06:46,182 INFO     Validation loss: 7.1653808925714575
2024-12-16 05:06:46,182 INFO     Validation perplexity: 1293.8543264590303
2024-12-16 05:06:46,182 INFO     Saving model checkpoint to weights/
2024-12-16 05:06:46,188 INFO     Training step 1200 out of 15808; Epoch 4; Learning rate: 0.002997888323624741
2024-12-16 05:06:52,906 INFO     Validation loss: 7.168040264994112
2024-12-16 05:06:52,907 INFO     Validation perplexity: 1297.299746270388
2024-12-16 05:06:52,907 INFO     Training step 1300 out of 15808; Epoch 5; Learning rate: 0.002995871457562162
2024-12-16 05:06:59,518 INFO     Validation loss: 7.162591230520417
2024-12-16 05:06:59,518 INFO     Validation perplexity: 1290.249939992513
2024-12-16 05:06:59,519 INFO     Saving model checkpoint to weights/
2024-12-16 05:06:59,525 INFO     Training step 1400 out of 15808; Epoch 5; Learning rate: 0.002993185941763486
2024-12-16 05:07:06,233 INFO     Validation loss: 7.1637432274619135
2024-12-16 05:07:06,233 INFO     Validation perplexity: 1291.7371604493856
2024-12-16 05:07:06,233 INFO     Training step 1500 out of 15808; Epoch 6; Learning rate: 0.0029898329766456467
2024-12-16 05:07:12,863 INFO     Validation loss: 7.161167951912276
2024-12-16 05:07:12,863 INFO     Validation perplexity: 1288.4148610778282
2024-12-16 05:07:12,863 INFO     Saving model checkpoint to weights/
2024-12-16 05:07:12,870 INFO     Training step 1600 out of 15808; Epoch 6; Learning rate: 0.002985814060973282
2024-12-16 05:07:19,532 INFO     Validation loss: 7.147294154397702
2024-12-16 05:07:19,532 INFO     Validation perplexity: 1270.6630812210697
2024-12-16 05:07:19,533 INFO     Saving model checkpoint to weights/
2024-12-16 05:07:19,539 INFO     Training step 1700 out of 15808; Epoch 6; Learning rate: 0.0029811309911887854
2024-12-16 05:07:26,162 INFO     Validation loss: 7.140412159688694
2024-12-16 05:07:26,162 INFO     Validation perplexity: 1261.9484061881424
2024-12-16 05:07:26,162 INFO     Saving model checkpoint to weights/
2024-12-16 05:07:26,169 INFO     Training step 1800 out of 15808; Epoch 7; Learning rate: 0.0029757858606093077
