2024-12-14 02:20:59,710 INFO     Namespace(n_meta_train=5000, n_meta_valid=100, n_meta_test=100, meta_train_batch_size=20, meta_eval_batch_size=100, max_batches_per_language=20, meta_train_size=10, meta_test_size=100, dataset='scfg', yandp_param_file=None, formal_train_size=100, formal_test_size=10, language_list='language_list', withheld_languages='language_list', architecture='LSTM', n_embd=32, n_positions=100, n_head=12, n_layer=2, dropout=0.1, n_epochs=1, eval_every=50, weight_decay=0.1, learning_rate=0.005, inner_lr=1.0, lr_scheduler_type='cosine', warmup_proportion=0.05, patience=None, lr_decay_patience=None, multi_step_loss=True, multi_step_loss_eval=False, pseudo=False, model_name='meta_lm_hidden64_wes_NONEST_0', weight_dir='weights/', log_dir='logs/', eval=False, eval_formal=False, eval_valid=False, eval_generate=False, top_p=1.0, hot_temperature=1.0, cold_temperature=1.0, prec_rec_n_samples=10000, sgd_epochs=1, adam_lr=0.0005, adam_epochs=10, eval_suffix='', return_last=False)
2024-12-14 02:21:05,702 INFO     Model size: 0.0M parameters
2024-12-14 02:25:04,897 INFO     Validation loss: 1.1524042469314117
2024-12-14 02:25:04,898 INFO     Validation perplexity: 3.1657951204356376
2024-12-14 02:25:04,898 INFO     Saving model checkpoint to weights/
2024-12-14 02:25:04,899 INFO     Training step 0 out of 5000; Epoch 0; Learning rate: 0.0
2024-12-14 02:29:38,400 INFO     Validation loss: 1.1224307605652937
2024-12-14 02:29:38,401 INFO     Validation perplexity: 3.072313191863699
2024-12-14 02:29:38,401 INFO     Saving model checkpoint to weights/
2024-12-14 02:29:38,402 INFO     Training step 50 out of 5000; Epoch 0; Learning rate: 0.001
2024-12-14 02:35:06,814 INFO     Validation loss: 1.0850990315395905
2024-12-14 02:35:06,814 INFO     Validation perplexity: 2.9597329111335227
2024-12-14 02:35:06,814 INFO     Saving model checkpoint to weights/
2024-12-14 02:35:06,815 INFO     Training step 100 out of 5000; Epoch 0; Learning rate: 0.002
2024-12-14 02:38:44,907 INFO     Validation loss: 0.9912499348106492
2024-12-14 02:38:44,907 INFO     Validation perplexity: 2.6946004431836976
2024-12-14 02:38:44,907 INFO     Saving model checkpoint to weights/
2024-12-14 02:38:44,909 INFO     Training step 150 out of 5000; Epoch 0; Learning rate: 0.003
2024-12-14 02:42:21,246 INFO     Validation loss: 0.9387168764301311
2024-12-14 02:42:21,246 INFO     Validation perplexity: 2.5566987523164366
2024-12-14 02:42:21,246 INFO     Saving model checkpoint to weights/
2024-12-14 02:42:21,248 INFO     Training step 200 out of 5000; Epoch 0; Learning rate: 0.004
2024-12-14 02:48:06,617 INFO     Validation loss: 0.8363301624241634
2024-12-14 02:48:06,617 INFO     Validation perplexity: 2.307881865223802
2024-12-14 02:48:06,617 INFO     Saving model checkpoint to weights/
2024-12-14 02:48:06,619 INFO     Training step 250 out of 5000; Epoch 0; Learning rate: 0.005
2024-12-14 02:51:45,003 INFO     Validation loss: 0.812701708309164
2024-12-14 02:51:45,004 INFO     Validation perplexity: 2.253989389751793
2024-12-14 02:51:45,004 INFO     Saving model checkpoint to weights/
2024-12-14 02:51:45,005 INFO     Training step 300 out of 5000; Epoch 0; Learning rate: 0.004998633143352315
2024-12-14 02:55:21,069 INFO     Validation loss: 0.8077152836603664
2024-12-14 02:55:21,069 INFO     Validation perplexity: 2.242778017063523
2024-12-14 02:55:21,069 INFO     Saving model checkpoint to weights/
2024-12-14 02:55:21,070 INFO     Training step 350 out of 5000; Epoch 0; Learning rate: 0.004994534068046936
2024-12-14 02:58:17,217 INFO     Validation loss: 0.75873169182897
2024-12-14 02:58:17,217 INFO     Validation perplexity: 2.135565946389155
2024-12-14 02:58:17,217 INFO     Saving model checkpoint to weights/
2024-12-14 02:58:17,218 INFO     Training step 400 out of 5000; Epoch 0; Learning rate: 0.0049877072563625285
2024-12-14 03:03:08,681 INFO     Validation loss: 0.7254337314698586
2024-12-14 03:03:08,681 INFO     Validation perplexity: 2.065626833061111
2024-12-14 03:03:08,681 INFO     Saving model checkpoint to weights/
2024-12-14 03:03:08,683 INFO     Training step 450 out of 5000; Epoch 0; Learning rate: 0.004978160173317438
2024-12-14 03:07:41,788 INFO     Validation loss: 0.7092977137056167
2024-12-14 03:07:41,789 INFO     Validation perplexity: 2.0325633159338947
2024-12-14 03:07:41,789 INFO     Saving model checkpoint to weights/
2024-12-14 03:07:41,790 INFO     Training step 500 out of 5000; Epoch 0; Learning rate: 0.004965903258506806
2024-12-14 03:12:08,412 INFO     Validation loss: 0.7207166863884522
2024-12-14 03:12:08,412 INFO     Validation perplexity: 2.0559061227069084
2024-12-14 03:12:08,413 INFO     Training step 550 out of 5000; Epoch 0; Learning rate: 0.004950949914687024
2024-12-14 03:17:10,428 INFO     Validation loss: 0.7289278745898251
2024-12-14 03:17:10,428 INFO     Validation perplexity: 2.0728570532040873
2024-12-14 03:17:10,428 INFO     Training step 600 out of 5000; Epoch 0; Learning rate: 0.0049333164931200145
2024-12-14 03:20:29,987 INFO     Validation loss: 0.7388962225845072
2024-12-14 03:20:29,987 INFO     Validation perplexity: 2.093623344504392
2024-12-14 03:20:29,987 INFO     Training step 650 out of 5000; Epoch 0; Learning rate: 0.004913022275693372
2024-12-14 03:25:09,310 INFO     Validation loss: 0.7276444258058818
2024-12-14 03:25:09,310 INFO     Validation perplexity: 2.0701983538570463
2024-12-14 03:25:09,310 INFO     Training step 700 out of 5000; Epoch 0; Learning rate: 0.0048900894538358945
2024-12-14 03:29:44,746 INFO     Validation loss: 0.7178447687651054
2024-12-14 03:29:44,747 INFO     Validation perplexity: 2.0500102000356923
2024-12-14 03:29:44,747 INFO     Training step 750 out of 5000; Epoch 0; Learning rate: 0.004864543104251586
2024-12-14 03:36:11,223 INFO     Validation loss: 0.7497798785518212
2024-12-14 03:36:11,223 INFO     Validation perplexity: 2.1165340707874396
2024-12-14 03:36:11,223 INFO     Training step 800 out of 5000; Epoch 0; Learning rate: 0.004836411161498653
2024-12-14 03:40:20,454 INFO     Validation loss: 0.7218366148907903
2024-12-14 03:40:20,454 INFO     Validation perplexity: 2.0582098803529956
2024-12-14 03:40:20,454 INFO     Training step 850 out of 5000; Epoch 0; Learning rate: 0.004805724387443462
2024-12-14 03:45:07,249 INFO     Validation loss: 0.721492650203569
2024-12-14 03:45:07,250 INFO     Validation perplexity: 2.057502050576467
2024-12-14 03:45:07,250 INFO     Training step 900 out of 5000; Epoch 0; Learning rate: 0.004772516337622906
2024-12-14 03:49:40,811 INFO     Validation loss: 0.7075907639658422
2024-12-14 03:49:40,811 INFO     Validation perplexity: 2.0290967919434926
2024-12-14 03:49:40,811 INFO     Saving model checkpoint to weights/
2024-12-14 03:49:40,813 INFO     Training step 950 out of 5000; Epoch 0; Learning rate: 0.004736823324551909
2024-12-14 03:54:01,084 INFO     Validation loss: 0.6979587234311251
2024-12-14 03:54:01,085 INFO     Validation perplexity: 2.0096462738624554
2024-12-14 03:54:01,085 INFO     Saving model checkpoint to weights/
2024-12-14 03:54:01,086 INFO     Training step 1000 out of 5000; Epoch 0; Learning rate: 0.004698684378016222
2024-12-14 03:58:40,185 INFO     Validation loss: 0.7043175673687133
2024-12-14 03:58:40,186 INFO     Validation perplexity: 2.022466017063818
2024-12-14 03:58:40,186 INFO     Training step 1050 out of 5000; Epoch 0; Learning rate: 0.004658141202393935
2024-12-14 04:02:49,201 INFO     Validation loss: 0.6884754003346485
2024-12-14 04:02:49,201 INFO     Validation perplexity: 1.9906782311315117
2024-12-14 04:02:49,201 INFO     Saving model checkpoint to weights/
2024-12-14 04:02:49,203 INFO     Training step 1100 out of 5000; Epoch 0; Learning rate: 0.004615238131052338
2024-12-14 04:07:12,124 INFO     Validation loss: 0.6926396900815923
2024-12-14 04:07:12,124 INFO     Validation perplexity: 1.9989852765463176
2024-12-14 04:07:12,124 INFO     Training step 1150 out of 5000; Epoch 0; Learning rate: 0.00457002207787005
2024-12-14 04:10:31,405 INFO     Validation loss: 0.6979347040332268
2024-12-14 04:10:31,405 INFO     Validation perplexity: 2.0095980039486783
2024-12-14 04:10:31,405 INFO     Training step 1200 out of 5000; Epoch 0; Learning rate: 0.0045225424859373685
2024-12-14 04:15:28,260 INFO     Validation loss: 0.6927661722182501
2024-12-14 04:15:28,260 INFO     Validation perplexity: 1.9992381284655312
2024-12-14 04:15:28,260 INFO     Training step 1250 out of 5000; Epoch 0; Learning rate: 0.004472851273490984
2024-12-14 04:21:20,535 INFO     Validation loss: 0.6834178374856186
2024-12-14 04:21:20,536 INFO     Validation perplexity: 1.980635667719682
2024-12-14 04:21:20,536 INFO     Saving model checkpoint to weights/
2024-12-14 04:21:20,537 INFO     Training step 1300 out of 5000; Epoch 0; Learning rate: 0.004421002777142148
2024-12-14 04:27:35,840 INFO     Validation loss: 0.6679328474864
2024-12-14 04:27:35,840 INFO     Validation perplexity: 1.9502017865156929
2024-12-14 04:27:35,840 INFO     Saving model checkpoint to weights/
2024-12-14 04:27:35,842 INFO     Training step 1350 out of 5000; Epoch 0; Learning rate: 0.004367053692460385
2024-12-14 04:33:40,179 INFO     Validation loss: 0.6765896028600664
2024-12-14 04:33:40,180 INFO     Validation perplexity: 1.9671574911168923
2024-12-14 04:33:40,180 INFO     Training step 1400 out of 5000; Epoch 0; Learning rate: 0.004311063011977723
2024-12-14 04:37:39,777 INFO     Validation loss: 0.6675250271666737
2024-12-14 04:37:39,777 INFO     Validation perplexity: 1.9494066167537993
2024-12-14 04:37:39,777 INFO     Saving model checkpoint to weights/
2024-12-14 04:37:39,779 INFO     Training step 1450 out of 5000; Epoch 0; Learning rate: 0.004253091960681222
2024-12-14 04:42:15,151 INFO     Validation loss: 0.6668614149439405
2024-12-14 04:42:15,152 INFO     Validation perplexity: 1.9481133958419055
2024-12-14 04:42:15,152 INFO     Saving model checkpoint to weights/
2024-12-14 04:42:15,153 INFO     Training step 1500 out of 5000; Epoch 0; Learning rate: 0.004193203929064353
2024-12-14 04:47:17,495 INFO     Validation loss: 0.673129944760529
2024-12-14 04:47:17,495 INFO     Validation perplexity: 1.9603635578892569
2024-12-14 04:47:17,495 INFO     Training step 1550 out of 5000; Epoch 0; Learning rate: 0.004131464403810421
2024-12-14 04:54:09,041 INFO     Validation loss: 0.67003673931009
2024-12-14 04:54:09,041 INFO     Validation perplexity: 1.9543091192857602
2024-12-14 04:54:09,041 INFO     Training step 1600 out of 5000; Epoch 0; Learning rate: 0.004067940896183842
2024-12-14 04:58:12,162 INFO     Validation loss: 0.657589380656769
2024-12-14 04:58:12,162 INFO     Validation perplexity: 1.9301339036830651
2024-12-14 04:58:12,162 INFO     Saving model checkpoint to weights/
2024-12-14 04:58:12,163 INFO     Training step 1650 out of 5000; Epoch 0; Learning rate: 0.004002702868207563
2024-12-14 05:02:04,107 INFO     Validation loss: 0.6695822351207164
2024-12-14 05:02:04,108 INFO     Validation perplexity: 1.9534210794279188
2024-12-14 05:02:04,108 INFO     Training step 1700 out of 5000; Epoch 0; Learning rate: 0.0039358216567073594
2024-12-14 05:07:07,370 INFO     Validation loss: 0.6718303531701323
2024-12-14 05:07:07,370 INFO     Validation perplexity: 1.9578175406449425
2024-12-14 05:07:07,371 INFO     Training step 1750 out of 5000; Epoch 0; Learning rate: 0.003867370395306068
2024-12-14 05:10:58,172 INFO     Validation loss: 0.6719231017846479
2024-12-14 05:10:58,172 INFO     Validation perplexity: 1.9579991339304441
2024-12-14 05:10:58,172 INFO     Training step 1800 out of 5000; Epoch 0; Learning rate: 0.0037974239344530382
2024-12-14 05:15:09,567 INFO     Validation loss: 0.6572575575832802
2024-12-14 05:15:09,568 INFO     Validation perplexity: 1.9294935469673424
2024-12-14 05:15:09,568 INFO     Saving model checkpoint to weights/
2024-12-14 05:15:09,569 INFO     Training step 1850 out of 5000; Epoch 0; Learning rate: 0.0037260587595762708
2024-12-14 05:20:56,848 INFO     Validation loss: 0.6719978182398738
2024-12-14 05:20:56,848 INFO     Validation perplexity: 1.9581454341505158
2024-12-14 05:20:56,848 INFO     Training step 1900 out of 5000; Epoch 0; Learning rate: 0.0036533529074467197
2024-12-14 05:23:48,628 INFO     Validation loss: 0.664908708522227
2024-12-14 05:23:48,628 INFO     Validation perplexity: 1.9443130140261984
2024-12-14 05:23:48,628 INFO     Training step 1950 out of 5000; Epoch 0; Learning rate: 0.003579385880846232
2024-12-14 05:27:59,137 INFO     Validation loss: 0.6758104458095773
2024-12-14 05:27:59,138 INFO     Validation perplexity: 1.965625363449814
2024-12-14 05:27:59,138 INFO     Training step 2000 out of 5000; Epoch 0; Learning rate: 0.003504238561632424
2024-12-14 05:32:07,008 INFO     Validation loss: 0.6638702170933781
2024-12-14 05:32:07,008 INFO     Validation perplexity: 1.9422949096995268
2024-12-14 05:32:07,008 INFO     Training step 2050 out of 5000; Epoch 0; Learning rate: 0.003427993122295552
2024-12-14 05:36:03,470 INFO     Validation loss: 0.6577365447620094
2024-12-14 05:36:03,470 INFO     Validation perplexity: 1.9304179710137395
2024-12-14 05:36:03,471 INFO     Training step 2100 out of 5000; Epoch 0; Learning rate: 0.003350732936104108
2024-12-14 05:39:57,143 INFO     Validation loss: 0.6710016538520067
2024-12-14 05:39:57,143 INFO     Validation perplexity: 1.9561957706566488
2024-12-14 05:39:57,144 INFO     Training step 2150 out of 5000; Epoch 0; Learning rate: 0.0032725424859373687
2024-12-14 05:43:43,311 INFO     Validation loss: 0.6597928131431988
2024-12-14 05:43:43,311 INFO     Validation perplexity: 1.9343915123836646
2024-12-14 05:43:43,311 INFO     Training step 2200 out of 5000; Epoch 0; Learning rate: 0.0031935072719046116
2024-12-14 05:47:51,743 INFO     Validation loss: 0.6656037944762452
2024-12-14 05:47:51,744 INFO     Validation perplexity: 1.9456649484933604
2024-12-14 05:47:51,744 INFO     Training step 2250 out of 5000; Epoch 0; Learning rate: 0.003113713717851998
2024-12-14 05:52:09,194 INFO     Validation loss: 0.6649557858283374
2024-12-14 05:52:09,194 INFO     Validation perplexity: 1.9444045491997317
2024-12-14 05:52:09,194 INFO     Training step 2300 out of 5000; Epoch 0; Learning rate: 0.0030332490768593674
2024-12-14 05:56:55,691 INFO     Validation loss: 0.666736725746123
2024-12-14 05:56:55,691 INFO     Validation perplexity: 1.9478705022887361
2024-12-14 05:56:55,691 INFO     Training step 2350 out of 5000; Epoch 0; Learning rate: 0.0029522013358302753
2024-12-14 06:01:17,288 INFO     Validation loss: 0.6676543000318899
2024-12-14 06:01:17,288 INFO     Validation perplexity: 1.949658638422049
2024-12-14 06:01:17,289 INFO     Training step 2400 out of 5000; Epoch 0; Learning rate: 0.002870659119279605
2024-12-14 06:06:19,159 INFO     Validation loss: 0.6791064557724504
2024-12-14 06:06:19,160 INFO     Validation perplexity: 1.972114772935274
2024-12-14 06:06:19,160 INFO     Training step 2450 out of 5000; Epoch 0; Learning rate: 0.002788711592423966
2024-12-14 06:11:15,718 INFO     Validation loss: 0.6776864559482678
2024-12-14 06:11:15,719 INFO     Validation perplexity: 1.9693163576492718
2024-12-14 06:11:15,719 INFO     Training step 2500 out of 5000; Epoch 0; Learning rate: 0.0027064483636808313
2024-12-14 06:15:13,274 INFO     Validation loss: 0.6548165087833572
2024-12-14 06:15:13,274 INFO     Validation perplexity: 1.9247893030404934
2024-12-14 06:15:13,275 INFO     Saving model checkpoint to weights/
2024-12-14 06:15:13,276 INFO     Training step 2550 out of 5000; Epoch 0; Learning rate: 0.0026239593866830557
2024-12-14 06:18:23,508 INFO     Validation loss: 0.661151840087013
2024-12-14 06:18:23,508 INFO     Validation perplexity: 1.9370221897446915
2024-12-14 06:18:23,509 INFO     Training step 2600 out of 5000; Epoch 0; Learning rate: 0.0025413348619158964
2024-12-14 06:22:29,019 INFO     Validation loss: 0.6512939180165169
2024-12-14 06:22:29,019 INFO     Validation perplexity: 1.9180209860178183
2024-12-14 06:22:29,019 INFO     Saving model checkpoint to weights/
2024-12-14 06:22:29,021 INFO     Training step 2650 out of 5000; Epoch 0; Learning rate: 0.0024586651380841037
2024-12-14 06:26:21,981 INFO     Validation loss: 0.6744975382203172
2024-12-14 06:26:21,982 INFO     Validation perplexity: 1.9630463723514477
2024-12-14 06:26:21,982 INFO     Training step 2700 out of 5000; Epoch 0; Learning rate: 0.002376040613316944
2024-12-14 06:30:42,894 INFO     Validation loss: 0.6543518039423751
2024-12-14 06:30:42,895 INFO     Validation perplexity: 1.9238950519310027
2024-12-14 06:30:42,895 INFO     Training step 2750 out of 5000; Epoch 0; Learning rate: 0.0022935516363191692
2024-12-14 06:35:51,456 INFO     Validation loss: 0.6530535587714416
2024-12-14 06:35:51,457 INFO     Validation perplexity: 1.9213989850744029
2024-12-14 06:35:51,457 INFO     Training step 2800 out of 5000; Epoch 0; Learning rate: 0.0022112884075760346
2024-12-14 06:39:52,827 INFO     Validation loss: 0.6533858333233193
2024-12-14 06:39:52,828 INFO     Validation perplexity: 1.922037523140247
2024-12-14 06:39:52,828 INFO     Training step 2850 out of 5000; Epoch 0; Learning rate: 0.002129340880720395
2024-12-14 06:44:17,093 INFO     Validation loss: 0.6558071143547131
2024-12-14 06:44:17,093 INFO     Validation perplexity: 1.9266969547569828
2024-12-14 06:44:17,093 INFO     Training step 2900 out of 5000; Epoch 0; Learning rate: 0.002047798664169726
2024-12-14 06:48:16,397 INFO     Validation loss: 0.6468795064262951
2024-12-14 06:48:16,398 INFO     Validation perplexity: 1.9095727127438897
2024-12-14 06:48:16,398 INFO     Saving model checkpoint to weights/
2024-12-14 06:48:16,399 INFO     Training step 2950 out of 5000; Epoch 0; Learning rate: 0.001966750923140633
2024-12-14 06:52:08,401 INFO     Validation loss: 0.6492054079217076
2024-12-14 06:52:08,401 INFO     Validation perplexity: 1.9140193599991808
2024-12-14 06:52:08,402 INFO     Training step 3000 out of 5000; Epoch 0; Learning rate: 0.0018862862821480023
2024-12-14 06:56:09,297 INFO     Validation loss: 0.6541748831142985
2024-12-14 06:56:09,297 INFO     Validation perplexity: 1.9235547049334067
2024-12-14 06:56:09,297 INFO     Training step 3050 out of 5000; Epoch 0; Learning rate: 0.0018064927280953891
2024-12-14 07:01:14,440 INFO     Validation loss: 0.6726337409375874
2024-12-14 07:01:14,440 INFO     Validation perplexity: 1.9593910592961905
2024-12-14 07:01:14,440 INFO     Training step 3100 out of 5000; Epoch 0; Learning rate: 0.0017274575140626316
2024-12-14 07:04:56,454 INFO     Validation loss: 0.6550508475332919
2024-12-14 07:04:56,455 INFO     Validation perplexity: 1.9252404086133494
2024-12-14 07:04:56,455 INFO     Training step 3150 out of 5000; Epoch 0; Learning rate: 0.0016492670638958923
2024-12-14 07:11:45,935 INFO     Validation loss: 0.649246655907471
2024-12-14 07:11:45,935 INFO     Validation perplexity: 1.914098311070768
2024-12-14 07:11:45,935 INFO     Training step 3200 out of 5000; Epoch 0; Learning rate: 0.0015720068777044477
2024-12-14 07:16:00,209 INFO     Validation loss: 0.6447797353721129
2024-12-14 07:16:00,209 INFO     Validation perplexity: 1.9055672539806838
2024-12-14 07:16:00,209 INFO     Saving model checkpoint to weights/
2024-12-14 07:16:00,211 INFO     Training step 3250 out of 5000; Epoch 0; Learning rate: 0.0014957614383675768
2024-12-14 07:19:41,343 INFO     Validation loss: 0.6441812271185955
2024-12-14 07:19:41,343 INFO     Validation perplexity: 1.904427097482116
2024-12-14 07:19:41,343 INFO     Saving model checkpoint to weights/
2024-12-14 07:19:41,345 INFO     Training step 3300 out of 5000; Epoch 0; Learning rate: 0.001420614119153768
2024-12-14 07:23:01,210 INFO     Validation loss: 0.6361239064565875
2024-12-14 07:23:01,210 INFO     Validation perplexity: 1.8891441700847107
2024-12-14 07:23:01,211 INFO     Saving model checkpoint to weights/
2024-12-14 07:23:01,212 INFO     Training step 3350 out of 5000; Epoch 0; Learning rate: 0.0013466470925532809
2024-12-14 07:27:02,920 INFO     Validation loss: 0.6381671686844519
2024-12-14 07:27:02,921 INFO     Validation perplexity: 1.8930081332110766
2024-12-14 07:27:02,921 INFO     Training step 3400 out of 5000; Epoch 0; Learning rate: 0.0012739412404237304
2024-12-14 07:31:16,879 INFO     Validation loss: 0.6413666102486906
2024-12-14 07:31:16,879 INFO     Validation perplexity: 1.8990744012742633
2024-12-14 07:31:16,879 INFO     Training step 3450 out of 5000; Epoch 0; Learning rate: 0.0012025760655469627
2024-12-14 07:36:10,041 INFO     Validation loss: 0.6455320171833302
2024-12-14 07:36:10,042 INFO     Validation perplexity: 1.9070013169080016
2024-12-14 07:36:10,042 INFO     Training step 3500 out of 5000; Epoch 0; Learning rate: 0.0011326296046939332
2024-12-14 07:41:10,530 INFO     Validation loss: 0.649721419002738
2024-12-14 07:41:10,531 INFO     Validation perplexity: 1.9150072700625964
2024-12-14 07:41:10,531 INFO     Training step 3550 out of 5000; Epoch 0; Learning rate: 0.001064178343292641
2024-12-14 07:45:15,575 INFO     Validation loss: 0.6590678308736422
2024-12-14 07:45:15,576 INFO     Validation perplexity: 1.9329896210693818
2024-12-14 07:45:15,576 INFO     Training step 3600 out of 5000; Epoch 0; Learning rate: 0.0009972971317924373
2024-12-14 07:49:10,639 INFO     Validation loss: 0.6459400659768109
2024-12-14 07:49:10,639 INFO     Validation perplexity: 1.9077796252776282
2024-12-14 07:49:10,639 INFO     Training step 3650 out of 5000; Epoch 0; Learning rate: 0.0009320591038161574
2024-12-14 07:53:22,128 INFO     Validation loss: 0.6437985706937749
2024-12-14 07:53:22,128 INFO     Validation perplexity: 1.9036984956286427
2024-12-14 07:53:22,128 INFO     Training step 3700 out of 5000; Epoch 0; Learning rate: 0.0008685355961895783
2024-12-14 07:57:36,484 INFO     Validation loss: 0.6363725590063667
2024-12-14 07:57:36,485 INFO     Validation perplexity: 1.889613969005432
2024-12-14 07:57:36,485 INFO     Training step 3750 out of 5000; Epoch 0; Learning rate: 0.0008067960709356478
2024-12-14 08:02:13,003 INFO     Validation loss: 0.6406273867797349
2024-12-14 08:02:13,003 INFO     Validation perplexity: 1.8976710796555898
2024-12-14 08:02:13,003 INFO     Training step 3800 out of 5000; Epoch 0; Learning rate: 0.0007469080393187785
2024-12-14 08:06:42,942 INFO     Validation loss: 0.6330010418277637
2024-12-14 08:06:42,943 INFO     Validation perplexity: 1.883253830730436
2024-12-14 08:06:42,943 INFO     Saving model checkpoint to weights/
2024-12-14 08:06:42,944 INFO     Training step 3850 out of 5000; Epoch 0; Learning rate: 0.0006889369880222776
2024-12-14 08:10:25,476 INFO     Validation loss: 0.644568054591872
2024-12-14 08:10:25,476 INFO     Validation perplexity: 1.9051639247075933
2024-12-14 08:10:25,476 INFO     Training step 3900 out of 5000; Epoch 0; Learning rate: 0.0006329463075396161
2024-12-14 08:14:43,107 INFO     Validation loss: 0.6512092070406339
2024-12-14 08:14:43,107 INFO     Validation perplexity: 1.9178585154699452
2024-12-14 08:14:43,107 INFO     Training step 3950 out of 5000; Epoch 0; Learning rate: 0.000578997222857853
2024-12-14 08:19:13,856 INFO     Validation loss: 0.641687926505443
2024-12-14 08:19:13,857 INFO     Validation perplexity: 1.8996847027968249
2024-12-14 08:19:13,857 INFO     Training step 4000 out of 5000; Epoch 0; Learning rate: 0.0005271487265090163
2024-12-14 08:23:56,988 INFO     Validation loss: 0.6402220643119482
2024-12-14 08:23:56,989 INFO     Validation perplexity: 1.8969020667901608
2024-12-14 08:23:56,989 INFO     Training step 4050 out of 5000; Epoch 0; Learning rate: 0.00047745751406263163
2024-12-14 08:27:38,726 INFO     Validation loss: 0.6422854788531194
2024-12-14 08:27:38,726 INFO     Validation perplexity: 1.9008202030774675
2024-12-14 08:27:38,726 INFO     Training step 4100 out of 5000; Epoch 0; Learning rate: 0.0004299779221299499
2024-12-14 08:32:26,828 INFO     Validation loss: 0.648085048559587
2024-12-14 08:32:26,829 INFO     Validation perplexity: 1.9118761712848746
2024-12-14 08:32:26,829 INFO     Training step 4150 out of 5000; Epoch 0; Learning rate: 0.0003847618689476612
2024-12-14 08:37:28,108 INFO     Validation loss: 0.646081988484362
2024-12-14 08:37:28,109 INFO     Validation perplexity: 1.9080504013600585
2024-12-14 08:37:28,109 INFO     Training step 4200 out of 5000; Epoch 0; Learning rate: 0.00034185879760606524
2024-12-14 08:41:13,016 INFO     Validation loss: 0.6442614597062881
2024-12-14 08:41:13,016 INFO     Validation perplexity: 1.904579900726037
2024-12-14 08:41:13,016 INFO     Training step 4250 out of 5000; Epoch 0; Learning rate: 0.0003013156219837776
2024-12-14 08:45:48,187 INFO     Validation loss: 0.6427206434812255
2024-12-14 08:45:48,188 INFO     Validation perplexity: 1.9016475527978467
2024-12-14 08:45:48,188 INFO     Training step 4300 out of 5000; Epoch 0; Learning rate: 0.00026317667544809134
2024-12-14 08:49:51,449 INFO     Validation loss: 0.6428152063555506
2024-12-14 08:49:51,449 INFO     Validation perplexity: 1.9018273865590574
2024-12-14 08:49:51,449 INFO     Training step 4350 out of 5000; Epoch 0; Learning rate: 0.00022748366237709372
2024-12-14 08:54:59,613 INFO     Validation loss: 0.6431484715739667
2024-12-14 08:54:59,613 INFO     Validation perplexity: 1.9024613051040626
2024-12-14 08:54:59,613 INFO     Training step 4400 out of 5000; Epoch 0; Learning rate: 0.00019427561255653815
2024-12-14 08:58:31,631 INFO     Validation loss: 0.6422413409957813
2024-12-14 08:58:31,632 INFO     Validation perplexity: 1.9007363067980334
2024-12-14 08:58:31,632 INFO     Training step 4450 out of 5000; Epoch 0; Learning rate: 0.00016358883850134815
2024-12-14 09:03:20,428 INFO     Validation loss: 0.6445509276379552
2024-12-14 09:03:20,429 INFO     Validation perplexity: 1.9051312953322725
2024-12-14 09:03:20,429 INFO     Training step 4500 out of 5000; Epoch 0; Learning rate: 0.0001354568957484134
2024-12-14 09:08:16,553 INFO     Validation loss: 0.6432564822078598
2024-12-14 09:08:16,554 INFO     Validation perplexity: 1.9026668022533229
2024-12-14 09:08:16,554 INFO     Training step 4550 out of 5000; Epoch 0; Learning rate: 0.0001099105461641059
2024-12-14 09:12:35,166 INFO     Validation loss: 0.6447060807838019
2024-12-14 09:12:35,166 INFO     Validation perplexity: 1.9054269053778157
2024-12-14 09:12:35,167 INFO     Training step 4600 out of 5000; Epoch 0; Learning rate: 8.69777243066286e-05
2024-12-14 09:16:43,223 INFO     Validation loss: 0.6434916116178373
2024-12-14 09:16:43,223 INFO     Validation perplexity: 1.9031142277753086
2024-12-14 09:16:43,224 INFO     Training step 4650 out of 5000; Epoch 0; Learning rate: 6.668350687998564e-05
2024-12-14 09:20:32,791 INFO     Validation loss: 0.6461361459087164
2024-12-14 09:20:32,792 INFO     Validation perplexity: 1.9081537392535663
2024-12-14 09:20:32,792 INFO     Training step 4700 out of 5000; Epoch 0; Learning rate: 4.905008531297661e-05
2024-12-14 09:25:28,884 INFO     Validation loss: 0.6437231929932723
2024-12-14 09:25:28,884 INFO     Validation perplexity: 1.903555004621671
2024-12-14 09:25:28,885 INFO     Training step 4750 out of 5000; Epoch 0; Learning rate: 3.40967414931942e-05
2024-12-14 09:29:47,431 INFO     Validation loss: 0.6423563804050191
2024-12-14 09:29:47,432 INFO     Validation perplexity: 1.900954978957601
2024-12-14 09:29:47,432 INFO     Training step 4800 out of 5000; Epoch 0; Learning rate: 2.1839826682562014e-05
2024-12-14 09:35:01,909 INFO     Validation loss: 0.6457590402922968
2024-12-14 09:35:01,909 INFO     Validation perplexity: 1.907434299422428
2024-12-14 09:35:01,910 INFO     Training step 4850 out of 5000; Epoch 0; Learning rate: 1.229274363747146e-05
2024-12-14 09:40:13,873 INFO     Validation loss: 0.6516812188095619
2024-12-14 09:40:13,873 INFO     Validation perplexity: 1.9187639809387533
2024-12-14 09:40:13,873 INFO     Training step 4900 out of 5000; Epoch 0; Learning rate: 5.465931953063663e-06
2024-12-14 09:44:54,076 INFO     Validation loss: 0.6441350566730976
2024-12-14 09:44:54,076 INFO     Validation perplexity: 1.9043391712644189
2024-12-14 09:44:54,077 INFO     Training step 4950 out of 5000; Epoch 0; Learning rate: 1.3668566476848776e-06
2024-12-14 09:48:47,636 INFO     Loading model checkpoint from weights/meta_lm_hidden64_wes_NONEST_0
2024-12-14 09:49:23,435 INFO     Validation loss: 0.6365264294582428
2024-12-14 09:49:23,435 INFO     Validation perplexity: 1.8899047471312216
