2024-12-14 01:20:34,357 INFO     Namespace(n_meta_train=50, n_meta_valid=20, n_meta_test=10, meta_train_batch_size=10, meta_eval_batch_size=10, max_batches_per_language=10, meta_train_size=10, meta_test_size=10, dataset='scfg', yandp_param_file=None, formal_train_size=100, formal_test_size=10, language_list='language_list', withheld_languages=None, architecture='LSTM', n_embd=32, n_positions=128, n_head=12, n_layer=2, dropout=0.1, n_epochs=1, eval_every=5, weight_decay=0.1, learning_rate=0.005, inner_lr=1.0, lr_scheduler_type='cosine', warmup_proportion=0.5, patience=None, lr_decay_patience=None, multi_step_loss=False, multi_step_loss_eval=False, pseudo=False, model_name='tmp_1_1', weight_dir='weights/', log_dir='logs/', eval=False, eval_formal=False, eval_valid=False, eval_generate=True, top_p=1.0, hot_temperature=1.0, cold_temperature=1.0, prec_rec_n_samples=10000, sgd_epochs=1, adam_lr=0.0005, adam_epochs=10, eval_suffix='', return_last=False)
2024-12-14 01:20:36,070 INFO     Model size: 0.0M parameters
2024-12-14 01:20:37,477 INFO     Validation loss: 1.101852984342223
2024-12-14 01:20:37,477 INFO     Validation perplexity: 3.009737857215882
2024-12-14 01:20:37,477 INFO     Saving model checkpoint to weights/
2024-12-14 01:20:37,479 INFO     Training step 0 out of 50; Epoch 0; Learning rate: 0.0
2024-12-14 01:20:39,461 INFO     Validation loss: 1.090650060809586
2024-12-14 01:20:39,461 INFO     Validation perplexity: 2.9762081601437664
2024-12-14 01:20:39,461 INFO     Saving model checkpoint to weights/
2024-12-14 01:20:39,462 INFO     Training step 5 out of 50; Epoch 0; Learning rate: 0.001
2024-12-14 01:20:42,376 INFO     Validation loss: 1.0429472437563145
2024-12-14 01:20:42,377 INFO     Validation perplexity: 2.837567706249966
2024-12-14 01:20:42,377 INFO     Saving model checkpoint to weights/
2024-12-14 01:20:42,378 INFO     Training step 10 out of 50; Epoch 0; Learning rate: 0.002
2024-12-14 01:20:44,546 INFO     Validation loss: 0.9756742484583288
2024-12-14 01:20:44,546 INFO     Validation perplexity: 2.652955359147713
2024-12-14 01:20:44,546 INFO     Saving model checkpoint to weights/
2024-12-14 01:20:44,548 INFO     Training step 15 out of 50; Epoch 0; Learning rate: 0.003
2024-12-14 01:20:48,046 INFO     Validation loss: 0.9717007797274185
2024-12-14 01:20:48,046 INFO     Validation perplexity: 2.642434839303846
2024-12-14 01:20:48,046 INFO     Saving model checkpoint to weights/
2024-12-14 01:20:48,047 INFO     Training step 20 out of 50; Epoch 0; Learning rate: 0.004
2024-12-14 01:20:50,739 INFO     Validation loss: 1.052545668557774
2024-12-14 01:20:50,739 INFO     Validation perplexity: 2.8649350179273707
2024-12-14 01:20:50,739 INFO     Training step 25 out of 50; Epoch 0; Learning rate: 0.005
2024-12-14 01:20:53,204 INFO     Validation loss: 0.979096207810335
2024-12-14 01:20:53,204 INFO     Validation perplexity: 2.6620492150781376
2024-12-14 01:20:53,205 INFO     Training step 30 out of 50; Epoch 0; Learning rate: 0.0045225424859373685
2024-12-14 01:20:55,334 INFO     Validation loss: 0.9625210888331857
2024-12-14 01:20:55,334 INFO     Validation perplexity: 2.618289099043519
2024-12-14 01:20:55,334 INFO     Saving model checkpoint to weights/
2024-12-14 01:20:55,336 INFO     Training step 35 out of 50; Epoch 0; Learning rate: 0.0032725424859373687
2024-12-14 01:20:57,170 INFO     Validation loss: 1.0346695170174682
2024-12-14 01:20:57,170 INFO     Validation perplexity: 2.8141760446337836
2024-12-14 01:20:57,170 INFO     Training step 40 out of 50; Epoch 0; Learning rate: 0.0017274575140626316
2024-12-14 01:21:00,227 INFO     Validation loss: 1.0234156713757485
2024-12-14 01:21:00,227 INFO     Validation perplexity: 2.782683281542832
2024-12-14 01:21:00,227 INFO     Training step 45 out of 50; Epoch 0; Learning rate: 0.00047745751406263163
2024-12-14 01:21:02,168 INFO     Loading model checkpoint from weights/tmp_1_1
2024-12-14 01:21:03,393 INFO     Validation loss: 0.9625210888331857
2024-12-14 01:21:03,393 INFO     Validation perplexity: 2.618289099043519
2024-12-14 01:21:03,393 INFO     
2024-12-14 01:21:03,400 INFO     TRAINING EXAMPLE(S):
2024-12-14 01:21:03,401 INFO     1 1 1 3
2024-12-14 01:21:03,401 INFO     1 1 1 3 1 3
2024-12-14 01:21:03,401 INFO     1 3 1 3 1 3 1 3
2024-12-14 01:21:03,401 INFO     1 3 1 3
2024-12-14 01:21:03,401 INFO     1 1 1 3 1 3
2024-12-14 01:21:03,401 INFO     1 3 1 3 1 3 1 3
2024-12-14 01:21:03,468 INFO     SEQUENCES SAMPLED FROM TRAINED MODEL:
2024-12-14 01:21:03,483 INFO     9 3 3 3 1 3
2024-12-14 01:21:03,506 INFO     3 1 3 1 1 3 1 1 1 3 1
2024-12-14 01:21:03,592 INFO     1 1 3 1 1 1 1 3 3 3 3 3 3 3 3 3 3 1 3 3 3 3 3 3 3 1 3 1
2024-12-14 01:21:03,614 INFO     8 1 1 3 1 3 3 3 3 3 3
2024-12-14 01:21:03,622 INFO     3 3 3
2024-12-14 01:21:03,623 INFO     
2024-12-14 01:21:03,623 INFO     
2024-12-14 01:21:03,631 INFO     TRAINING EXAMPLE(S):
2024-12-14 01:21:03,631 INFO     9 0 2 4 2 1 3 4 5 5 9 0 4 2 0 9 5 0 3
2024-12-14 01:21:03,631 INFO     9 3 2 4 2 1 7 1 4 5 5 9 3 4 2 0 9 9 5 0 3
2024-12-14 01:21:03,631 INFO     9 6 2 4 2 1 7 1 4 5 9 9 6 4 2 0 9 9 5 0 3
2024-12-14 01:21:03,632 INFO     9 2 2 4 2 1 7 1 4 5 5 9 2 4 2 0 9 9 5 0 3
2024-12-14 01:21:03,632 INFO     9 3 2 4 2 1 7 4 5 5 9 3 4 2 0 9 9 0 3
2024-12-14 01:21:03,632 INFO     9 2 2 4 2 1 3 4 4 5 5 9 2 4 2 0 9 5 5 0 3
2024-12-14 01:21:03,701 INFO     SEQUENCES SAMPLED FROM TRAINED MODEL:
2024-12-14 01:21:03,798 INFO     2 5 2 9 9 5 2 9 9 0 4 5 6 9 0 2 3 5 5 1 2 2 1 4 4 9 9 4
2024-12-14 01:21:03,871 INFO     8 9 4 0 5 2 2 5 5 4 3 2 9 2 4 3 2 9 1 2 4 2 4 9
2024-12-14 01:21:03,884 INFO     8 2 4 9 1 1 4
2024-12-14 01:21:04,072 INFO     1 7 4 9 5 4 2 4 4 5 5 5 5 1 3 4 2 2 4 2 9 5 5 5 4 3 0 0 4 5 9 9 2 2 4 6 1 2 3 5 7 4 9 2 6 5
2024-12-14 01:21:04,087 INFO     3 6 2 3 4 9 3 5
2024-12-14 01:21:04,088 INFO     
2024-12-14 01:21:04,088 INFO     
2024-12-14 01:21:04,095 INFO     TRAINING EXAMPLE(S):
2024-12-14 01:21:04,095 INFO     0 1 0 0 0 0 0 0 0
2024-12-14 01:21:04,095 INFO     0 1 1 0 0 1 0 0 1
2024-12-14 01:21:04,095 INFO     0 1 1 0 0 1 0 0 1
2024-12-14 01:21:04,096 INFO     0 1 1 0 0 1 0 0 1
2024-12-14 01:21:04,096 INFO     0 1 0 0 0 0 0 0 0
2024-12-14 01:21:04,096 INFO     0 1 0 0 0 0 0 0 0
2024-12-14 01:21:04,096 INFO     0 1 0 0 0 0 0 0 0
2024-12-14 01:21:04,096 INFO     0 1 0 0 0 0 0 0 0
2024-12-14 01:21:04,096 INFO     0 1 0 0 0 0 0 0 0
2024-12-14 01:21:04,153 INFO     SEQUENCES SAMPLED FROM TRAINED MODEL:
2024-12-14 01:21:04,157 INFO     7 1
2024-12-14 01:21:04,175 INFO     1 0 0 0 1 1 0 1
2024-12-14 01:21:04,335 INFO     0 1 1 0 1 1 1 0 0 0 0 0 1 0 0 1 1 1 1 0 1 3 1 1 1 0 0 0 1 1 1 1 1 1 0 1 1 0 1 0 0
2024-12-14 01:21:04,341 INFO     0 1
2024-12-14 01:21:04,342 INFO     
2024-12-14 01:21:04,342 INFO     
2024-12-14 01:21:04,342 INFO     
2024-12-14 01:21:04,349 INFO     TRAINING EXAMPLE(S):
2024-12-14 01:21:04,350 INFO     1 1 2 2 1 2 0 0
2024-12-14 01:21:04,350 INFO     2 2 1 1
2024-12-14 01:21:04,350 INFO     2 1 2
2024-12-14 01:21:04,350 INFO     1 0
2024-12-14 01:21:04,350 INFO     1 1
2024-12-14 01:21:04,350 INFO     2 1 0
2024-12-14 01:21:04,350 INFO     2 2
2024-12-14 01:21:04,351 INFO     1 0 2
2024-12-14 01:21:04,351 INFO     2 1 2 0
2024-12-14 01:21:04,406 INFO     SEQUENCES SAMPLED FROM TRAINED MODEL:
2024-12-14 01:21:04,412 INFO     0 1 0
2024-12-14 01:21:04,413 INFO     
2024-12-14 01:21:04,523 INFO     2 2 0 2 1 2 1 0 1 2 2 0 1 0 0 1 9 1 1 1 1 1 1 2 1 2 2 1 1 1 1 1 1 2
2024-12-14 01:21:04,569 INFO     2 0 0 1 0 1 2 2 1 1 2 1 2 1 1 0 1 1 1
2024-12-14 01:21:04,649 INFO     6 1 1 2 1 0 2 0 0 2 2 2 1 0 2 1 0 2 1 2 2 0 1 1
2024-12-14 01:21:04,649 INFO     
2024-12-14 01:21:04,649 INFO     
2024-12-14 01:21:04,655 INFO     TRAINING EXAMPLE(S):
2024-12-14 01:21:04,655 INFO     0 0
2024-12-14 01:21:04,655 INFO     1 1
2024-12-14 01:21:04,656 INFO     1 1
2024-12-14 01:21:04,656 INFO     1 1
2024-12-14 01:21:04,656 INFO     0 0
2024-12-14 01:21:04,656 INFO     1 1
2024-12-14 01:21:04,656 INFO     1 1
2024-12-14 01:21:04,656 INFO     1 1
2024-12-14 01:21:04,683 INFO     SEQUENCES SAMPLED FROM TRAINED MODEL:
2024-12-14 01:21:04,688 INFO     0 1 1
2024-12-14 01:21:04,693 INFO     0 1
2024-12-14 01:21:04,698 INFO     1 1
2024-12-14 01:21:04,702 INFO     2 1
2024-12-14 01:21:04,706 INFO     1 1
2024-12-14 01:21:04,707 INFO     
2024-12-14 01:21:04,707 INFO     
2024-12-14 01:21:04,711 INFO     TRAINING EXAMPLE(S):
2024-12-14 01:21:04,711 INFO     0
2024-12-14 01:21:04,711 INFO     0
2024-12-14 01:21:04,711 INFO     1
2024-12-14 01:21:04,711 INFO     0
2024-12-14 01:21:04,724 INFO     SEQUENCES SAMPLED FROM TRAINED MODEL:
2024-12-14 01:21:04,727 INFO     2
2024-12-14 01:21:04,730 INFO     0
2024-12-14 01:21:04,731 INFO     
2024-12-14 01:21:04,734 INFO     0
2024-12-14 01:21:04,735 INFO     
2024-12-14 01:21:04,736 INFO     
2024-12-14 01:21:04,736 INFO     
2024-12-14 01:21:04,751 INFO     TRAINING EXAMPLE(S):
2024-12-14 01:21:04,751 INFO     0 0 0 0 0 0 0 0 0 0 0 0 0 0
2024-12-14 01:21:04,752 INFO     1 1 1 1 1 1 0 0 0 0 0 0 0 0 0 0
2024-12-14 01:21:04,752 INFO     0 1 1 0 0 0
2024-12-14 01:21:04,752 INFO     0 1 0 1 0 0 0 0 0 0
2024-12-14 01:21:04,752 INFO     0 0 1 0 0 0 0 0 0 0 0 0 0 0 0 0 0 0 0 0 0 0 0 0 0 0 0 0 0
2024-12-14 01:21:04,752 INFO     0 1 1 0 0 0 0 0 0 0 0 0 0 0 0 0 0 0 0 0 0 0 0 0 0 0 0 0 0 0 0 0 0 0
2024-12-14 01:21:04,752 INFO     1 0 0 0 0 0 0 0 0
2024-12-14 01:21:04,752 INFO     1 1 0 0 0 0 0 0 0 0
2024-12-14 01:21:04,753 INFO     1 0 1 0 1 0 0 0 0 0 0 0 0 0 0
2024-12-14 01:21:04,753 INFO     1 1 1 0 0 0
2024-12-14 01:21:05,084 INFO     SEQUENCES SAMPLED FROM TRAINED MODEL:
2024-12-14 01:21:05,171 INFO     0 0 0 0 0 0 0 0 0 0 0 0 0 0 0 0 0 0 0 0 0 4 0 0 0 0 0 0 0
2024-12-14 01:21:05,648 INFO     8 0 0 0 0 0 0 0 0 0 0 0 0 0 0 0 0 0 0 0 0 0 0 0 9 0 0 0 1 0 0 4 0 0 0 0 0 0 2 0 0 0 0 0 9 0 0 0 0 0 0 0 5 0 0 0 0 0 0 0 0 4 0 0 0 0 8 0 0 0 0 0 9 0 0 0
2024-12-14 01:21:06,026 INFO     0 0 0 0 0 0 0 0 0 0 0 0 0 7 0 0 0 0 0 0 0 1 0 0 0 0 0 7 0 0 0 0 0 0 0 0 0 0 0 0 0 0 0 0 0 0 0 0 0 0 0 0 0 0 0 0 0 0 0 0 0 0 0 1 0 0 0 0
2024-12-14 01:21:06,451 INFO     3 0 0 0 0 0 0 0 0 0 0 0 0 0 0 0 0 0 0 0 0 0 0 0 0 0 0 0 0 0 0 0 0 0 0 0 0 0 0 0 0 0 0 0 0 0 0 0 0 0 0 0 0 0 0 0 0 0 0 0 0 0 0 0 0 0 0 0 2 7 0 0 0 0
2024-12-14 01:21:06,454 INFO     8
2024-12-14 01:21:06,455 INFO     
2024-12-14 01:21:06,455 INFO     
2024-12-14 01:21:06,459 INFO     TRAINING EXAMPLE(S):
2024-12-14 01:21:06,459 INFO     0 1
2024-12-14 01:21:06,460 INFO     3 1
2024-12-14 01:21:06,460 INFO     1 1
2024-12-14 01:21:06,460 INFO     2 3
2024-12-14 01:21:06,460 INFO     0 1
2024-12-14 01:21:06,478 INFO     SEQUENCES SAMPLED FROM TRAINED MODEL:
2024-12-14 01:21:06,482 INFO     2 1
2024-12-14 01:21:06,488 INFO     5 2 1
2024-12-14 01:21:06,490 INFO     
2024-12-14 01:21:06,495 INFO     3 0 0
2024-12-14 01:21:06,500 INFO     1 2
2024-12-14 01:21:06,500 INFO     
2024-12-14 01:21:06,500 INFO     
2024-12-14 01:21:06,504 INFO     TRAINING EXAMPLE(S):
2024-12-14 01:21:06,504 INFO     0 0 1 0 1
2024-12-14 01:21:06,504 INFO     0 1 1 1 1
2024-12-14 01:21:06,505 INFO     0
2024-12-14 01:21:06,505 INFO     1 0 0
2024-12-14 01:21:06,531 INFO     SEQUENCES SAMPLED FROM TRAINED MODEL:
2024-12-14 01:21:06,535 INFO     0
2024-12-14 01:21:06,540 INFO     0
2024-12-14 01:21:06,544 INFO     9
2024-12-14 01:21:06,547 INFO     
2024-12-14 01:21:06,557 INFO     4 0 1
2024-12-14 01:21:06,557 INFO     
2024-12-14 01:21:06,557 INFO     
2024-12-14 01:21:06,565 INFO     TRAINING EXAMPLE(S):
2024-12-14 01:21:06,565 INFO     
2024-12-14 01:21:06,565 INFO     0
2024-12-14 01:21:06,565 INFO     0 0 0
2024-12-14 01:21:06,565 INFO     0 0
2024-12-14 01:21:06,566 INFO     
2024-12-14 01:21:06,566 INFO     
2024-12-14 01:21:06,595 INFO     SEQUENCES SAMPLED FROM TRAINED MODEL:
2024-12-14 01:21:06,599 INFO     5 0
2024-12-14 01:21:06,602 INFO     0
2024-12-14 01:21:06,605 INFO     1
2024-12-14 01:21:06,607 INFO     
2024-12-14 01:21:06,610 INFO     
2024-12-14 01:21:06,610 INFO     
2024-12-14 01:21:06,610 INFO     
2024-12-14 01:21:06,616 INFO     TRAINING EXAMPLE(S):
2024-12-14 01:21:06,616 INFO     
2024-12-14 01:21:06,616 INFO     
2024-12-14 01:21:06,616 INFO     
2024-12-14 01:21:06,616 INFO     
2024-12-14 01:21:06,617 INFO     
2024-12-14 01:21:06,617 INFO     
2024-12-14 01:21:06,617 INFO     
2024-12-14 01:21:06,617 INFO     
2024-12-14 01:21:06,617 INFO     
2024-12-14 01:21:06,617 INFO     
2024-12-14 01:21:06,641 INFO     SEQUENCES SAMPLED FROM TRAINED MODEL:
2024-12-14 01:21:06,642 INFO     
2024-12-14 01:21:06,644 INFO     
2024-12-14 01:21:06,645 INFO     
2024-12-14 01:21:06,647 INFO     
2024-12-14 01:21:06,648 INFO     
2024-12-14 01:21:06,648 INFO     
2024-12-14 01:21:06,648 INFO     
2024-12-14 01:21:06,655 INFO     TRAINING EXAMPLE(S):
2024-12-14 01:21:06,655 INFO     1 1 1 1 1 1 0 0 0 0 0 0
2024-12-14 01:21:06,655 INFO     1 1 0 0
2024-12-14 01:21:06,656 INFO     1 0
2024-12-14 01:21:06,656 INFO     1 0
2024-12-14 01:21:06,656 INFO     1 0
2024-12-14 01:21:06,656 INFO     1 1 1 1 1 1 1 1 0 0 0 0 0 0 0 0
2024-12-14 01:21:06,656 INFO     1 0
2024-12-14 01:21:06,656 INFO     1 0
2024-12-14 01:21:06,656 INFO     1 1 0 0
2024-12-14 01:21:06,656 INFO     1 1 0 0
2024-12-14 01:21:06,737 INFO     SEQUENCES SAMPLED FROM TRAINED MODEL:
2024-12-14 01:21:06,743 INFO     1 1 7
2024-12-14 01:21:06,753 INFO     1 0 1 0 1
2024-12-14 01:21:06,784 INFO     1 0 1 1 0 1 0 1 0 1 0 0 1 1
2024-12-14 01:21:06,787 INFO     0
2024-12-14 01:21:06,804 INFO     1 1 1 0 1 0 0
2024-12-14 01:21:06,805 INFO     
2024-12-14 01:21:06,805 INFO     
2024-12-14 01:21:06,810 INFO     TRAINING EXAMPLE(S):
2024-12-14 01:21:06,810 INFO     3
2024-12-14 01:21:06,810 INFO     3
2024-12-14 01:21:06,810 INFO     3
2024-12-14 01:21:06,810 INFO     3
2024-12-14 01:21:06,810 INFO     3
2024-12-14 01:21:06,811 INFO     3
2024-12-14 01:21:06,811 INFO     3
2024-12-14 01:21:06,831 INFO     SEQUENCES SAMPLED FROM TRAINED MODEL:
2024-12-14 01:21:06,836 INFO     3 3
2024-12-14 01:21:06,839 INFO     3
2024-12-14 01:21:06,842 INFO     
2024-12-14 01:21:06,845 INFO     3
2024-12-14 01:21:06,847 INFO     3
2024-12-14 01:21:06,848 INFO     
2024-12-14 01:21:06,848 INFO     
2024-12-14 01:21:06,852 INFO     TRAINING EXAMPLE(S):
2024-12-14 01:21:06,852 INFO     1 2 0 2 2 2 0 0 0
2024-12-14 01:21:06,853 INFO     1 0 0 2 2 0 0 0 0
2024-12-14 01:21:06,853 INFO     1 0 0 2 2 0 0 0 1
2024-12-14 01:21:06,876 INFO     SEQUENCES SAMPLED FROM TRAINED MODEL:
2024-12-14 01:21:06,887 INFO     0 3 1 1
2024-12-14 01:21:06,892 INFO     6 1
2024-12-14 01:21:06,922 INFO     8 2 0 0 0 0 1 0 8 0 0
2024-12-14 01:21:06,927 INFO     
2024-12-14 01:21:06,955 INFO     1 7 1 0 0 0 1 0 0 7 1 1
2024-12-14 01:21:06,955 INFO     
2024-12-14 01:21:06,955 INFO     
2024-12-14 01:21:06,961 INFO     TRAINING EXAMPLE(S):
2024-12-14 01:21:06,961 INFO     1
2024-12-14 01:21:06,961 INFO     1 1 3
2024-12-14 01:21:06,961 INFO     1 1 3
2024-12-14 01:21:06,961 INFO     1 1 3
2024-12-14 01:21:06,962 INFO     1 1 3
2024-12-14 01:21:06,962 INFO     1
2024-12-14 01:21:06,962 INFO     1
2024-12-14 01:21:06,962 INFO     1
2024-12-14 01:21:06,962 INFO     1 1 3
2024-12-14 01:21:06,995 INFO     SEQUENCES SAMPLED FROM TRAINED MODEL:
2024-12-14 01:21:06,998 INFO     1
2024-12-14 01:21:07,001 INFO     1
2024-12-14 01:21:07,006 INFO     1 1
2024-12-14 01:21:07,009 INFO     1
2024-12-14 01:21:07,013 INFO     1 3
2024-12-14 01:21:07,014 INFO     
2024-12-14 01:21:07,014 INFO     
2024-12-14 01:21:07,021 INFO     TRAINING EXAMPLE(S):
2024-12-14 01:21:07,021 INFO     3 3 3 3 3 3 3 3 3 3 3 3 3 3
2024-12-14 01:21:07,021 INFO     3 3 3 3 3 3 3 3 3 3 3 3 3 3 3 3 3 3 3 3 3 3 3 3 3 3 3 3 3 3 3 3
2024-12-14 01:21:07,022 INFO     3 3 3 3 3 3 3 3 3 3 3 3 3 3 3 3 3 3 3 3 3 3 3 3 3 3
2024-12-14 01:21:07,022 INFO     3 3 3 3 3 3 3 3 3 3 3 3 3 3 3 3
2024-12-14 01:21:07,022 INFO     3 3
2024-12-14 01:21:07,022 INFO     3 3 3 3 3 3
2024-12-14 01:21:07,022 INFO     3 3 3 3 3 3 3 3 3 3 3 3 3 3 3 3 3 3
2024-12-14 01:21:07,022 INFO     3 3 3 3 3 3 3 3 3 3 3 3
2024-12-14 01:21:07,022 INFO     3 3
2024-12-14 01:21:07,131 INFO     SEQUENCES SAMPLED FROM TRAINED MODEL:
2024-12-14 01:21:07,133 INFO     
2024-12-14 01:21:07,138 INFO     3 3 3
2024-12-14 01:21:07,143 INFO     1 3
2024-12-14 01:21:07,152 INFO     3 3 3 3 3
2024-12-14 01:21:07,154 INFO     
2024-12-14 01:21:07,154 INFO     
2024-12-14 01:21:07,154 INFO     
2024-12-14 01:21:07,161 INFO     TRAINING EXAMPLE(S):
2024-12-14 01:21:07,161 INFO     0
2024-12-14 01:21:07,162 INFO     0 0 0 0
2024-12-14 01:21:07,162 INFO     0
2024-12-14 01:21:07,162 INFO     0 0 0 0
2024-12-14 01:21:07,162 INFO     0
2024-12-14 01:21:07,162 INFO     0 0 0 0
2024-12-14 01:21:07,163 INFO     0 0
2024-12-14 01:21:07,163 INFO     0
2024-12-14 01:21:07,163 INFO     0
2024-12-14 01:21:07,163 INFO     0
2024-12-14 01:21:07,224 INFO     SEQUENCES SAMPLED FROM TRAINED MODEL:
2024-12-14 01:21:07,226 INFO     
2024-12-14 01:21:07,229 INFO     7
2024-12-14 01:21:07,230 INFO     
2024-12-14 01:21:07,232 INFO     
2024-12-14 01:21:07,235 INFO     0
2024-12-14 01:21:07,236 INFO     
2024-12-14 01:21:07,236 INFO     
2024-12-14 01:21:07,238 INFO     TRAINING EXAMPLE(S):
2024-12-14 01:21:07,239 INFO     1 2
2024-12-14 01:21:07,239 INFO     1 0
2024-12-14 01:21:07,247 INFO     SEQUENCES SAMPLED FROM TRAINED MODEL:
2024-12-14 01:21:07,252 INFO     0
2024-12-14 01:21:07,255 INFO     0
2024-12-14 01:21:07,262 INFO     1 2 1 1
2024-12-14 01:21:07,264 INFO     
2024-12-14 01:21:07,271 INFO     1 0 1
2024-12-14 01:21:07,271 INFO     
2024-12-14 01:21:07,272 INFO     
2024-12-14 01:21:07,277 INFO     TRAINING EXAMPLE(S):
2024-12-14 01:21:07,277 INFO     0 2 2 1 0 0
2024-12-14 01:21:07,277 INFO     0 1 2 1 2 0 0
2024-12-14 01:21:07,277 INFO     0 0 2 1 0 0
2024-12-14 01:21:07,277 INFO     0 0 2 2 1 2 0 0
2024-12-14 01:21:07,302 INFO     SEQUENCES SAMPLED FROM TRAINED MODEL:
2024-12-14 01:21:07,307 INFO     0 1
2024-12-14 01:21:07,318 INFO     0 1 8 0 2 4
2024-12-14 01:21:07,323 INFO     0
2024-12-14 01:21:07,330 INFO     2 0 1
2024-12-14 01:21:07,333 INFO     8
2024-12-14 01:21:07,334 INFO     
2024-12-14 01:21:07,334 INFO     
2024-12-14 01:21:07,338 INFO     TRAINING EXAMPLE(S):
2024-12-14 01:21:07,338 INFO     
2024-12-14 01:21:07,338 INFO     
2024-12-14 01:21:07,339 INFO     
2024-12-14 01:21:07,339 INFO     
2024-12-14 01:21:07,339 INFO     
2024-12-14 01:21:07,339 INFO     
2024-12-14 01:21:07,354 INFO     SEQUENCES SAMPLED FROM TRAINED MODEL:
2024-12-14 01:21:07,356 INFO     
2024-12-14 01:21:07,357 INFO     
2024-12-14 01:21:07,359 INFO     
2024-12-14 01:21:07,360 INFO     
2024-12-14 01:21:07,362 INFO     
2024-12-14 01:21:07,362 INFO     
2024-12-14 01:21:07,362 INFO     
