2024-12-14 00:53:21,082 INFO     Namespace(n_meta_train=50, n_meta_valid=20, n_meta_test=10, meta_train_batch_size=10, meta_eval_batch_size=10, max_batches_per_language=10, meta_train_size=10, meta_test_size=10, dataset='scfg', yandp_param_file=None, formal_train_size=100, formal_test_size=10, language_list='language_list', withheld_languages=None, architecture='LSTM', n_embd=32, n_positions=128, n_head=12, n_layer=2, dropout=0.1, n_epochs=1, eval_every=5, weight_decay=0.1, learning_rate=0.005, inner_lr=1.0, lr_scheduler_type='cosine', warmup_proportion=0.5, patience=None, lr_decay_patience=None, multi_step_loss=False, multi_step_loss_eval=False, pseudo=False, model_name='tmp_1_0', weight_dir='weights/', log_dir='logs/', eval=False, eval_formal=False, eval_valid=False, eval_generate=True, top_p=1.0, hot_temperature=1.0, cold_temperature=1.0, prec_rec_n_samples=10000, sgd_epochs=1, adam_lr=0.0005, adam_epochs=10, eval_suffix='', return_last=False)
2024-12-14 00:53:22,765 INFO     Model size: 0.0M parameters
2024-12-14 00:53:24,138 INFO     Validation loss: 1.065613329298661
2024-12-14 00:53:24,138 INFO     Validation perplexity: 2.9026186993192216
2024-12-14 00:53:24,138 INFO     Saving model checkpoint to weights/
2024-12-14 00:53:24,140 INFO     Training step 0 out of 50; Epoch 0; Learning rate: 0.0
2024-12-14 00:53:26,068 INFO     Validation loss: 1.0536192244555163
2024-12-14 00:53:26,068 INFO     Validation perplexity: 2.868012337354168
2024-12-14 00:53:26,068 INFO     Saving model checkpoint to weights/
2024-12-14 00:53:26,069 INFO     Training step 5 out of 50; Epoch 0; Learning rate: 0.001
2024-12-14 00:53:28,956 INFO     Validation loss: 1.0117465637999623
2024-12-14 00:53:28,957 INFO     Validation perplexity: 2.750400572505486
2024-12-14 00:53:28,957 INFO     Saving model checkpoint to weights/
2024-12-14 00:53:28,958 INFO     Training step 10 out of 50; Epoch 0; Learning rate: 0.002
2024-12-14 00:53:31,104 INFO     Validation loss: 0.9646595291468729
2024-12-14 00:53:31,104 INFO     Validation perplexity: 2.6238941448978537
2024-12-14 00:53:31,105 INFO     Saving model checkpoint to weights/
2024-12-14 00:53:31,106 INFO     Training step 15 out of 50; Epoch 0; Learning rate: 0.003
2024-12-14 00:53:34,469 INFO     Validation loss: 0.9472268296232143
2024-12-14 00:53:34,469 INFO     Validation perplexity: 2.5785489793675027
2024-12-14 00:53:34,469 INFO     Saving model checkpoint to weights/
2024-12-14 00:53:34,470 INFO     Training step 20 out of 50; Epoch 0; Learning rate: 0.004
2024-12-14 00:53:37,081 INFO     Validation loss: 0.9415198248525399
2024-12-14 00:53:37,081 INFO     Validation perplexity: 2.5638750998183455
2024-12-14 00:53:37,082 INFO     Saving model checkpoint to weights/
2024-12-14 00:53:37,083 INFO     Training step 25 out of 50; Epoch 0; Learning rate: 0.005
2024-12-14 00:53:39,526 INFO     Validation loss: 0.9316685558104426
2024-12-14 00:53:39,526 INFO     Validation perplexity: 2.5387416777321508
2024-12-14 00:53:39,526 INFO     Saving model checkpoint to weights/
2024-12-14 00:53:39,528 INFO     Training step 30 out of 50; Epoch 0; Learning rate: 0.0045225424859373685
2024-12-14 00:53:41,597 INFO     Validation loss: 0.964697564274299
2024-12-14 00:53:41,597 INFO     Validation perplexity: 2.6239939469439872
2024-12-14 00:53:41,597 INFO     Training step 35 out of 50; Epoch 0; Learning rate: 0.0032725424859373687
2024-12-14 00:53:43,403 INFO     Validation loss: 0.9470562740417482
2024-12-14 00:53:43,403 INFO     Validation perplexity: 2.5781092309488276
2024-12-14 00:53:43,403 INFO     Training step 40 out of 50; Epoch 0; Learning rate: 0.0017274575140626316
2024-12-14 00:53:46,376 INFO     Validation loss: 0.9354085444956485
2024-12-14 00:53:46,377 INFO     Validation perplexity: 2.548254320381283
2024-12-14 00:53:46,377 INFO     Training step 45 out of 50; Epoch 0; Learning rate: 0.00047745751406263163
2024-12-14 00:53:48,265 INFO     Loading model checkpoint from weights/tmp_1_0
2024-12-14 00:53:49,473 INFO     Validation loss: 0.9316685558104426
2024-12-14 00:53:49,473 INFO     Validation perplexity: 2.5387416777321508
2024-12-14 00:53:49,473 INFO     
2024-12-14 00:53:49,480 INFO     TRAINING EXAMPLE(S):
2024-12-14 00:53:49,480 INFO     1 1 1 3
2024-12-14 00:53:49,481 INFO     1 1 1 3 1 3
2024-12-14 00:53:49,481 INFO     1 3 1 3 1 3 1 3
2024-12-14 00:53:49,481 INFO     1 3 1 3
2024-12-14 00:53:49,481 INFO     1 1 1 3 1 3
2024-12-14 00:53:49,481 INFO     1 3 1 3 1 3 1 3
2024-12-14 00:53:49,548 INFO     SEQUENCES SAMPLED FROM TRAINED MODEL:
2024-12-14 00:53:49,551 INFO     
2024-12-14 00:53:49,556 INFO     4 1
2024-12-14 00:53:49,586 INFO     3 1 1 3 1 1 1 1 3 1 3 1 3 3
2024-12-14 00:53:49,588 INFO     
2024-12-14 00:53:49,608 INFO     1 3 1 1 1 3 1 3 3
2024-12-14 00:53:49,608 INFO     
2024-12-14 00:53:49,608 INFO     
2024-12-14 00:53:49,615 INFO     TRAINING EXAMPLE(S):
2024-12-14 00:53:49,616 INFO     9 0 2 4 2 1 3 4 5 5 9 0 4 2 0 9 5 0 3
2024-12-14 00:53:49,616 INFO     9 3 2 4 2 1 7 1 4 5 5 9 3 4 2 0 9 9 5 0 3
2024-12-14 00:53:49,616 INFO     9 6 2 4 2 1 7 1 4 5 9 9 6 4 2 0 9 9 5 0 3
2024-12-14 00:53:49,616 INFO     9 2 2 4 2 1 7 1 4 5 5 9 2 4 2 0 9 9 5 0 3
2024-12-14 00:53:49,616 INFO     9 3 2 4 2 1 7 4 5 5 9 3 4 2 0 9 9 0 3
2024-12-14 00:53:49,616 INFO     9 2 2 4 2 1 3 4 4 5 5 9 2 4 2 0 9 5 5 0 3
2024-12-14 00:53:49,685 INFO     SEQUENCES SAMPLED FROM TRAINED MODEL:
2024-12-14 00:53:49,794 INFO     0 3 3 2 3 5 4 4 9 4 2 2 2 4 4 4 9 6 5 8 9 2 7 7 3 3 9 4 8 1 1 1 2
2024-12-14 00:53:49,853 INFO     5 2 4 1 4 3 0 5 0 3 3 8 0 2 4 0 5 5 5 5 9
2024-12-14 00:53:49,893 INFO     0 4 9 2 5 4 4 2 9 4 0 5 4 5 4 2
2024-12-14 00:53:49,907 INFO     4 2 5 2 4 0 2
2024-12-14 00:53:49,954 INFO     5 3 5 2 3 3 2 2 4 2 4 2 5 0 9 5
2024-12-14 00:53:49,954 INFO     
2024-12-14 00:53:49,954 INFO     
2024-12-14 00:53:49,961 INFO     TRAINING EXAMPLE(S):
2024-12-14 00:53:49,961 INFO     0 1 0 0 0 0 0 0 0
2024-12-14 00:53:49,961 INFO     0 1 1 0 0 1 0 0 1
2024-12-14 00:53:49,962 INFO     0 1 1 0 0 1 0 0 1
2024-12-14 00:53:49,962 INFO     0 1 1 0 0 1 0 0 1
2024-12-14 00:53:49,962 INFO     0 1 0 0 0 0 0 0 0
2024-12-14 00:53:49,962 INFO     0 1 0 0 0 0 0 0 0
2024-12-14 00:53:49,962 INFO     0 1 0 0 0 0 0 0 0
2024-12-14 00:53:49,962 INFO     0 1 0 0 0 0 0 0 0
2024-12-14 00:53:49,962 INFO     0 1 0 0 0 0 0 0 0
2024-12-14 00:53:50,019 INFO     SEQUENCES SAMPLED FROM TRAINED MODEL:
2024-12-14 00:53:50,027 INFO     0 0 1 0
2024-12-14 00:53:50,028 INFO     
2024-12-14 00:53:50,053 INFO     1 0 1 1 0 0 1 0 1 1 0 1
2024-12-14 00:53:50,056 INFO     1
2024-12-14 00:53:50,074 INFO     5 0 1 1 2 0 1 1 1
2024-12-14 00:53:50,074 INFO     
2024-12-14 00:53:50,074 INFO     
2024-12-14 00:53:50,081 INFO     TRAINING EXAMPLE(S):
2024-12-14 00:53:50,082 INFO     1 1 2 2 1 2 0 0
2024-12-14 00:53:50,082 INFO     2 2 1 1
2024-12-14 00:53:50,082 INFO     2 1 2
2024-12-14 00:53:50,082 INFO     1 0
2024-12-14 00:53:50,082 INFO     1 1
2024-12-14 00:53:50,082 INFO     2 1 0
2024-12-14 00:53:50,082 INFO     2 2
2024-12-14 00:53:50,082 INFO     1 0 2
2024-12-14 00:53:50,083 INFO     2 1 2 0
2024-12-14 00:53:50,136 INFO     SEQUENCES SAMPLED FROM TRAINED MODEL:
2024-12-14 00:53:50,147 INFO     1 0 1 0 0 1
2024-12-14 00:53:50,161 INFO     7 1 1 0 2 1
2024-12-14 00:53:50,176 INFO     2 2 0 2 2 0 0 0
2024-12-14 00:53:50,192 INFO     1 0 2 1 2 1 1 0
2024-12-14 00:53:50,200 INFO     8 1 2 0
2024-12-14 00:53:50,200 INFO     
2024-12-14 00:53:50,200 INFO     
2024-12-14 00:53:50,205 INFO     TRAINING EXAMPLE(S):
2024-12-14 00:53:50,206 INFO     0 0
2024-12-14 00:53:50,206 INFO     1 1
2024-12-14 00:53:50,206 INFO     1 1
2024-12-14 00:53:50,206 INFO     1 1
2024-12-14 00:53:50,206 INFO     0 0
2024-12-14 00:53:50,206 INFO     1 1
2024-12-14 00:53:50,206 INFO     1 1
2024-12-14 00:53:50,206 INFO     1 1
2024-12-14 00:53:50,233 INFO     SEQUENCES SAMPLED FROM TRAINED MODEL:
2024-12-14 00:53:50,238 INFO     1 0
2024-12-14 00:53:50,242 INFO     1
2024-12-14 00:53:50,251 INFO     4 1 0 0 0
2024-12-14 00:53:50,261 INFO     0 1 1 0 0
2024-12-14 00:53:50,265 INFO     5 1
2024-12-14 00:53:50,266 INFO     
2024-12-14 00:53:50,266 INFO     
2024-12-14 00:53:50,270 INFO     TRAINING EXAMPLE(S):
2024-12-14 00:53:50,270 INFO     0
2024-12-14 00:53:50,271 INFO     0
2024-12-14 00:53:50,271 INFO     1
2024-12-14 00:53:50,271 INFO     0
2024-12-14 00:53:50,285 INFO     SEQUENCES SAMPLED FROM TRAINED MODEL:
2024-12-14 00:53:50,286 INFO     
2024-12-14 00:53:50,289 INFO     3
2024-12-14 00:53:50,291 INFO     
2024-12-14 00:53:50,292 INFO     
2024-12-14 00:53:50,297 INFO     0
2024-12-14 00:53:50,297 INFO     
2024-12-14 00:53:50,297 INFO     
2024-12-14 00:53:50,314 INFO     TRAINING EXAMPLE(S):
2024-12-14 00:53:50,315 INFO     0 0 0 0 0 0 0 0 0 0 0 0 0 0
2024-12-14 00:53:50,315 INFO     1 1 1 1 1 1 0 0 0 0 0 0 0 0 0 0
2024-12-14 00:53:50,315 INFO     0 1 1 0 0 0
2024-12-14 00:53:50,315 INFO     0 1 0 1 0 0 0 0 0 0
2024-12-14 00:53:50,315 INFO     0 0 1 0 0 0 0 0 0 0 0 0 0 0 0 0 0 0 0 0 0 0 0 0 0 0 0 0 0
2024-12-14 00:53:50,315 INFO     0 1 1 0 0 0 0 0 0 0 0 0 0 0 0 0 0 0 0 0 0 0 0 0 0 0 0 0 0 0 0 0 0 0
2024-12-14 00:53:50,316 INFO     1 0 0 0 0 0 0 0 0
2024-12-14 00:53:50,316 INFO     1 1 0 0 0 0 0 0 0 0
2024-12-14 00:53:50,316 INFO     1 0 1 0 1 0 0 0 0 0 0 0 0 0 0
2024-12-14 00:53:50,316 INFO     1 1 1 0 0 0
2024-12-14 00:53:50,655 INFO     SEQUENCES SAMPLED FROM TRAINED MODEL:
2024-12-14 00:53:50,657 INFO     
2024-12-14 00:53:50,670 INFO     1 1 0 0 0 0 0
2024-12-14 00:53:50,673 INFO     0
2024-12-14 00:53:50,726 INFO     0 0 0 0 0 0 0 0 0 0 0 0 0 0 0 0 0 0 0
2024-12-14 00:53:50,733 INFO     0 0
2024-12-14 00:53:50,734 INFO     
2024-12-14 00:53:50,734 INFO     
2024-12-14 00:53:50,738 INFO     TRAINING EXAMPLE(S):
2024-12-14 00:53:50,738 INFO     0 1
2024-12-14 00:53:50,739 INFO     3 1
2024-12-14 00:53:50,739 INFO     1 1
2024-12-14 00:53:50,739 INFO     2 3
2024-12-14 00:53:50,739 INFO     0 1
2024-12-14 00:53:50,757 INFO     SEQUENCES SAMPLED FROM TRAINED MODEL:
2024-12-14 00:53:50,760 INFO     9
2024-12-14 00:53:50,762 INFO     
2024-12-14 00:53:50,771 INFO     0 0 2 0
2024-12-14 00:53:50,774 INFO     0
2024-12-14 00:53:50,780 INFO     3 1 0
2024-12-14 00:53:50,780 INFO     
2024-12-14 00:53:50,780 INFO     
2024-12-14 00:53:50,785 INFO     TRAINING EXAMPLE(S):
2024-12-14 00:53:50,785 INFO     0 0 1 0 1
2024-12-14 00:53:50,785 INFO     0 1 1 1 1
2024-12-14 00:53:50,785 INFO     0
2024-12-14 00:53:50,785 INFO     1 0 0
2024-12-14 00:53:50,808 INFO     SEQUENCES SAMPLED FROM TRAINED MODEL:
2024-12-14 00:53:50,811 INFO     1
2024-12-14 00:53:50,814 INFO     0
2024-12-14 00:53:50,819 INFO     0 0
2024-12-14 00:53:50,832 INFO     0 0 0 2 0 0
2024-12-14 00:53:50,833 INFO     
2024-12-14 00:53:50,834 INFO     
2024-12-14 00:53:50,834 INFO     
2024-12-14 00:53:50,842 INFO     TRAINING EXAMPLE(S):
2024-12-14 00:53:50,842 INFO     
2024-12-14 00:53:50,842 INFO     0
2024-12-14 00:53:50,842 INFO     0 0 0
2024-12-14 00:53:50,842 INFO     0 0
2024-12-14 00:53:50,843 INFO     
2024-12-14 00:53:50,843 INFO     
2024-12-14 00:53:50,875 INFO     SEQUENCES SAMPLED FROM TRAINED MODEL:
2024-12-14 00:53:50,880 INFO     0 0
2024-12-14 00:53:50,883 INFO     0
2024-12-14 00:53:50,886 INFO     0
2024-12-14 00:53:50,887 INFO     
2024-12-14 00:53:50,893 INFO     0 1 0
2024-12-14 00:53:50,893 INFO     
2024-12-14 00:53:50,893 INFO     
2024-12-14 00:53:50,900 INFO     TRAINING EXAMPLE(S):
2024-12-14 00:53:50,900 INFO     
2024-12-14 00:53:50,900 INFO     
2024-12-14 00:53:50,900 INFO     
2024-12-14 00:53:50,901 INFO     
2024-12-14 00:53:50,901 INFO     
2024-12-14 00:53:50,901 INFO     
2024-12-14 00:53:50,901 INFO     
2024-12-14 00:53:50,901 INFO     
2024-12-14 00:53:50,901 INFO     
2024-12-14 00:53:50,901 INFO     
2024-12-14 00:53:50,926 INFO     SEQUENCES SAMPLED FROM TRAINED MODEL:
2024-12-14 00:53:50,927 INFO     
2024-12-14 00:53:50,929 INFO     
2024-12-14 00:53:50,930 INFO     
2024-12-14 00:53:50,932 INFO     
2024-12-14 00:53:50,933 INFO     
2024-12-14 00:53:50,934 INFO     
2024-12-14 00:53:50,934 INFO     
2024-12-14 00:53:50,941 INFO     TRAINING EXAMPLE(S):
2024-12-14 00:53:50,941 INFO     1 1 1 1 1 1 0 0 0 0 0 0
2024-12-14 00:53:50,941 INFO     1 1 0 0
2024-12-14 00:53:50,941 INFO     1 0
2024-12-14 00:53:50,941 INFO     1 0
2024-12-14 00:53:50,941 INFO     1 0
2024-12-14 00:53:50,942 INFO     1 1 1 1 1 1 1 1 0 0 0 0 0 0 0 0
2024-12-14 00:53:50,942 INFO     1 0
2024-12-14 00:53:50,942 INFO     1 0
2024-12-14 00:53:50,942 INFO     1 1 0 0
2024-12-14 00:53:50,942 INFO     1 1 0 0
2024-12-14 00:53:51,026 INFO     SEQUENCES SAMPLED FROM TRAINED MODEL:
2024-12-14 00:53:51,030 INFO     1 1
2024-12-14 00:53:51,040 INFO     0 0 1 1 1
2024-12-14 00:53:51,055 INFO     1 1 1 1 0 0 1 1
2024-12-14 00:53:51,062 INFO     1 1 0 1
2024-12-14 00:53:51,065 INFO     1
2024-12-14 00:53:51,066 INFO     
2024-12-14 00:53:51,066 INFO     
2024-12-14 00:53:51,070 INFO     TRAINING EXAMPLE(S):
2024-12-14 00:53:51,071 INFO     3
2024-12-14 00:53:51,071 INFO     3
2024-12-14 00:53:51,071 INFO     3
2024-12-14 00:53:51,071 INFO     3
2024-12-14 00:53:51,071 INFO     3
2024-12-14 00:53:51,072 INFO     3
2024-12-14 00:53:51,072 INFO     3
2024-12-14 00:53:51,093 INFO     SEQUENCES SAMPLED FROM TRAINED MODEL:
2024-12-14 00:53:51,096 INFO     3
2024-12-14 00:53:51,101 INFO     3 3
2024-12-14 00:53:51,102 INFO     
2024-12-14 00:53:51,105 INFO     3
2024-12-14 00:53:51,107 INFO     
2024-12-14 00:53:51,107 INFO     
2024-12-14 00:53:51,107 INFO     
2024-12-14 00:53:51,111 INFO     TRAINING EXAMPLE(S):
2024-12-14 00:53:51,111 INFO     1 2 0 2 2 2 0 0 0
2024-12-14 00:53:51,112 INFO     1 0 0 2 2 0 0 0 0
2024-12-14 00:53:51,112 INFO     1 0 0 2 2 0 0 0 1
2024-12-14 00:53:51,136 INFO     SEQUENCES SAMPLED FROM TRAINED MODEL:
2024-12-14 00:53:51,140 INFO     0 3
2024-12-14 00:53:51,148 INFO     2 2 0 0
2024-12-14 00:53:51,159 INFO     2 2 2 0 0 2
2024-12-14 00:53:51,218 INFO     2 2 7 0 0 2 0 0 3 0 2 0 1 0 0 0 2 0 0 2 5
2024-12-14 00:53:51,244 INFO     4 1 0 0 0 2 2 0 5 0 1 0
2024-12-14 00:53:51,245 INFO     
2024-12-14 00:53:51,245 INFO     
2024-12-14 00:53:51,251 INFO     TRAINING EXAMPLE(S):
2024-12-14 00:53:51,251 INFO     1
2024-12-14 00:53:51,252 INFO     1 1 3
2024-12-14 00:53:51,252 INFO     1 1 3
2024-12-14 00:53:51,252 INFO     1 1 3
2024-12-14 00:53:51,252 INFO     1 1 3
2024-12-14 00:53:51,252 INFO     1
2024-12-14 00:53:51,252 INFO     1
2024-12-14 00:53:51,252 INFO     1
2024-12-14 00:53:51,252 INFO     1 1 3
2024-12-14 00:53:51,289 INFO     SEQUENCES SAMPLED FROM TRAINED MODEL:
2024-12-14 00:53:51,293 INFO     6
2024-12-14 00:53:51,297 INFO     6
2024-12-14 00:53:51,305 INFO     1 1 1 5
2024-12-14 00:53:51,310 INFO     1 1
2024-12-14 00:53:51,316 INFO     3 1 3
2024-12-14 00:53:51,316 INFO     
2024-12-14 00:53:51,316 INFO     
2024-12-14 00:53:51,324 INFO     TRAINING EXAMPLE(S):
2024-12-14 00:53:51,324 INFO     3 3 3 3 3 3 3 3 3 3 3 3 3 3
2024-12-14 00:53:51,325 INFO     3 3 3 3 3 3 3 3 3 3 3 3 3 3 3 3 3 3 3 3 3 3 3 3 3 3 3 3 3 3 3 3
2024-12-14 00:53:51,325 INFO     3 3 3 3 3 3 3 3 3 3 3 3 3 3 3 3 3 3 3 3 3 3 3 3 3 3
2024-12-14 00:53:51,325 INFO     3 3 3 3 3 3 3 3 3 3 3 3 3 3 3 3
2024-12-14 00:53:51,325 INFO     3 3
2024-12-14 00:53:51,325 INFO     3 3 3 3 3 3
2024-12-14 00:53:51,325 INFO     3 3 3 3 3 3 3 3 3 3 3 3 3 3 3 3 3 3
2024-12-14 00:53:51,325 INFO     3 3 3 3 3 3 3 3 3 3 3 3
2024-12-14 00:53:51,325 INFO     3 3
2024-12-14 00:53:51,444 INFO     SEQUENCES SAMPLED FROM TRAINED MODEL:
2024-12-14 00:53:51,473 INFO     3 3 3 3 3 3 3 3 3 3 3 3 3
2024-12-14 00:53:51,492 INFO     3 3 3 3 3 3 3 3 3
2024-12-14 00:53:51,515 INFO     3 3 3 3 3 3 3 3 3 3 3
2024-12-14 00:53:51,533 INFO     3 3 3 3 3 3 3 3
2024-12-14 00:53:51,536 INFO     3
2024-12-14 00:53:51,536 INFO     
2024-12-14 00:53:51,536 INFO     
2024-12-14 00:53:51,544 INFO     TRAINING EXAMPLE(S):
2024-12-14 00:53:51,544 INFO     0
2024-12-14 00:53:51,544 INFO     0 0 0 0
2024-12-14 00:53:51,544 INFO     0
2024-12-14 00:53:51,544 INFO     0 0 0 0
2024-12-14 00:53:51,545 INFO     0
2024-12-14 00:53:51,545 INFO     0 0 0 0
2024-12-14 00:53:51,545 INFO     0 0
2024-12-14 00:53:51,545 INFO     0
2024-12-14 00:53:51,545 INFO     0
2024-12-14 00:53:51,545 INFO     0
2024-12-14 00:53:51,610 INFO     SEQUENCES SAMPLED FROM TRAINED MODEL:
2024-12-14 00:53:51,613 INFO     0
2024-12-14 00:53:51,614 INFO     
2024-12-14 00:53:51,617 INFO     0
2024-12-14 00:53:51,619 INFO     
2024-12-14 00:53:51,624 INFO     0 2
2024-12-14 00:53:51,624 INFO     
2024-12-14 00:53:51,624 INFO     
2024-12-14 00:53:51,628 INFO     TRAINING EXAMPLE(S):
2024-12-14 00:53:51,628 INFO     1 2
2024-12-14 00:53:51,628 INFO     1 0
2024-12-14 00:53:51,637 INFO     SEQUENCES SAMPLED FROM TRAINED MODEL:
2024-12-14 00:53:51,644 INFO     8 0 0
2024-12-14 00:53:51,647 INFO     1
2024-12-14 00:53:51,649 INFO     
2024-12-14 00:53:51,651 INFO     
2024-12-14 00:53:51,657 INFO     4 4 2
2024-12-14 00:53:51,658 INFO     
2024-12-14 00:53:51,658 INFO     
2024-12-14 00:53:51,663 INFO     TRAINING EXAMPLE(S):
2024-12-14 00:53:51,663 INFO     0 2 2 1 0 0
2024-12-14 00:53:51,663 INFO     0 1 2 1 2 0 0
2024-12-14 00:53:51,663 INFO     0 0 2 1 0 0
2024-12-14 00:53:51,663 INFO     0 0 2 2 1 2 0 0
2024-12-14 00:53:51,689 INFO     SEQUENCES SAMPLED FROM TRAINED MODEL:
2024-12-14 00:53:51,695 INFO     3 2 0
2024-12-14 00:53:51,728 INFO     6 2 8 0 0 1 0 2 2 0 2 0 0 0 1
2024-12-14 00:53:51,734 INFO     0 0 2
2024-12-14 00:53:51,750 INFO     7 2 0 0 0 0 0 2
2024-12-14 00:53:51,758 INFO     0 0 1 0
2024-12-14 00:53:51,758 INFO     
2024-12-14 00:53:51,758 INFO     
2024-12-14 00:53:51,762 INFO     TRAINING EXAMPLE(S):
2024-12-14 00:53:51,763 INFO     
2024-12-14 00:53:51,763 INFO     
2024-12-14 00:53:51,763 INFO     
2024-12-14 00:53:51,763 INFO     
2024-12-14 00:53:51,763 INFO     
2024-12-14 00:53:51,763 INFO     
2024-12-14 00:53:51,779 INFO     SEQUENCES SAMPLED FROM TRAINED MODEL:
2024-12-14 00:53:51,780 INFO     
2024-12-14 00:53:51,783 INFO     
2024-12-14 00:53:51,785 INFO     
2024-12-14 00:53:51,786 INFO     
2024-12-14 00:53:51,788 INFO     
2024-12-14 00:53:51,788 INFO     
2024-12-14 00:53:51,788 INFO     
